mode: set
github.com/Bilibotter/light-flow/flow/process_meta.go:28.38,30.2 1 1
github.com/Bilibotter/light-flow/flow/process_meta.go:32.35,34.10 2 1
github.com/Bilibotter/light-flow/flow/process_meta.go:34.10,35.57 1 0
github.com/Bilibotter/light-flow/flow/process_meta.go:39.37,40.20 1 1
github.com/Bilibotter/light-flow/flow/process_meta.go:40.20,44.33 4 1
github.com/Bilibotter/light-flow/flow/process_meta.go:44.33,45.22 1 1
github.com/Bilibotter/light-flow/flow/process_meta.go:48.4,48.36 1 1
github.com/Bilibotter/light-flow/flow/process_meta.go:45.22,47.5 1 1
github.com/Bilibotter/light-flow/flow/process_meta.go:48.36,50.5 1 1
github.com/Bilibotter/light-flow/flow/process_meta.go:55.43,56.40 1 1
github.com/Bilibotter/light-flow/flow/process_meta.go:56.40,57.39 1 1
github.com/Bilibotter/light-flow/flow/process_meta.go:57.39,59.4 1 1
github.com/Bilibotter/light-flow/flow/process_meta.go:65.43,67.11 2 1
github.com/Bilibotter/light-flow/flow/process_meta.go:70.2,71.53 2 1
github.com/Bilibotter/light-flow/flow/process_meta.go:92.2,92.44 1 1
github.com/Bilibotter/light-flow/flow/process_meta.go:67.11,68.66 1 0
github.com/Bilibotter/light-flow/flow/process_meta.go:71.53,72.52 1 1
github.com/Bilibotter/light-flow/flow/process_meta.go:79.3,80.41 2 1
github.com/Bilibotter/light-flow/flow/process_meta.go:83.3,86.25 4 1
github.com/Bilibotter/light-flow/flow/process_meta.go:72.52,74.26 2 1
github.com/Bilibotter/light-flow/flow/process_meta.go:77.4,77.12 1 1
github.com/Bilibotter/light-flow/flow/process_meta.go:74.26,76.5 1 1
github.com/Bilibotter/light-flow/flow/process_meta.go:80.41,82.4 1 1
github.com/Bilibotter/light-flow/flow/process_meta.go:86.25,88.4 1 1
github.com/Bilibotter/light-flow/flow/process_meta.go:92.44,97.3 4 1
github.com/Bilibotter/light-flow/flow/process_meta.go:100.51,103.35 2 1
github.com/Bilibotter/light-flow/flow/process_meta.go:111.2,112.31 1 1
github.com/Bilibotter/light-flow/flow/process_meta.go:114.2,115.37 2 1
github.com/Bilibotter/light-flow/flow/process_meta.go:119.2,119.44 1 1
github.com/Bilibotter/light-flow/flow/process_meta.go:123.2,123.33 1 1
github.com/Bilibotter/light-flow/flow/process_meta.go:139.2,141.27 3 1
github.com/Bilibotter/light-flow/flow/process_meta.go:103.35,104.44 1 0
github.com/Bilibotter/light-flow/flow/process_meta.go:107.3,107.25 1 0
github.com/Bilibotter/light-flow/flow/process_meta.go:104.44,105.12 1 0
github.com/Bilibotter/light-flow/flow/process_meta.go:112.31,112.51 1 1
github.com/Bilibotter/light-flow/flow/process_meta.go:115.37,117.3 1 1
github.com/Bilibotter/light-flow/flow/process_meta.go:119.44,121.3 1 0
github.com/Bilibotter/light-flow/flow/process_meta.go:123.33,124.29 1 1
github.com/Bilibotter/light-flow/flow/process_meta.go:127.3,128.64 2 1
github.com/Bilibotter/light-flow/flow/process_meta.go:132.3,132.36 1 1
github.com/Bilibotter/light-flow/flow/process_meta.go:136.3,136.50 1 1
github.com/Bilibotter/light-flow/flow/process_meta.go:124.29,125.12 1 1
github.com/Bilibotter/light-flow/flow/process_meta.go:128.64,130.31 1 1
github.com/Bilibotter/light-flow/flow/process_meta.go:132.36,135.4 2 1
github.com/Bilibotter/light-flow/flow/process_meta.go:144.59,145.39 1 1
github.com/Bilibotter/light-flow/flow/process_meta.go:145.39,146.35 1 1
github.com/Bilibotter/light-flow/flow/process_meta.go:146.35,149.4 2 1
github.com/Bilibotter/light-flow/flow/process_meta.go:153.88,155.2 1 1
github.com/Bilibotter/light-flow/flow/process_meta.go:157.89,159.35 2 1
github.com/Bilibotter/light-flow/flow/process_meta.go:164.2,164.21 1 1
github.com/Bilibotter/light-flow/flow/process_meta.go:167.2,167.33 1 0
github.com/Bilibotter/light-flow/flow/process_meta.go:159.35,160.30 1 1
github.com/Bilibotter/light-flow/flow/process_meta.go:160.30,162.4 1 1
github.com/Bilibotter/light-flow/flow/process_meta.go:164.21,166.3 1 1
github.com/Bilibotter/light-flow/flow/process_meta.go:170.105,171.30 1 1
github.com/Bilibotter/light-flow/flow/process_meta.go:174.2,177.31 2 1
github.com/Bilibotter/light-flow/flow/process_meta.go:186.2,186.41 1 1
github.com/Bilibotter/light-flow/flow/process_meta.go:196.2,205.13 8 1
github.com/Bilibotter/light-flow/flow/process_meta.go:171.30,172.21 1 0
github.com/Bilibotter/light-flow/flow/process_meta.go:177.31,180.13 3 1
github.com/Bilibotter/light-flow/flow/process_meta.go:183.3,183.46 1 1
github.com/Bilibotter/light-flow/flow/process_meta.go:180.13,181.79 1 0
github.com/Bilibotter/light-flow/flow/process_meta.go:186.41,187.33 1 1
github.com/Bilibotter/light-flow/flow/process_meta.go:191.3,193.13 3 1
github.com/Bilibotter/light-flow/flow/process_meta.go:187.33,189.37 1 0
github.com/Bilibotter/light-flow/flow/process_meta.go:208.54,209.22 1 1
github.com/Bilibotter/light-flow/flow/process_meta.go:212.2,220.36 4 1
github.com/Bilibotter/light-flow/flow/process_meta.go:209.22,210.89 1 0
github.com/Bilibotter/light-flow/flow/process_meta.go:223.50,225.32 2 1
github.com/Bilibotter/light-flow/flow/process_meta.go:228.2,228.46 1 1
github.com/Bilibotter/light-flow/flow/process_meta.go:231.2,231.14 1 1
github.com/Bilibotter/light-flow/flow/process_meta.go:225.32,227.3 1 1
github.com/Bilibotter/light-flow/flow/process_meta.go:228.46,230.3 1 1
github.com/Bilibotter/light-flow/flow/recover.go:146.13,158.2 7 1
github.com/Bilibotter/light-flow/flow/recover.go:160.56,162.2 1 1
github.com/Bilibotter/light-flow/flow/recover.go:164.56,166.2 1 1
github.com/Bilibotter/light-flow/flow/recover.go:168.23,170.2 1 1
github.com/Bilibotter/light-flow/flow/recover.go:172.82,174.2 1 1
github.com/Bilibotter/light-flow/flow/recover.go:176.49,179.2 2 1
github.com/Bilibotter/light-flow/flow/recover.go:181.35,183.2 1 1
github.com/Bilibotter/light-flow/flow/recover.go:185.28,188.29 3 1
github.com/Bilibotter/light-flow/flow/recover.go:191.2,191.17 1 1
github.com/Bilibotter/light-flow/flow/recover.go:188.29,189.61 1 0
github.com/Bilibotter/light-flow/flow/recover.go:194.67,197.15 3 1
github.com/Bilibotter/light-flow/flow/recover.go:212.2,213.23 2 1
github.com/Bilibotter/light-flow/flow/recover.go:217.2,218.23 2 1
github.com/Bilibotter/light-flow/flow/recover.go:222.2,223.9 2 1
github.com/Bilibotter/light-flow/flow/recover.go:228.2,230.58 3 1
github.com/Bilibotter/light-flow/flow/recover.go:233.2,233.53 1 1
github.com/Bilibotter/light-flow/flow/recover.go:236.2,237.23 2 1
github.com/Bilibotter/light-flow/flow/recover.go:241.2,243.20 3 1
github.com/Bilibotter/light-flow/flow/recover.go:247.2,248.139 2 1
github.com/Bilibotter/light-flow/flow/recover.go:254.2,254.8 1 1
github.com/Bilibotter/light-flow/flow/recover.go:197.15,198.31 1 1
github.com/Bilibotter/light-flow/flow/recover.go:204.3,204.24 1 1
github.com/Bilibotter/light-flow/flow/recover.go:208.3,208.19 1 1
github.com/Bilibotter/light-flow/flow/recover.go:198.31,203.4 4 1
github.com/Bilibotter/light-flow/flow/recover.go:204.24,207.4 2 1
github.com/Bilibotter/light-flow/flow/recover.go:208.19,210.4 1 1
github.com/Bilibotter/light-flow/flow/recover.go:213.23,216.3 2 1
github.com/Bilibotter/light-flow/flow/recover.go:218.23,221.3 2 1
github.com/Bilibotter/light-flow/flow/recover.go:223.9,227.3 3 0
github.com/Bilibotter/light-flow/flow/recover.go:230.58,232.3 1 1
github.com/Bilibotter/light-flow/flow/recover.go:233.53,235.3 1 0
github.com/Bilibotter/light-flow/flow/recover.go:237.23,240.3 2 1
github.com/Bilibotter/light-flow/flow/recover.go:243.20,246.3 2 1
github.com/Bilibotter/light-flow/flow/recover.go:248.139,249.17 1 0
github.com/Bilibotter/light-flow/flow/recover.go:252.3,252.50 1 0
github.com/Bilibotter/light-flow/flow/recover.go:249.17,251.4 1 0
github.com/Bilibotter/light-flow/flow/recover.go:257.36,259.2 1 1
github.com/Bilibotter/light-flow/flow/recover.go:261.74,264.43 2 1
github.com/Bilibotter/light-flow/flow/recover.go:267.2,267.45 1 1
github.com/Bilibotter/light-flow/flow/recover.go:273.2,274.41 2 1
github.com/Bilibotter/light-flow/flow/recover.go:289.2,289.41 1 1
github.com/Bilibotter/light-flow/flow/recover.go:313.2,313.12 1 1
github.com/Bilibotter/light-flow/flow/recover.go:264.43,266.3 1 1
github.com/Bilibotter/light-flow/flow/recover.go:267.45,269.38 2 1
github.com/Bilibotter/light-flow/flow/recover.go:269.38,271.4 1 1
github.com/Bilibotter/light-flow/flow/recover.go:274.41,275.44 1 1
github.com/Bilibotter/light-flow/flow/recover.go:278.3,282.44 5 1
github.com/Bilibotter/light-flow/flow/recover.go:287.3,287.38 1 1
github.com/Bilibotter/light-flow/flow/recover.go:275.44,276.12 1 1
github.com/Bilibotter/light-flow/flow/recover.go:282.44,283.62 1 1
github.com/Bilibotter/light-flow/flow/recover.go:283.62,285.5 1 1
github.com/Bilibotter/light-flow/flow/recover.go:289.41,290.41 1 1
github.com/Bilibotter/light-flow/flow/recover.go:293.3,296.10 3 1
github.com/Bilibotter/light-flow/flow/recover.go:303.3,304.12 2 1
github.com/Bilibotter/light-flow/flow/recover.go:310.3,311.35 2 1
github.com/Bilibotter/light-flow/flow/recover.go:290.41,291.12 1 1
github.com/Bilibotter/light-flow/flow/recover.go:296.10,301.4 4 0
github.com/Bilibotter/light-flow/flow/recover.go:304.12,309.4 4 0
github.com/Bilibotter/light-flow/flow/recover.go:316.79,318.41 2 1
github.com/Bilibotter/light-flow/flow/recover.go:323.2,323.15 1 1
github.com/Bilibotter/light-flow/flow/recover.go:329.2,329.41 1 1
github.com/Bilibotter/light-flow/flow/recover.go:347.2,347.8 1 1
github.com/Bilibotter/light-flow/flow/recover.go:318.41,319.44 1 1
github.com/Bilibotter/light-flow/flow/recover.go:319.44,321.4 1 1
github.com/Bilibotter/light-flow/flow/recover.go:323.15,324.31 1 1
github.com/Bilibotter/light-flow/flow/recover.go:324.31,327.4 2 0
github.com/Bilibotter/light-flow/flow/recover.go:329.41,330.32 1 1
github.com/Bilibotter/light-flow/flow/recover.go:343.3,343.17 1 1
github.com/Bilibotter/light-flow/flow/recover.go:331.18,332.45 1 1
github.com/Bilibotter/light-flow/flow/recover.go:333.21,335.41 2 1
github.com/Bilibotter/light-flow/flow/recover.go:336.18,339.41 3 1
github.com/Bilibotter/light-flow/flow/recover.go:340.11,341.63 1 0
github.com/Bilibotter/light-flow/flow/recover.go:343.17,345.4 1 1
github.com/Bilibotter/light-flow/flow/recover.go:350.27,351.26 1 1
github.com/Bilibotter/light-flow/flow/recover.go:352.25,353.17 1 1
github.com/Bilibotter/light-flow/flow/recover.go:354.24,355.22 1 1
github.com/Bilibotter/light-flow/flow/recover.go:356.10,357.9 1 1
github.com/Bilibotter/light-flow/flow/recover.go:361.39,362.19 1 1
github.com/Bilibotter/light-flow/flow/recover.go:362.19,363.23 1 1
github.com/Bilibotter/light-flow/flow/recover.go:363.23,364.28 1 1
github.com/Bilibotter/light-flow/flow/recover.go:367.4,368.31 2 1
github.com/Bilibotter/light-flow/flow/recover.go:364.28,365.13 1 1
github.com/Bilibotter/light-flow/flow/recover.go:368.31,370.5 1 1
github.com/Bilibotter/light-flow/flow/recover.go:375.49,376.25 1 1
github.com/Bilibotter/light-flow/flow/recover.go:376.25,377.29 1 1
github.com/Bilibotter/light-flow/flow/recover.go:377.29,379.31 2 1
github.com/Bilibotter/light-flow/flow/recover.go:379.31,381.5 1 1
github.com/Bilibotter/light-flow/flow/recover.go:387.29,388.26 1 1
github.com/Bilibotter/light-flow/flow/recover.go:389.25,390.19 1 1
github.com/Bilibotter/light-flow/flow/recover.go:391.24,392.24 1 1
github.com/Bilibotter/light-flow/flow/recover.go:393.10,394.9 1 1
github.com/Bilibotter/light-flow/flow/recover.go:398.41,399.19 1 1
github.com/Bilibotter/light-flow/flow/recover.go:399.19,400.23 1 1
github.com/Bilibotter/light-flow/flow/recover.go:400.23,401.28 1 1
github.com/Bilibotter/light-flow/flow/recover.go:404.4,404.56 1 1
github.com/Bilibotter/light-flow/flow/recover.go:401.28,402.13 1 1
github.com/Bilibotter/light-flow/flow/recover.go:404.56,408.5 3 1
github.com/Bilibotter/light-flow/flow/recover.go:413.51,414.25 1 1
github.com/Bilibotter/light-flow/flow/recover.go:414.25,415.29 1 1
github.com/Bilibotter/light-flow/flow/recover.go:415.29,417.11 2 1
github.com/Bilibotter/light-flow/flow/recover.go:420.4,422.39 3 1
github.com/Bilibotter/light-flow/flow/recover.go:417.11,418.13 1 1
github.com/Bilibotter/light-flow/flow/recover.go:427.48,432.42 5 1
github.com/Bilibotter/light-flow/flow/recover.go:435.2,435.39 1 1
github.com/Bilibotter/light-flow/flow/recover.go:438.2,438.25 1 1
github.com/Bilibotter/light-flow/flow/recover.go:441.2,441.25 1 1
github.com/Bilibotter/light-flow/flow/recover.go:432.42,434.3 1 1
github.com/Bilibotter/light-flow/flow/recover.go:435.39,437.3 1 0
github.com/Bilibotter/light-flow/flow/recover.go:438.25,440.3 1 0
github.com/Bilibotter/light-flow/flow/recover.go:444.60,445.25 1 1
github.com/Bilibotter/light-flow/flow/recover.go:450.2,452.16 3 1
github.com/Bilibotter/light-flow/flow/recover.go:455.2,457.43 3 1
github.com/Bilibotter/light-flow/flow/recover.go:460.2,461.20 2 1
github.com/Bilibotter/light-flow/flow/recover.go:445.25,448.3 2 0
github.com/Bilibotter/light-flow/flow/recover.go:452.16,454.3 1 1
github.com/Bilibotter/light-flow/flow/recover.go:457.43,459.3 1 0
github.com/Bilibotter/light-flow/flow/recover.go:464.56,465.20 1 1
github.com/Bilibotter/light-flow/flow/recover.go:468.2,468.36 1 1
github.com/Bilibotter/light-flow/flow/recover.go:471.2,471.41 1 1
github.com/Bilibotter/light-flow/flow/recover.go:474.2,474.19 1 1
github.com/Bilibotter/light-flow/flow/recover.go:465.20,467.3 1 1
github.com/Bilibotter/light-flow/flow/recover.go:468.36,470.3 1 1
github.com/Bilibotter/light-flow/flow/recover.go:471.41,473.3 1 1
github.com/Bilibotter/light-flow/flow/recover.go:477.56,478.20 1 1
github.com/Bilibotter/light-flow/flow/recover.go:481.2,482.36 2 1
github.com/Bilibotter/light-flow/flow/recover.go:485.2,485.42 1 1
github.com/Bilibotter/light-flow/flow/recover.go:488.2,488.19 1 0
github.com/Bilibotter/light-flow/flow/recover.go:478.20,480.3 1 1
github.com/Bilibotter/light-flow/flow/recover.go:482.36,484.3 1 1
github.com/Bilibotter/light-flow/flow/recover.go:485.42,487.3 1 1
github.com/Bilibotter/light-flow/flow/recover.go:491.45,493.2 1 1
github.com/Bilibotter/light-flow/flow/recover.go:495.47,497.2 1 1
github.com/Bilibotter/light-flow/flow/recover.go:499.43,501.2 1 1
github.com/Bilibotter/light-flow/flow/recover.go:503.42,505.2 1 1
github.com/Bilibotter/light-flow/flow/recover.go:507.56,509.2 1 1
github.com/Bilibotter/light-flow/flow/recover.go:511.46,513.2 1 1
github.com/Bilibotter/light-flow/flow/recover.go:515.84,519.16 4 1
github.com/Bilibotter/light-flow/flow/recover.go:523.2,525.55 3 1
github.com/Bilibotter/light-flow/flow/recover.go:529.2,532.59 3 1
github.com/Bilibotter/light-flow/flow/recover.go:519.16,521.3 1 0
github.com/Bilibotter/light-flow/flow/recover.go:525.55,527.3 1 0
github.com/Bilibotter/light-flow/flow/recover.go:535.85,537.16 2 1
github.com/Bilibotter/light-flow/flow/recover.go:540.2,542.16 3 1
github.com/Bilibotter/light-flow/flow/recover.go:546.2,546.42 1 1
github.com/Bilibotter/light-flow/flow/recover.go:550.2,556.37 5 1
github.com/Bilibotter/light-flow/flow/recover.go:537.16,539.3 1 0
github.com/Bilibotter/light-flow/flow/recover.go:542.16,544.3 1 0
github.com/Bilibotter/light-flow/flow/recover.go:546.42,548.3 1 0
github.com/Bilibotter/light-flow/flow/recover.go:559.45,561.2 1 1
github.com/Bilibotter/light-flow/flow/recover.go:563.47,565.2 1 1
github.com/Bilibotter/light-flow/flow/recover.go:567.46,569.2 1 1
github.com/Bilibotter/light-flow/flow/recover.go:571.52,573.2 1 1
github.com/Bilibotter/light-flow/flow/recover.go:575.50,577.2 1 1
github.com/Bilibotter/light-flow/flow/recover.go:579.47,581.2 1 1
github.com/Bilibotter/light-flow/flow/recover.go:583.52,585.2 1 1
github.com/Bilibotter/light-flow/flow/recover.go:587.47,589.2 1 1
github.com/Bilibotter/light-flow/flow/recover.go:591.54,593.2 1 1
github.com/Bilibotter/light-flow/flow/recover.go:595.58,597.32 2 1
github.com/Bilibotter/light-flow/flow/recover.go:607.2,607.32 1 1
github.com/Bilibotter/light-flow/flow/recover.go:614.2,615.16 2 1
github.com/Bilibotter/light-flow/flow/recover.go:620.2,620.8 1 1
github.com/Bilibotter/light-flow/flow/recover.go:597.32,600.17 2 1
github.com/Bilibotter/light-flow/flow/recover.go:600.17,605.4 4 1
github.com/Bilibotter/light-flow/flow/recover.go:607.32,608.52 1 1
github.com/Bilibotter/light-flow/flow/recover.go:608.52,609.15 1 1
github.com/Bilibotter/light-flow/flow/recover.go:609.15,611.5 1 1
github.com/Bilibotter/light-flow/flow/recover.go:615.16,619.3 3 1
github.com/Bilibotter/light-flow/flow/recover.go:623.51,625.2 1 1
github.com/Bilibotter/light-flow/flow/recover.go:627.45,629.2 1 1
github.com/Bilibotter/light-flow/flow/recover.go:631.47,633.2 1 1
github.com/Bilibotter/light-flow/flow/recover.go:635.46,637.2 1 1
github.com/Bilibotter/light-flow/flow/recover.go:639.52,641.2 1 1
github.com/Bilibotter/light-flow/flow/recover.go:643.50,645.2 1 1
github.com/Bilibotter/light-flow/flow/recover.go:647.47,649.2 1 1
github.com/Bilibotter/light-flow/flow/recover.go:651.52,653.2 1 1
github.com/Bilibotter/light-flow/flow/recover.go:655.47,657.2 1 1
github.com/Bilibotter/light-flow/flow/recover.go:659.54,661.2 1 1
github.com/Bilibotter/light-flow/flow/recover.go:663.58,665.29 2 1
github.com/Bilibotter/light-flow/flow/recover.go:683.2,684.16 2 1
github.com/Bilibotter/light-flow/flow/recover.go:689.2,689.8 1 1
github.com/Bilibotter/light-flow/flow/recover.go:665.29,666.61 1 1
github.com/Bilibotter/light-flow/flow/recover.go:666.61,668.46 1 1
github.com/Bilibotter/light-flow/flow/recover.go:673.4,674.18 2 1
github.com/Bilibotter/light-flow/flow/recover.go:680.4,680.44 1 1
github.com/Bilibotter/light-flow/flow/recover.go:668.46,669.16 1 1
github.com/Bilibotter/light-flow/flow/recover.go:669.16,670.14 1 1
github.com/Bilibotter/light-flow/flow/recover.go:674.18,679.5 4 1
github.com/Bilibotter/light-flow/flow/recover.go:684.16,688.3 3 1
github.com/Bilibotter/light-flow/flow/recover.go:692.51,694.2 1 1
github.com/Bilibotter/light-flow/flow/recover.go:696.45,698.2 1 1
github.com/Bilibotter/light-flow/flow/recover.go:700.47,702.2 1 1
github.com/Bilibotter/light-flow/flow/recover.go:704.46,706.2 1 1
github.com/Bilibotter/light-flow/flow/recover.go:708.52,710.2 1 1
github.com/Bilibotter/light-flow/flow/recover.go:712.50,714.2 1 1
github.com/Bilibotter/light-flow/flow/recover.go:716.47,718.2 1 1
github.com/Bilibotter/light-flow/flow/recover.go:720.52,722.2 1 1
github.com/Bilibotter/light-flow/flow/recover.go:724.47,726.2 1 1
github.com/Bilibotter/light-flow/flow/recover.go:728.54,730.2 1 1
github.com/Bilibotter/light-flow/flow/recover.go:732.58,734.2 1 1
github.com/Bilibotter/light-flow/flow/recover.go:736.51,738.2 1 1
github.com/Bilibotter/light-flow/flow/recover.go:740.64,742.16 2 1
github.com/Bilibotter/light-flow/flow/recover.go:748.2,749.26 2 1
github.com/Bilibotter/light-flow/flow/recover.go:759.2,759.31 1 1
github.com/Bilibotter/light-flow/flow/recover.go:764.2,767.12 4 1
github.com/Bilibotter/light-flow/flow/recover.go:742.16,747.3 4 0
github.com/Bilibotter/light-flow/flow/recover.go:749.26,752.17 3 1
github.com/Bilibotter/light-flow/flow/recover.go:752.17,757.4 4 0
github.com/Bilibotter/light-flow/flow/recover.go:759.31,760.39 1 1
github.com/Bilibotter/light-flow/flow/recover.go:760.39,762.4 1 1
github.com/Bilibotter/light-flow/flow/recover.go:770.38,771.15 1 1
github.com/Bilibotter/light-flow/flow/recover.go:777.2,780.39 4 1
github.com/Bilibotter/light-flow/flow/recover.go:791.2,791.41 1 1
github.com/Bilibotter/light-flow/flow/recover.go:798.2,804.79 2 1
github.com/Bilibotter/light-flow/flow/recover.go:771.15,772.31 1 1
github.com/Bilibotter/light-flow/flow/recover.go:772.31,775.4 2 1
github.com/Bilibotter/light-flow/flow/recover.go:780.39,781.20 1 1
github.com/Bilibotter/light-flow/flow/recover.go:784.3,784.38 1 1
github.com/Bilibotter/light-flow/flow/recover.go:789.3,789.71 1 1
github.com/Bilibotter/light-flow/flow/recover.go:781.20,782.12 1 1
github.com/Bilibotter/light-flow/flow/recover.go:784.38,785.26 1 1
github.com/Bilibotter/light-flow/flow/recover.go:785.26,787.5 1 1
github.com/Bilibotter/light-flow/flow/recover.go:791.41,794.72 3 1
github.com/Bilibotter/light-flow/flow/recover.go:794.72,796.4 1 1
github.com/Bilibotter/light-flow/flow/recover.go:804.79,809.3 4 1
github.com/Bilibotter/light-flow/flow/recover.go:812.72,815.16 3 1
github.com/Bilibotter/light-flow/flow/recover.go:821.2,821.54 1 1
github.com/Bilibotter/light-flow/flow/recover.go:824.2,824.26 1 1
github.com/Bilibotter/light-flow/flow/recover.go:849.2,849.12 1 1
github.com/Bilibotter/light-flow/flow/recover.go:815.16,820.3 4 1
github.com/Bilibotter/light-flow/flow/recover.go:821.54,823.3 1 0
github.com/Bilibotter/light-flow/flow/recover.go:824.26,827.43 3 1
github.com/Bilibotter/light-flow/flow/recover.go:847.3,847.26 1 1
github.com/Bilibotter/light-flow/flow/recover.go:827.43,832.56 2 1
github.com/Bilibotter/light-flow/flow/recover.go:835.4,836.18 2 1
github.com/Bilibotter/light-flow/flow/recover.go:842.4,843.22 2 1
github.com/Bilibotter/light-flow/flow/recover.go:832.56,834.5 1 1
github.com/Bilibotter/light-flow/flow/recover.go:836.18,841.5 4 0
github.com/Bilibotter/light-flow/flow/recover.go:843.22,845.5 1 1
github.com/Bilibotter/light-flow/flow/recover.go:852.66,855.2 2 1
github.com/Bilibotter/light-flow/flow/recover.go:857.75,859.18 2 1
github.com/Bilibotter/light-flow/flow/recover.go:862.2,863.31 2 1
github.com/Bilibotter/light-flow/flow/recover.go:866.2,867.9 2 1
github.com/Bilibotter/light-flow/flow/recover.go:870.2,871.26 2 1
github.com/Bilibotter/light-flow/flow/recover.go:879.2,880.21 2 1
github.com/Bilibotter/light-flow/flow/recover.go:883.2,883.12 1 1
github.com/Bilibotter/light-flow/flow/recover.go:859.18,861.3 1 1
github.com/Bilibotter/light-flow/flow/recover.go:863.31,865.3 1 0
github.com/Bilibotter/light-flow/flow/recover.go:867.9,869.3 1 0
github.com/Bilibotter/light-flow/flow/recover.go:871.26,878.3 1 1
github.com/Bilibotter/light-flow/flow/recover.go:880.21,882.3 1 1
github.com/Bilibotter/light-flow/flow/save.go:53.73,56.2 2 1
github.com/Bilibotter/light-flow/flow/save.go:58.73,61.2 2 1
github.com/Bilibotter/light-flow/flow/save.go:63.76,66.2 2 1
github.com/Bilibotter/light-flow/flow/save.go:68.76,71.2 2 1
github.com/Bilibotter/light-flow/flow/save.go:73.77,76.2 2 1
github.com/Bilibotter/light-flow/flow/save.go:78.77,81.2 2 1
github.com/Bilibotter/light-flow/flow/save.go:83.36,85.2 1 1
github.com/Bilibotter/light-flow/flow/save.go:87.36,89.2 1 1
github.com/Bilibotter/light-flow/flow/save.go:91.36,93.2 1 1
github.com/Bilibotter/light-flow/flow/save.go:95.67,96.21 1 1
github.com/Bilibotter/light-flow/flow/save.go:96.21,97.16 1 1
github.com/Bilibotter/light-flow/flow/save.go:104.3,104.25 1 1
github.com/Bilibotter/light-flow/flow/save.go:111.3,112.17 2 1
github.com/Bilibotter/light-flow/flow/save.go:97.16,98.32 1 1
github.com/Bilibotter/light-flow/flow/save.go:98.32,102.5 3 1
github.com/Bilibotter/light-flow/flow/save.go:104.25,107.27 2 1
github.com/Bilibotter/light-flow/flow/save.go:107.27,109.5 1 1
github.com/Bilibotter/light-flow/flow/save.go:112.17,116.4 3 1
github.com/Bilibotter/light-flow/flow/save.go:120.29,120.30 0 1
github.com/Bilibotter/light-flow/flow/save.go:122.32,122.33 0 1
github.com/Bilibotter/light-flow/flow/save.go:124.33,124.34 0 1
github.com/Bilibotter/light-flow/flow/step.go:49.47,52.2 2 1
github.com/Bilibotter/light-flow/flow/step.go:54.37,56.2 1 1
github.com/Bilibotter/light-flow/flow/step.go:58.88,59.21 1 1
github.com/Bilibotter/light-flow/flow/step.go:63.2,63.41 1 0
github.com/Bilibotter/light-flow/flow/step.go:59.21,62.3 1 1
github.com/Bilibotter/light-flow/flow/step.go:66.88,68.41 2 1
github.com/Bilibotter/light-flow/flow/step.go:71.2,71.21 1 1
github.com/Bilibotter/light-flow/flow/step.go:74.2,74.39 1 0
github.com/Bilibotter/light-flow/flow/step.go:68.41,70.3 1 1
github.com/Bilibotter/light-flow/flow/step.go:71.21,73.3 1 1
github.com/Bilibotter/light-flow/flow/step.go:77.57,78.26 1 1
github.com/Bilibotter/light-flow/flow/step.go:81.2,81.38 1 1
github.com/Bilibotter/light-flow/flow/step.go:88.2,88.22 1 1
github.com/Bilibotter/light-flow/flow/step.go:78.26,80.3 1 1
github.com/Bilibotter/light-flow/flow/step.go:81.38,83.13 2 1
github.com/Bilibotter/light-flow/flow/step.go:86.3,86.34 1 1
github.com/Bilibotter/light-flow/flow/step.go:83.13,84.68 1 0
github.com/Bilibotter/light-flow/flow/step.go:91.37,92.26 1 1
github.com/Bilibotter/light-flow/flow/step.go:96.2,96.38 1 1
github.com/Bilibotter/light-flow/flow/step.go:111.2,111.28 1 1
github.com/Bilibotter/light-flow/flow/step.go:115.2,115.28 1 1
github.com/Bilibotter/light-flow/flow/step.go:92.26,94.3 1 1
github.com/Bilibotter/light-flow/flow/step.go:96.38,97.79 1 1
github.com/Bilibotter/light-flow/flow/step.go:98.3,98.32 1 1
github.com/Bilibotter/light-flow/flow/step.go:101.3,102.32 2 1
github.com/Bilibotter/light-flow/flow/step.go:106.3,106.34 1 1
github.com/Bilibotter/light-flow/flow/step.go:97.79,97.101 1 1
github.com/Bilibotter/light-flow/flow/step.go:98.32,99.12 1 1
github.com/Bilibotter/light-flow/flow/step.go:102.32,105.4 2 1
github.com/Bilibotter/light-flow/flow/step.go:106.34,108.4 1 1
github.com/Bilibotter/light-flow/flow/step.go:111.28,113.3 1 1
github.com/Bilibotter/light-flow/flow/step.go:120.39,121.38 1 1
github.com/Bilibotter/light-flow/flow/step.go:121.38,123.32 2 1
github.com/Bilibotter/light-flow/flow/step.go:126.3,126.88 1 1
github.com/Bilibotter/light-flow/flow/step.go:123.32,124.12 1 1
github.com/Bilibotter/light-flow/flow/step.go:130.59,131.38 1 1
github.com/Bilibotter/light-flow/flow/step.go:140.2,140.14 1 1
github.com/Bilibotter/light-flow/flow/step.go:131.38,132.30 1 1
github.com/Bilibotter/light-flow/flow/step.go:135.3,135.37 1 1
github.com/Bilibotter/light-flow/flow/step.go:132.30,134.4 1 1
github.com/Bilibotter/light-flow/flow/step.go:135.37,137.4 1 1
github.com/Bilibotter/light-flow/flow/step.go:143.56,144.38 1 1
github.com/Bilibotter/light-flow/flow/step.go:153.2,153.14 1 1
github.com/Bilibotter/light-flow/flow/step.go:144.38,145.30 1 1
github.com/Bilibotter/light-flow/flow/step.go:148.3,148.34 1 1
github.com/Bilibotter/light-flow/flow/step.go:145.30,147.4 1 1
github.com/Bilibotter/light-flow/flow/step.go:148.34,150.4 1 0
github.com/Bilibotter/light-flow/flow/step.go:156.34,158.2 1 1
github.com/Bilibotter/light-flow/flow/step.go:160.34,162.2 1 1
github.com/Bilibotter/light-flow/flow/step.go:164.38,166.2 1 1
github.com/Bilibotter/light-flow/flow/step.go:168.40,170.2 1 1
github.com/Bilibotter/light-flow/flow/step.go:172.56,174.38 2 1
github.com/Bilibotter/light-flow/flow/step.go:177.2,177.10 1 1
github.com/Bilibotter/light-flow/flow/step.go:174.38,176.3 1 1
github.com/Bilibotter/light-flow/flow/step.go:180.41,182.2 1 1
github.com/Bilibotter/light-flow/flow/step.go:184.43,186.2 1 1
github.com/Bilibotter/light-flow/flow/step.go:188.45,190.2 1 1
github.com/Bilibotter/light-flow/flow/step.go:192.43,194.2 1 1
github.com/Bilibotter/light-flow/flow/step.go:196.47,197.23 1 0
github.com/Bilibotter/light-flow/flow/step.go:200.2,200.33 1 0
github.com/Bilibotter/light-flow/flow/step.go:197.23,199.3 1 0
github.com/Bilibotter/light-flow/flow/step.go:203.86,205.2 1 1
github.com/Bilibotter/light-flow/flow/step.go:207.73,209.2 1 1
github.com/Bilibotter/light-flow/flow/step.go:211.43,213.2 1 1
github.com/Bilibotter/light-flow/flow/step.go:215.41,217.2 1 1
github.com/Bilibotter/light-flow/flow/step.go:219.33,221.23 2 1
github.com/Bilibotter/light-flow/flow/step.go:221.23,224.3 2 1
github.com/Bilibotter/light-flow/flow/step.go:227.60,228.27 1 1
github.com/Bilibotter/light-flow/flow/step.go:232.2,232.118 1 1
github.com/Bilibotter/light-flow/flow/step.go:228.27,231.3 2 1
github.com/Bilibotter/light-flow/flow/logs.go:55.54,56.31 1 1
github.com/Bilibotter/light-flow/flow/logs.go:56.31,58.32 2 1
github.com/Bilibotter/light-flow/flow/logs.go:66.3,66.34 1 1
github.com/Bilibotter/light-flow/flow/logs.go:70.3,70.34 1 1
github.com/Bilibotter/light-flow/flow/logs.go:58.32,59.30 1 1
github.com/Bilibotter/light-flow/flow/logs.go:59.30,60.33 1 1
github.com/Bilibotter/light-flow/flow/logs.go:63.5,63.70 1 1
github.com/Bilibotter/light-flow/flow/logs.go:60.33,61.14 1 0
github.com/Bilibotter/light-flow/flow/logs.go:66.34,69.4 2 1
github.com/Bilibotter/light-flow/flow/logs.go:70.34,72.4 1 1
github.com/Bilibotter/light-flow/flow/logs.go:76.40,80.2 1 1
github.com/Bilibotter/light-flow/flow/logs.go:82.49,83.19 1 0
github.com/Bilibotter/light-flow/flow/logs.go:86.48,87.19 1 0
github.com/Bilibotter/light-flow/flow/logs.go:90.48,91.19 1 0
github.com/Bilibotter/light-flow/flow/logs.go:94.49,95.19 1 0
github.com/Bilibotter/light-flow/flow/logs.go:98.65,100.2 1 0
github.com/Bilibotter/light-flow/flow/logs.go:102.64,104.2 1 0
github.com/Bilibotter/light-flow/flow/logs.go:106.64,108.2 1 0
github.com/Bilibotter/light-flow/flow/logs.go:110.65,112.2 1 1
github.com/Bilibotter/light-flow/flow/config.go:44.40,51.2 1 1
github.com/Bilibotter/light-flow/flow/config.go:53.33,55.2 1 1
github.com/Bilibotter/light-flow/flow/config.go:57.31,59.2 1 1
github.com/Bilibotter/light-flow/flow/config.go:61.49,62.22 1 1
github.com/Bilibotter/light-flow/flow/config.go:65.2,66.10 2 1
github.com/Bilibotter/light-flow/flow/config.go:62.22,63.109 1 0
github.com/Bilibotter/light-flow/flow/config.go:69.50,72.2 2 1
github.com/Bilibotter/light-flow/flow/config.go:74.43,75.29 1 1
github.com/Bilibotter/light-flow/flow/config.go:78.2,78.42 1 0
github.com/Bilibotter/light-flow/flow/config.go:75.29,77.3 1 1
github.com/Bilibotter/light-flow/flow/config.go:81.79,84.2 2 1
github.com/Bilibotter/light-flow/flow/config.go:86.69,90.2 3 1
github.com/Bilibotter/light-flow/flow/config.go:92.50,96.2 3 1
github.com/Bilibotter/light-flow/flow/context.go:251.27,253.2 1 1
github.com/Bilibotter/light-flow/flow/context.go:255.35,258.2 2 1
github.com/Bilibotter/light-flow/flow/context.go:260.35,261.32 1 1
github.com/Bilibotter/light-flow/flow/context.go:262.35,263.28 1 1
github.com/Bilibotter/light-flow/flow/context.go:264.14,265.16 1 1
github.com/Bilibotter/light-flow/flow/context.go:266.10,267.67 1 0
github.com/Bilibotter/light-flow/flow/context.go:272.32,274.2 1 1
github.com/Bilibotter/light-flow/flow/context.go:277.31,279.2 1 1
github.com/Bilibotter/light-flow/flow/context.go:281.47,283.25 2 1
github.com/Bilibotter/light-flow/flow/context.go:287.2,287.30 1 1
github.com/Bilibotter/light-flow/flow/context.go:283.25,285.3 1 1
github.com/Bilibotter/light-flow/flow/context.go:291.39,292.16 1 0
github.com/Bilibotter/light-flow/flow/context.go:295.2,295.26 1 0
github.com/Bilibotter/light-flow/flow/context.go:292.16,294.3 1 0
github.com/Bilibotter/light-flow/flow/context.go:304.42,307.32 2 1
github.com/Bilibotter/light-flow/flow/context.go:312.2,312.23 1 1
github.com/Bilibotter/light-flow/flow/context.go:316.2,316.20 1 1
github.com/Bilibotter/light-flow/flow/context.go:320.2,320.30 1 1
github.com/Bilibotter/light-flow/flow/context.go:326.2,326.17 1 1
github.com/Bilibotter/light-flow/flow/context.go:307.32,308.18 1 1
github.com/Bilibotter/light-flow/flow/context.go:308.18,310.4 1 1
github.com/Bilibotter/light-flow/flow/context.go:312.23,314.3 1 1
github.com/Bilibotter/light-flow/flow/context.go:316.20,318.3 1 1
github.com/Bilibotter/light-flow/flow/context.go:320.30,321.18 1 1
github.com/Bilibotter/light-flow/flow/context.go:321.18,323.4 1 1
github.com/Bilibotter/light-flow/flow/context.go:333.46,334.51 1 1
github.com/Bilibotter/light-flow/flow/context.go:339.2,339.14 1 0
github.com/Bilibotter/light-flow/flow/context.go:334.51,335.40 1 1
github.com/Bilibotter/light-flow/flow/context.go:335.40,337.4 1 1
github.com/Bilibotter/light-flow/flow/context.go:342.57,344.2 1 1
github.com/Bilibotter/light-flow/flow/context.go:346.48,347.75 1 1
github.com/Bilibotter/light-flow/flow/context.go:352.2,352.8 1 1
github.com/Bilibotter/light-flow/flow/context.go:347.75,348.35 1 1
github.com/Bilibotter/light-flow/flow/context.go:348.35,350.4 1 1
github.com/Bilibotter/light-flow/flow/context.go:355.30,357.2 1 1
github.com/Bilibotter/light-flow/flow/context.go:359.42,361.2 1 1
github.com/Bilibotter/light-flow/flow/context.go:363.38,365.2 1 1
github.com/Bilibotter/light-flow/flow/context.go:367.66,370.2 2 1
github.com/Bilibotter/light-flow/flow/context.go:372.53,374.2 1 1
github.com/Bilibotter/light-flow/flow/context.go:376.61,380.2 3 1
github.com/Bilibotter/light-flow/flow/context.go:382.74,387.2 4 1
github.com/Bilibotter/light-flow/flow/context.go:389.70,390.45 1 1
github.com/Bilibotter/light-flow/flow/context.go:393.2,393.54 1 1
github.com/Bilibotter/light-flow/flow/context.go:396.2,396.21 1 1
github.com/Bilibotter/light-flow/flow/context.go:399.2,399.19 1 0
github.com/Bilibotter/light-flow/flow/context.go:390.45,392.3 1 0
github.com/Bilibotter/light-flow/flow/context.go:393.54,395.3 1 1
github.com/Bilibotter/light-flow/flow/context.go:396.21,398.3 1 1
github.com/Bilibotter/light-flow/flow/context.go:402.57,404.2 1 1
github.com/Bilibotter/light-flow/flow/context.go:406.78,408.2 1 1
github.com/Bilibotter/light-flow/flow/context.go:410.65,412.2 1 1
github.com/Bilibotter/light-flow/flow/context.go:414.67,418.11 4 1
github.com/Bilibotter/light-flow/flow/context.go:421.2,423.26 3 1
github.com/Bilibotter/light-flow/flow/context.go:434.2,434.10 1 1
github.com/Bilibotter/light-flow/flow/context.go:418.11,420.3 1 0
github.com/Bilibotter/light-flow/flow/context.go:423.26,424.80 1 1
github.com/Bilibotter/light-flow/flow/context.go:428.3,432.25 5 1
github.com/Bilibotter/light-flow/flow/context.go:424.80,426.12 2 1
github.com/Bilibotter/light-flow/flow/context.go:437.73,439.12 2 1
github.com/Bilibotter/light-flow/flow/context.go:442.2,443.35 2 1
github.com/Bilibotter/light-flow/flow/context.go:446.2,448.11 3 1
github.com/Bilibotter/light-flow/flow/context.go:451.2,451.25 1 1
github.com/Bilibotter/light-flow/flow/context.go:439.12,441.3 1 0
github.com/Bilibotter/light-flow/flow/context.go:443.35,445.3 1 1
github.com/Bilibotter/light-flow/flow/context.go:448.11,450.3 1 0
github.com/Bilibotter/light-flow/flow/context.go:454.63,458.2 3 1
github.com/Bilibotter/light-flow/flow/context.go:460.71,465.9 3 1
github.com/Bilibotter/light-flow/flow/context.go:468.2,469.9 2 1
github.com/Bilibotter/light-flow/flow/context.go:472.2,472.30 1 1
github.com/Bilibotter/light-flow/flow/context.go:465.9,467.3 1 0
github.com/Bilibotter/light-flow/flow/context.go:469.9,471.3 1 0
github.com/Bilibotter/light-flow/flow/context.go:475.70,477.42 2 1
github.com/Bilibotter/light-flow/flow/context.go:484.2,491.12 4 1
github.com/Bilibotter/light-flow/flow/context.go:477.42,479.9 2 1
github.com/Bilibotter/light-flow/flow/context.go:479.9,482.4 2 0
github.com/Bilibotter/light-flow/flow/context.go:494.90,498.9 4 1
github.com/Bilibotter/light-flow/flow/context.go:501.2,501.37 1 1
github.com/Bilibotter/light-flow/flow/context.go:498.9,499.57 1 0
github.com/Bilibotter/light-flow/flow/context.go:507.64,510.40 3 1
github.com/Bilibotter/light-flow/flow/context.go:515.2,515.19 1 1
github.com/Bilibotter/light-flow/flow/context.go:510.40,511.45 1 1
github.com/Bilibotter/light-flow/flow/context.go:511.45,513.4 1 1
github.com/Bilibotter/light-flow/flow/context.go:519.63,528.2 4 1
github.com/Bilibotter/light-flow/flow/context.go:530.74,534.12 4 1
github.com/Bilibotter/light-flow/flow/context.go:537.2,537.40 1 1
github.com/Bilibotter/light-flow/flow/context.go:534.12,536.3 1 1
github.com/Bilibotter/light-flow/flow/context.go:542.59,545.47 1 1
github.com/Bilibotter/light-flow/flow/context.go:548.2,548.19 1 1
github.com/Bilibotter/light-flow/flow/context.go:551.2,551.39 1 1
github.com/Bilibotter/light-flow/flow/context.go:545.47,547.3 1 1
github.com/Bilibotter/light-flow/flow/context.go:548.19,550.3 1 1
github.com/Bilibotter/light-flow/flow/context.go:554.48,555.27 1 1
github.com/Bilibotter/light-flow/flow/context.go:558.2,558.19 1 1
github.com/Bilibotter/light-flow/flow/context.go:561.2,561.28 1 1
github.com/Bilibotter/light-flow/flow/context.go:555.27,557.3 1 1
github.com/Bilibotter/light-flow/flow/context.go:558.19,560.3 1 1
github.com/Bilibotter/light-flow/flow/context.go:564.74,567.2 2 1
github.com/Bilibotter/light-flow/flow/context.go:569.44,570.35 1 1
github.com/Bilibotter/light-flow/flow/context.go:573.2,573.24 1 1
github.com/Bilibotter/light-flow/flow/context.go:570.35,572.3 1 1
github.com/Bilibotter/light-flow/flow/context.go:576.43,578.2 1 1
github.com/Bilibotter/light-flow/flow/context.go:580.76,583.2 2 1
github.com/Bilibotter/light-flow/flow/context.go:585.56,587.2 1 1
github.com/Bilibotter/light-flow/flow/resources.go:63.47,64.30 1 1
github.com/Bilibotter/light-flow/flow/resources.go:67.2,69.47 3 1
github.com/Bilibotter/light-flow/flow/resources.go:72.2,80.12 3 1
github.com/Bilibotter/light-flow/flow/resources.go:64.30,65.21 1 0
github.com/Bilibotter/light-flow/flow/resources.go:69.47,70.56 1 0
github.com/Bilibotter/light-flow/flow/resources.go:83.37,85.2 1 1
github.com/Bilibotter/light-flow/flow/resources.go:87.65,89.2 1 1
github.com/Bilibotter/light-flow/flow/resources.go:91.124,94.2 2 1
github.com/Bilibotter/light-flow/flow/resources.go:96.84,99.2 2 1
github.com/Bilibotter/light-flow/flow/resources.go:101.84,104.2 2 1
github.com/Bilibotter/light-flow/flow/resources.go:106.84,109.2 2 1
github.com/Bilibotter/light-flow/flow/resources.go:111.34,113.2 1 1
github.com/Bilibotter/light-flow/flow/resources.go:115.41,117.2 1 1
github.com/Bilibotter/light-flow/flow/resources.go:119.39,121.2 1 0
github.com/Bilibotter/light-flow/flow/resources.go:123.33,125.2 1 1
github.com/Bilibotter/light-flow/flow/resources.go:127.51,130.18 3 1
github.com/Bilibotter/light-flow/flow/resources.go:133.2,134.14 2 1
github.com/Bilibotter/light-flow/flow/resources.go:130.18,132.3 1 1
github.com/Bilibotter/light-flow/flow/resources.go:137.62,142.2 4 1
github.com/Bilibotter/light-flow/flow/resources.go:144.43,149.2 4 1
github.com/Bilibotter/light-flow/flow/resources.go:151.32,158.2 6 1
github.com/Bilibotter/light-flow/flow/workflow.go:39.13,40.29 1 1
github.com/Bilibotter/light-flow/flow/workflow.go:40.29,42.3 1 1
github.com/Bilibotter/light-flow/flow/workflow.go:45.43,47.2 1 0
github.com/Bilibotter/light-flow/flow/workflow.go:49.33,51.2 1 1
github.com/Bilibotter/light-flow/flow/workflow.go:53.42,54.30 1 1
github.com/Bilibotter/light-flow/flow/workflow.go:57.2,63.14 3 1
github.com/Bilibotter/light-flow/flow/workflow.go:54.30,55.21 1 0
github.com/Bilibotter/light-flow/flow/workflow.go:66.66,68.9 2 1
github.com/Bilibotter/light-flow/flow/workflow.go:71.2,73.13 3 1
github.com/Bilibotter/light-flow/flow/workflow.go:68.9,69.51 1 0
github.com/Bilibotter/light-flow/flow/workflow.go:76.67,78.9 2 1
github.com/Bilibotter/light-flow/flow/workflow.go:81.2,82.20 2 1
github.com/Bilibotter/light-flow/flow/workflow.go:78.9,79.51 1 0
github.com/Bilibotter/light-flow/flow/workflow.go:85.42,86.23 1 1
github.com/Bilibotter/light-flow/flow/workflow.go:90.2,91.10 2 1
github.com/Bilibotter/light-flow/flow/workflow.go:95.2,95.11 1 1
github.com/Bilibotter/light-flow/flow/workflow.go:86.23,87.47 1 0
github.com/Bilibotter/light-flow/flow/workflow.go:91.10,92.59 1 0
github.com/Bilibotter/light-flow/flow/workflow.go:98.35,100.2 1 1
github.com/Bilibotter/light-flow/flow/workflow.go:102.65,117.26 3 1
github.com/Bilibotter/light-flow/flow/workflow.go:121.2,121.43 1 1
github.com/Bilibotter/light-flow/flow/workflow.go:126.2,126.12 1 1
github.com/Bilibotter/light-flow/flow/workflow.go:117.26,119.3 1 1
github.com/Bilibotter/light-flow/flow/workflow.go:121.43,124.3 2 1
github.com/Bilibotter/light-flow/flow/workflow.go:129.55,130.30 1 1
github.com/Bilibotter/light-flow/flow/workflow.go:133.2,148.12 4 1
github.com/Bilibotter/light-flow/flow/workflow.go:130.30,131.21 1 0
github.com/Bilibotter/light-flow/flow/workflow.go:151.53,152.39 1 1
github.com/Bilibotter/light-flow/flow/workflow.go:157.2,157.24 1 1
github.com/Bilibotter/light-flow/flow/workflow.go:152.39,153.27 1 1
github.com/Bilibotter/light-flow/flow/workflow.go:153.27,155.4 1 1
github.com/Bilibotter/light-flow/flow/workflow.go:160.50,162.42 2 1
github.com/Bilibotter/light-flow/flow/workflow.go:165.2,165.12 1 1
github.com/Bilibotter/light-flow/flow/workflow.go:162.42,164.3 1 1
github.com/Bilibotter/light-flow/flow/workflow.go:168.64,170.8 2 1
github.com/Bilibotter/light-flow/flow/workflow.go:173.2,173.19 1 0
github.com/Bilibotter/light-flow/flow/workflow.go:170.8,172.3 1 1
github.com/Bilibotter/light-flow/flow/workflow.go:176.51,178.42 2 1
github.com/Bilibotter/light-flow/flow/workflow.go:183.2,183.12 1 1
github.com/Bilibotter/light-flow/flow/workflow.go:178.42,179.30 1 1
github.com/Bilibotter/light-flow/flow/workflow.go:179.30,181.4 1 1
github.com/Bilibotter/light-flow/flow/workflow.go:186.56,187.21 1 1
github.com/Bilibotter/light-flow/flow/workflow.go:190.2,190.27 1 1
github.com/Bilibotter/light-flow/flow/workflow.go:187.21,189.3 1 1
github.com/Bilibotter/light-flow/flow/workflow.go:193.32,195.2 1 1
github.com/Bilibotter/light-flow/flow/workflow.go:197.43,199.2 1 1
github.com/Bilibotter/light-flow/flow/workflow.go:201.41,203.2 1 1
github.com/Bilibotter/light-flow/flow/workflow.go:205.45,206.21 1 0
github.com/Bilibotter/light-flow/flow/workflow.go:209.2,209.29 1 0
github.com/Bilibotter/light-flow/flow/workflow.go:206.21,208.3 1 0
github.com/Bilibotter/light-flow/flow/workflow.go:212.67,231.46 3 1
github.com/Bilibotter/light-flow/flow/workflow.go:235.2,237.17 2 1
github.com/Bilibotter/light-flow/flow/workflow.go:231.46,234.3 2 1
github.com/Bilibotter/light-flow/flow/workflow.go:241.44,242.28 1 1
github.com/Bilibotter/light-flow/flow/workflow.go:247.2,250.28 3 1
github.com/Bilibotter/light-flow/flow/workflow.go:253.2,258.26 6 1
github.com/Bilibotter/light-flow/flow/workflow.go:262.2,264.42 3 1
github.com/Bilibotter/light-flow/flow/workflow.go:267.2,268.42 2 1
github.com/Bilibotter/light-flow/flow/workflow.go:274.2,274.21 1 1
github.com/Bilibotter/light-flow/flow/workflow.go:277.2,279.11 3 1
github.com/Bilibotter/light-flow/flow/workflow.go:242.28,244.3 1 1
github.com/Bilibotter/light-flow/flow/workflow.go:250.28,252.3 1 1
github.com/Bilibotter/light-flow/flow/workflow.go:258.26,261.3 2 1
github.com/Bilibotter/light-flow/flow/workflow.go:264.42,266.3 1 1
github.com/Bilibotter/light-flow/flow/workflow.go:268.42,269.24 1 1
github.com/Bilibotter/light-flow/flow/workflow.go:269.24,271.9 2 1
github.com/Bilibotter/light-flow/flow/workflow.go:274.21,276.3 1 1
github.com/Bilibotter/light-flow/flow/workflow.go:282.33,283.20 1 1
github.com/Bilibotter/light-flow/flow/workflow.go:283.20,286.3 2 1
github.com/Bilibotter/light-flow/flow/workflow.go:289.43,290.24 1 1
github.com/Bilibotter/light-flow/flow/workflow.go:295.2,295.25 1 1
github.com/Bilibotter/light-flow/flow/workflow.go:290.24,291.44 1 1
github.com/Bilibotter/light-flow/flow/workflow.go:291.44,293.4 1 1
github.com/Bilibotter/light-flow/flow/workflow.go:298.31,299.40 1 1
github.com/Bilibotter/light-flow/flow/workflow.go:302.2,302.26 1 1
github.com/Bilibotter/light-flow/flow/workflow.go:299.40,301.3 1 1
github.com/Bilibotter/light-flow/flow/workflow.go:305.43,307.42 2 1
github.com/Bilibotter/light-flow/flow/workflow.go:310.2,310.11 1 1
github.com/Bilibotter/light-flow/flow/workflow.go:307.42,309.3 1 1
github.com/Bilibotter/light-flow/flow/workflow.go:314.44,315.42 1 1
github.com/Bilibotter/light-flow/flow/workflow.go:318.2,318.11 1 1
github.com/Bilibotter/light-flow/flow/workflow.go:315.42,317.3 1 1
github.com/Bilibotter/light-flow/flow/workflow.go:322.42,323.42 1 1
github.com/Bilibotter/light-flow/flow/workflow.go:326.2,326.11 1 1
github.com/Bilibotter/light-flow/flow/workflow.go:323.42,325.3 1 1
github.com/Bilibotter/light-flow/flow/callback.go:106.37,108.2 1 1
github.com/Bilibotter/light-flow/flow/callback.go:110.29,112.2 1 1
github.com/Bilibotter/light-flow/flow/callback.go:114.82,122.2 2 1
github.com/Bilibotter/light-flow/flow/callback.go:124.51,135.2 10 1
github.com/Bilibotter/light-flow/flow/callback.go:137.51,154.2 16 1
github.com/Bilibotter/light-flow/flow/callback.go:156.49,157.40 1 1
github.com/Bilibotter/light-flow/flow/callback.go:160.2,160.25 1 1
github.com/Bilibotter/light-flow/flow/callback.go:157.40,158.49 1 0
github.com/Bilibotter/light-flow/flow/callback.go:163.117,165.2 1 1
github.com/Bilibotter/light-flow/flow/callback.go:167.116,169.2 1 1
github.com/Bilibotter/light-flow/flow/callback.go:171.81,172.14 1 1
github.com/Bilibotter/light-flow/flow/callback.go:178.2,178.8 1 0
github.com/Bilibotter/light-flow/flow/callback.go:173.15,174.38 1 1
github.com/Bilibotter/light-flow/flow/callback.go:175.14,176.37 1 1
github.com/Bilibotter/light-flow/flow/callback.go:181.118,183.2 1 1
github.com/Bilibotter/light-flow/flow/callback.go:185.117,187.2 1 1
github.com/Bilibotter/light-flow/flow/callback.go:189.49,191.2 1 1
github.com/Bilibotter/light-flow/flow/callback.go:193.80,194.14 1 1
github.com/Bilibotter/light-flow/flow/callback.go:200.2,200.8 1 0
github.com/Bilibotter/light-flow/flow/callback.go:195.15,196.38 1 1
github.com/Bilibotter/light-flow/flow/callback.go:197.14,198.37 1 1
github.com/Bilibotter/light-flow/flow/callback.go:203.109,205.2 1 1
github.com/Bilibotter/light-flow/flow/callback.go:207.108,209.2 1 1
github.com/Bilibotter/light-flow/flow/callback.go:211.77,212.14 1 1
github.com/Bilibotter/light-flow/flow/callback.go:218.2,218.8 1 0
github.com/Bilibotter/light-flow/flow/callback.go:213.15,214.38 1 1
github.com/Bilibotter/light-flow/flow/callback.go:215.14,216.37 1 1
github.com/Bilibotter/light-flow/flow/callback.go:221.100,222.45 1 1
github.com/Bilibotter/light-flow/flow/callback.go:225.2,226.10 2 1
github.com/Bilibotter/light-flow/flow/callback.go:229.2,229.40 1 1
github.com/Bilibotter/light-flow/flow/callback.go:222.45,223.69 1 1
github.com/Bilibotter/light-flow/flow/callback.go:226.10,228.3 1 1
github.com/Bilibotter/light-flow/flow/callback.go:232.61,234.27 2 1
github.com/Bilibotter/light-flow/flow/callback.go:237.2,238.29 2 1
github.com/Bilibotter/light-flow/flow/callback.go:251.2,251.15 1 1
github.com/Bilibotter/light-flow/flow/callback.go:289.2,289.55 1 1
github.com/Bilibotter/light-flow/flow/callback.go:308.2,308.8 1 1
github.com/Bilibotter/light-flow/flow/callback.go:234.27,236.3 1 1
github.com/Bilibotter/light-flow/flow/callback.go:238.29,240.16 2 1
github.com/Bilibotter/light-flow/flow/callback.go:247.3,247.78 1 1
github.com/Bilibotter/light-flow/flow/callback.go:240.16,241.31 1 1
github.com/Bilibotter/light-flow/flow/callback.go:244.4,244.20 1 1
github.com/Bilibotter/light-flow/flow/callback.go:241.31,243.5 1 1
github.com/Bilibotter/light-flow/flow/callback.go:247.78,249.4 1 1
github.com/Bilibotter/light-flow/flow/callback.go:251.15,253.15 2 1
github.com/Bilibotter/light-flow/flow/callback.go:266.3,266.14 1 1
github.com/Bilibotter/light-flow/flow/callback.go:269.3,270.19 2 1
github.com/Bilibotter/light-flow/flow/callback.go:273.3,273.31 1 1
github.com/Bilibotter/light-flow/flow/callback.go:276.3,278.65 2 1
github.com/Bilibotter/light-flow/flow/callback.go:281.3,286.39 2 1
github.com/Bilibotter/light-flow/flow/callback.go:253.15,258.28 4 1
github.com/Bilibotter/light-flow/flow/callback.go:261.4,262.54 2 1
github.com/Bilibotter/light-flow/flow/callback.go:258.28,260.5 1 1
github.com/Bilibotter/light-flow/flow/callback.go:262.54,264.5 1 1
github.com/Bilibotter/light-flow/flow/callback.go:266.14,268.4 1 1
github.com/Bilibotter/light-flow/flow/callback.go:270.19,272.4 1 1
github.com/Bilibotter/light-flow/flow/callback.go:273.31,275.4 1 1
github.com/Bilibotter/light-flow/flow/callback.go:278.65,280.4 1 1
github.com/Bilibotter/light-flow/flow/callback.go:289.55,292.27 2 1
github.com/Bilibotter/light-flow/flow/callback.go:295.3,295.17 1 1
github.com/Bilibotter/light-flow/flow/callback.go:306.3,306.8 1 1
github.com/Bilibotter/light-flow/flow/callback.go:292.27,293.12 1 1
github.com/Bilibotter/light-flow/flow/callback.go:295.17,299.27 4 1
github.com/Bilibotter/light-flow/flow/callback.go:299.27,301.55 2 1
github.com/Bilibotter/light-flow/flow/callback.go:301.55,303.6 1 1
github.com/Bilibotter/light-flow/flow/callback.go:311.74,313.47 2 1
github.com/Bilibotter/light-flow/flow/callback.go:320.2,320.17 1 1
github.com/Bilibotter/light-flow/flow/callback.go:323.2,323.8 1 1
github.com/Bilibotter/light-flow/flow/callback.go:313.47,315.3 1 1
github.com/Bilibotter/light-flow/flow/callback.go:315.8,315.54 1 1
github.com/Bilibotter/light-flow/flow/callback.go:315.54,317.3 1 1
github.com/Bilibotter/light-flow/flow/callback.go:317.8,317.54 1 1
github.com/Bilibotter/light-flow/flow/callback.go:317.54,319.3 1 1
github.com/Bilibotter/light-flow/flow/callback.go:320.17,322.3 1 1
github.com/Bilibotter/light-flow/flow/callback.go:326.73,328.65 1 1
github.com/Bilibotter/light-flow/flow/callback.go:332.2,332.47 1 1
github.com/Bilibotter/light-flow/flow/callback.go:328.65,331.3 2 1
github.com/Bilibotter/light-flow/flow/callback.go:332.47,334.3 1 1
github.com/Bilibotter/light-flow/flow/callback.go:334.8,334.54 1 1
github.com/Bilibotter/light-flow/flow/callback.go:334.54,336.3 1 1
github.com/Bilibotter/light-flow/flow/callback.go:336.8,336.54 1 1
github.com/Bilibotter/light-flow/flow/callback.go:336.54,338.3 1 1
github.com/Bilibotter/light-flow/flow/callback.go:341.56,342.25 1 1
github.com/Bilibotter/light-flow/flow/callback.go:345.2,345.17 1 1
github.com/Bilibotter/light-flow/flow/callback.go:342.25,344.3 1 1
github.com/Bilibotter/light-flow/flow/callback.go:348.42,350.21 2 1
github.com/Bilibotter/light-flow/flow/callback.go:360.2,360.18 1 1
github.com/Bilibotter/light-flow/flow/callback.go:351.20,352.31 1 1
github.com/Bilibotter/light-flow/flow/callback.go:353.17,354.28 1 1
github.com/Bilibotter/light-flow/flow/callback.go:355.17,356.28 1 1
github.com/Bilibotter/light-flow/flow/callback.go:357.10,358.54 1 0
github.com/Bilibotter/light-flow/flow/callback.go:360.18,362.3 1 1
github.com/Bilibotter/light-flow/flow/callback.go:362.8,364.3 1 1
github.com/Bilibotter/light-flow/flow/callback.go:367.63,369.37 2 1
github.com/Bilibotter/light-flow/flow/callback.go:375.2,376.12 2 1
github.com/Bilibotter/light-flow/flow/callback.go:369.37,370.19 1 1
github.com/Bilibotter/light-flow/flow/callback.go:373.3,373.22 1 1
github.com/Bilibotter/light-flow/flow/callback.go:370.19,372.4 1 1
github.com/Bilibotter/light-flow/flow/callback.go:379.60,380.60 1 1
github.com/Bilibotter/light-flow/flow/callback.go:381.2,382.37 2 1
github.com/Bilibotter/light-flow/flow/callback.go:389.2,390.12 2 1
github.com/Bilibotter/light-flow/flow/callback.go:380.60,380.76 1 1
github.com/Bilibotter/light-flow/flow/callback.go:382.37,383.33 1 1
github.com/Bilibotter/light-flow/flow/callback.go:386.3,386.22 1 1
github.com/Bilibotter/light-flow/flow/callback.go:383.33,385.4 1 1
github.com/Bilibotter/light-flow/flow/callback.go:393.61,394.60 1 1
github.com/Bilibotter/light-flow/flow/callback.go:395.2,396.37 2 1
github.com/Bilibotter/light-flow/flow/callback.go:403.2,404.12 2 1
github.com/Bilibotter/light-flow/flow/callback.go:394.60,394.76 1 1
github.com/Bilibotter/light-flow/flow/callback.go:396.37,397.34 1 1
github.com/Bilibotter/light-flow/flow/callback.go:400.3,400.22 1 1
github.com/Bilibotter/light-flow/flow/callback.go:397.34,399.4 1 1
github.com/Bilibotter/light-flow/flow/callback.go:407.65,409.37 2 1
github.com/Bilibotter/light-flow/flow/callback.go:417.2,418.12 2 1
github.com/Bilibotter/light-flow/flow/callback.go:409.37,410.32 1 1
github.com/Bilibotter/light-flow/flow/callback.go:415.3,415.19 1 1
github.com/Bilibotter/light-flow/flow/callback.go:410.32,411.26 1 1
github.com/Bilibotter/light-flow/flow/callback.go:411.26,413.5 1 1
github.com/Bilibotter/light-flow/flow/callback.go:421.68,423.37 2 1
github.com/Bilibotter/light-flow/flow/callback.go:431.2,432.12 2 1
github.com/Bilibotter/light-flow/flow/callback.go:423.37,424.32 1 1
github.com/Bilibotter/light-flow/flow/callback.go:429.3,429.22 1 1
github.com/Bilibotter/light-flow/flow/callback.go:424.32,425.26 1 1
github.com/Bilibotter/light-flow/flow/callback.go:425.26,427.5 1 1
github.com/Bilibotter/light-flow/flow/event.go:107.37,109.2 1 1
github.com/Bilibotter/light-flow/flow/event.go:111.77,116.2 4 1
github.com/Bilibotter/light-flow/flow/event.go:118.92,124.2 5 1
github.com/Bilibotter/light-flow/flow/event.go:126.64,134.29 2 1
github.com/Bilibotter/light-flow/flow/event.go:142.2,142.14 1 1
github.com/Bilibotter/light-flow/flow/event.go:135.16,136.31 1 1
github.com/Bilibotter/light-flow/flow/event.go:137.19,138.31 1 1
github.com/Bilibotter/light-flow/flow/event.go:139.16,140.31 1 1
github.com/Bilibotter/light-flow/flow/event.go:145.42,159.2 1 1
github.com/Bilibotter/light-flow/flow/event.go:161.50,163.9 2 1
github.com/Bilibotter/light-flow/flow/event.go:171.2,171.26 1 1
github.com/Bilibotter/light-flow/flow/event.go:174.2,174.35 1 1
github.com/Bilibotter/light-flow/flow/event.go:164.28,165.65 1 1
github.com/Bilibotter/light-flow/flow/event.go:168.3,168.9 1 1
github.com/Bilibotter/light-flow/flow/event.go:169.10,169.10 0 1
github.com/Bilibotter/light-flow/flow/event.go:165.65,167.4 1 1
github.com/Bilibotter/light-flow/flow/event.go:171.26,173.3 1 1
github.com/Bilibotter/light-flow/flow/event.go:177.36,181.2 3 1
github.com/Bilibotter/light-flow/flow/event.go:183.43,195.2 6 1
github.com/Bilibotter/light-flow/flow/event.go:197.35,199.2 1 1
github.com/Bilibotter/light-flow/flow/event.go:201.61,203.20 2 1
github.com/Bilibotter/light-flow/flow/event.go:209.2,209.14 1 1
github.com/Bilibotter/light-flow/flow/event.go:203.20,208.3 4 1
github.com/Bilibotter/light-flow/flow/event.go:212.60,213.56 1 1
github.com/Bilibotter/light-flow/flow/event.go:230.2,230.43 1 1
github.com/Bilibotter/light-flow/flow/event.go:238.2,240.38 3 1
github.com/Bilibotter/light-flow/flow/event.go:247.2,247.12 1 0
github.com/Bilibotter/light-flow/flow/event.go:213.56,219.41 5 1
github.com/Bilibotter/light-flow/flow/event.go:227.3,228.13 2 1
github.com/Bilibotter/light-flow/flow/event.go:219.41,221.119 2 1
github.com/Bilibotter/light-flow/flow/event.go:221.119,225.5 3 1
github.com/Bilibotter/light-flow/flow/event.go:230.43,237.3 6 1
github.com/Bilibotter/light-flow/flow/event.go:240.38,242.70 1 1
github.com/Bilibotter/light-flow/flow/event.go:242.70,245.4 2 1
github.com/Bilibotter/light-flow/flow/event.go:250.50,251.17 1 1
github.com/Bilibotter/light-flow/flow/event.go:254.2,255.6 2 1
github.com/Bilibotter/light-flow/flow/event.go:251.17,253.3 1 1
github.com/Bilibotter/light-flow/flow/event.go:255.6,256.10 1 1
github.com/Bilibotter/light-flow/flow/event.go:268.3,268.44 1 1
github.com/Bilibotter/light-flow/flow/event.go:271.3,271.69 1 1
github.com/Bilibotter/light-flow/flow/event.go:257.31,258.33 1 1
github.com/Bilibotter/light-flow/flow/event.go:259.18,261.10 2 1
github.com/Bilibotter/light-flow/flow/event.go:262.11,263.26 1 1
github.com/Bilibotter/light-flow/flow/event.go:263.26,265.5 1 1
github.com/Bilibotter/light-flow/flow/event.go:268.44,270.4 1 0
github.com/Bilibotter/light-flow/flow/event.go:275.50,277.65 1 1
github.com/Bilibotter/light-flow/flow/event.go:280.2,281.9 2 1
github.com/Bilibotter/light-flow/flow/event.go:291.2,293.50 2 1
github.com/Bilibotter/light-flow/flow/event.go:306.2,307.14 2 0
github.com/Bilibotter/light-flow/flow/event.go:277.65,279.3 1 1
github.com/Bilibotter/light-flow/flow/event.go:282.30,285.15 3 1
github.com/Bilibotter/light-flow/flow/event.go:286.17,288.14 2 1
github.com/Bilibotter/light-flow/flow/event.go:289.17,289.17 0 1
github.com/Bilibotter/light-flow/flow/event.go:293.50,294.80 1 1
github.com/Bilibotter/light-flow/flow/event.go:294.80,297.20 3 1
github.com/Bilibotter/light-flow/flow/event.go:301.4,303.16 3 1
github.com/Bilibotter/light-flow/flow/event.go:297.20,299.5 1 1
github.com/Bilibotter/light-flow/flow/event.go:310.117,311.24 1 1
github.com/Bilibotter/light-flow/flow/event.go:314.2,315.10 2 1
github.com/Bilibotter/light-flow/flow/event.go:311.24,312.31 1 0
github.com/Bilibotter/light-flow/flow/event.go:318.118,319.24 1 1
github.com/Bilibotter/light-flow/flow/event.go:322.2,323.10 2 1
github.com/Bilibotter/light-flow/flow/event.go:319.24,320.31 1 0
github.com/Bilibotter/light-flow/flow/event.go:326.76,327.31 1 1
github.com/Bilibotter/light-flow/flow/event.go:330.2,330.10 1 1
github.com/Bilibotter/light-flow/flow/event.go:327.31,329.3 1 1
github.com/Bilibotter/light-flow/flow/event.go:333.66,334.19 1 1
github.com/Bilibotter/light-flow/flow/event.go:337.2,338.10 2 1
github.com/Bilibotter/light-flow/flow/event.go:334.19,335.47 1 0
github.com/Bilibotter/light-flow/flow/event.go:341.63,344.2 2 1
github.com/Bilibotter/light-flow/flow/event.go:346.68,349.2 2 1
github.com/Bilibotter/light-flow/flow/event.go:351.35,355.2 3 1
github.com/Bilibotter/light-flow/flow/event.go:357.51,358.15 1 1
github.com/Bilibotter/light-flow/flow/event.go:363.2,363.29 1 1
github.com/Bilibotter/light-flow/flow/event.go:366.2,366.52 1 1
github.com/Bilibotter/light-flow/flow/event.go:358.15,359.31 1 1
github.com/Bilibotter/light-flow/flow/event.go:359.31,361.4 1 1
github.com/Bilibotter/light-flow/flow/event.go:363.29,365.3 1 1
github.com/Bilibotter/light-flow/flow/event.go:366.52,367.22 1 1
github.com/Bilibotter/light-flow/flow/event.go:367.22,369.4 1 0
github.com/Bilibotter/light-flow/flow/event.go:373.52,374.15 1 1
github.com/Bilibotter/light-flow/flow/event.go:379.2,379.52 1 1
github.com/Bilibotter/light-flow/flow/event.go:374.15,375.31 1 1
github.com/Bilibotter/light-flow/flow/event.go:375.31,377.4 1 1
github.com/Bilibotter/light-flow/flow/event.go:379.52,380.22 1 1
github.com/Bilibotter/light-flow/flow/event.go:380.22,382.4 1 0
github.com/Bilibotter/light-flow/flow/event.go:386.36,387.20 1 1
github.com/Bilibotter/light-flow/flow/event.go:390.2,390.11 1 0
github.com/Bilibotter/light-flow/flow/event.go:387.20,389.3 1 1
github.com/Bilibotter/light-flow/flow/event.go:393.33,395.2 1 1
github.com/Bilibotter/light-flow/flow/event.go:397.41,399.2 1 1
github.com/Bilibotter/light-flow/flow/event.go:401.38,403.2 1 1
github.com/Bilibotter/light-flow/flow/event.go:405.40,407.2 1 1
github.com/Bilibotter/light-flow/flow/event.go:409.40,411.2 1 1
github.com/Bilibotter/light-flow/flow/event.go:413.40,415.2 1 1
github.com/Bilibotter/light-flow/flow/event.go:417.43,419.2 1 1
github.com/Bilibotter/light-flow/flow/event.go:421.52,423.2 1 1
github.com/Bilibotter/light-flow/flow/event.go:425.48,427.2 1 1
github.com/Bilibotter/light-flow/flow/event.go:429.37,430.24 1 1
github.com/Bilibotter/light-flow/flow/event.go:431.16,432.33 1 0
github.com/Bilibotter/light-flow/flow/event.go:433.19,434.40 1 0
github.com/Bilibotter/light-flow/flow/event.go:435.16,436.37 1 1
github.com/Bilibotter/light-flow/flow/event.go:437.10,438.12 1 0
github.com/Bilibotter/light-flow/flow/event.go:442.39,443.24 1 1
github.com/Bilibotter/light-flow/flow/event.go:444.16,445.35 1 0
github.com/Bilibotter/light-flow/flow/event.go:446.19,447.42 1 1
github.com/Bilibotter/light-flow/flow/event.go:448.16,449.39 1 1
github.com/Bilibotter/light-flow/flow/event.go:450.10,451.12 1 0
github.com/Bilibotter/light-flow/flow/event.go:455.40,456.24 1 1
github.com/Bilibotter/light-flow/flow/event.go:457.19,458.38 1 1
github.com/Bilibotter/light-flow/flow/event.go:459.16,460.42 1 1
github.com/Bilibotter/light-flow/flow/event.go:461.10,462.12 1 0
github.com/Bilibotter/light-flow/flow/event.go:466.42,467.24 1 1
github.com/Bilibotter/light-flow/flow/event.go:468.19,469.36 1 1
github.com/Bilibotter/light-flow/flow/event.go:470.16,471.40 1 1
github.com/Bilibotter/light-flow/flow/event.go:472.10,473.12 1 0
github.com/Bilibotter/light-flow/flow/event.go:477.49,478.24 1 0
github.com/Bilibotter/light-flow/flow/event.go:479.19,480.40 1 0
github.com/Bilibotter/light-flow/flow/event.go:481.16,482.37 1 0
github.com/Bilibotter/light-flow/flow/event.go:483.10,484.20 1 0
github.com/Bilibotter/light-flow/flow/event.go:488.46,489.22 1 1
github.com/Bilibotter/light-flow/flow/event.go:492.2,492.24 1 1
github.com/Bilibotter/light-flow/flow/event.go:489.22,491.3 1 1
github.com/Bilibotter/light-flow/flow/event_enum.go:43.37,44.11 1 1
github.com/Bilibotter/light-flow/flow/event_enum.go:45.17,46.16 1 1
github.com/Bilibotter/light-flow/flow/event_enum.go:47.17,48.19 1 1
github.com/Bilibotter/light-flow/flow/event_enum.go:49.17,50.16 1 1
github.com/Bilibotter/light-flow/flow/event_enum.go:51.10,52.19 1 0
github.com/Bilibotter/light-flow/flow/event_enum.go:56.37,57.11 1 1
github.com/Bilibotter/light-flow/flow/event_enum.go:58.18,59.20 1 1
github.com/Bilibotter/light-flow/flow/event_enum.go:60.17,61.19 1 1
github.com/Bilibotter/light-flow/flow/event_enum.go:62.17,63.19 1 1
github.com/Bilibotter/light-flow/flow/event_enum.go:64.17,65.19 1 1
github.com/Bilibotter/light-flow/flow/event_enum.go:66.18,67.20 1 1
github.com/Bilibotter/light-flow/flow/event_enum.go:68.10,69.19 1 0
github.com/Bilibotter/light-flow/flow/event_enum.go:73.37,74.11 1 1
github.com/Bilibotter/light-flow/flow/event_enum.go:75.17,76.16 1 0
github.com/Bilibotter/light-flow/flow/event_enum.go:77.17,78.16 1 0
github.com/Bilibotter/light-flow/flow/event_enum.go:79.17,80.19 1 0
github.com/Bilibotter/light-flow/flow/event_enum.go:81.18,82.17 1 1
github.com/Bilibotter/light-flow/flow/event_enum.go:83.18,84.17 1 0
github.com/Bilibotter/light-flow/flow/event_enum.go:85.10,86.19 1 0
github.com/Bilibotter/light-flow/flow/process_run.go:24.61,25.40 1 1
github.com/Bilibotter/light-flow/flow/process_run.go:30.2,30.29 1 1
github.com/Bilibotter/light-flow/flow/process_run.go:25.40,26.24 1 1
github.com/Bilibotter/light-flow/flow/process_run.go:26.24,28.4 1 1
github.com/Bilibotter/light-flow/flow/process_run.go:33.40,35.2 1 1
github.com/Bilibotter/light-flow/flow/process_run.go:37.51,39.2 1 1
github.com/Bilibotter/light-flow/flow/process_run.go:41.49,43.2 1 1
github.com/Bilibotter/light-flow/flow/process_run.go:45.53,46.26 1 0
github.com/Bilibotter/light-flow/flow/process_run.go:49.2,49.39 1 0
github.com/Bilibotter/light-flow/flow/process_run.go:46.26,48.3 1 0
github.com/Bilibotter/light-flow/flow/process_run.go:52.49,54.2 1 1
github.com/Bilibotter/light-flow/flow/process_run.go:56.66,74.2 3 1
github.com/Bilibotter/light-flow/flow/process_run.go:76.63,79.39 3 1
github.com/Bilibotter/light-flow/flow/process_run.go:79.39,81.3 1 1
github.com/Bilibotter/light-flow/flow/process_run.go:84.69,85.44 1 0
github.com/Bilibotter/light-flow/flow/process_run.go:88.2,88.19 1 0
github.com/Bilibotter/light-flow/flow/process_run.go:85.44,87.3 1 0
github.com/Bilibotter/light-flow/flow/process_run.go:91.51,93.40 2 1
github.com/Bilibotter/light-flow/flow/process_run.go:96.2,96.12 1 1
github.com/Bilibotter/light-flow/flow/process_run.go:93.40,95.3 1 1
github.com/Bilibotter/light-flow/flow/process_run.go:99.56,101.40 2 1
github.com/Bilibotter/light-flow/flow/process_run.go:106.2,106.17 1 1
github.com/Bilibotter/light-flow/flow/process_run.go:101.40,102.21 1 1
github.com/Bilibotter/light-flow/flow/process_run.go:102.21,104.4 1 1
github.com/Bilibotter/light-flow/flow/process_run.go:109.44,111.2 1 1
github.com/Bilibotter/light-flow/flow/process_run.go:113.46,115.2 1 1
github.com/Bilibotter/light-flow/flow/process_run.go:117.52,118.26 1 1
github.com/Bilibotter/light-flow/flow/process_run.go:121.2,121.16 1 1
github.com/Bilibotter/light-flow/flow/process_run.go:118.26,120.3 1 1
github.com/Bilibotter/light-flow/flow/process_run.go:124.51,125.27 1 1
github.com/Bilibotter/light-flow/flow/process_run.go:128.2,128.16 1 1
github.com/Bilibotter/light-flow/flow/process_run.go:125.27,127.3 1 1
github.com/Bilibotter/light-flow/flow/process_run.go:131.50,134.2 2 1
github.com/Bilibotter/light-flow/flow/process_run.go:136.39,139.27 3 1
github.com/Bilibotter/light-flow/flow/process_run.go:142.2,143.29 2 1
github.com/Bilibotter/light-flow/flow/process_run.go:146.2,148.31 3 1
github.com/Bilibotter/light-flow/flow/process_run.go:152.2,152.40 1 1
github.com/Bilibotter/light-flow/flow/process_run.go:157.2,160.8 4 1
github.com/Bilibotter/light-flow/flow/process_run.go:139.27,141.3 1 1
github.com/Bilibotter/light-flow/flow/process_run.go:143.29,145.3 1 1
github.com/Bilibotter/light-flow/flow/process_run.go:148.31,151.3 2 1
github.com/Bilibotter/light-flow/flow/process_run.go:152.40,153.22 1 1
github.com/Bilibotter/light-flow/flow/process_run.go:153.22,155.4 1 1
github.com/Bilibotter/light-flow/flow/process_run.go:163.53,166.24 2 1
github.com/Bilibotter/light-flow/flow/process_run.go:172.2,172.22 1 1
github.com/Bilibotter/light-flow/flow/process_run.go:177.2,177.23 1 1
github.com/Bilibotter/light-flow/flow/process_run.go:182.2,182.23 1 1
github.com/Bilibotter/light-flow/flow/process_run.go:190.2,190.56 1 1
github.com/Bilibotter/light-flow/flow/process_run.go:194.2,194.25 1 1
github.com/Bilibotter/light-flow/flow/process_run.go:198.2,199.18 2 1
github.com/Bilibotter/light-flow/flow/process_run.go:205.2,211.28 6 1
github.com/Bilibotter/light-flow/flow/process_run.go:215.2,216.9 2 1
github.com/Bilibotter/light-flow/flow/process_run.go:222.2,222.44 1 1
github.com/Bilibotter/light-flow/flow/process_run.go:230.2,231.36 2 1
github.com/Bilibotter/light-flow/flow/process_run.go:166.24,168.3 1 1
github.com/Bilibotter/light-flow/flow/process_run.go:172.22,174.3 1 1
github.com/Bilibotter/light-flow/flow/process_run.go:177.23,180.3 2 0
github.com/Bilibotter/light-flow/flow/process_run.go:182.23,183.81 1 1
github.com/Bilibotter/light-flow/flow/process_run.go:183.81,185.4 1 1
github.com/Bilibotter/light-flow/flow/process_run.go:190.56,192.3 1 1
github.com/Bilibotter/light-flow/flow/process_run.go:194.25,196.3 1 1
github.com/Bilibotter/light-flow/flow/process_run.go:199.18,201.3 1 1
github.com/Bilibotter/light-flow/flow/process_run.go:201.8,201.24 1 1
github.com/Bilibotter/light-flow/flow/process_run.go:201.24,203.3 1 0
github.com/Bilibotter/light-flow/flow/process_run.go:211.28,214.3 2 1
github.com/Bilibotter/light-flow/flow/process_run.go:217.17,219.62 2 1
github.com/Bilibotter/light-flow/flow/process_run.go:220.21,220.21 0 1
github.com/Bilibotter/light-flow/flow/process_run.go:222.44,229.3 2 1
github.com/Bilibotter/light-flow/flow/process_run.go:234.41,236.18 2 1
github.com/Bilibotter/light-flow/flow/process_run.go:242.2,244.12 3 1
github.com/Bilibotter/light-flow/flow/process_run.go:248.2,248.9 1 1
github.com/Bilibotter/light-flow/flow/process_run.go:254.2,254.40 1 1
github.com/Bilibotter/light-flow/flow/process_run.go:260.2,260.26 1 1
github.com/Bilibotter/light-flow/flow/process_run.go:236.18,238.3 1 0
github.com/Bilibotter/light-flow/flow/process_run.go:238.8,238.24 1 1
github.com/Bilibotter/light-flow/flow/process_run.go:238.24,240.3 1 0
github.com/Bilibotter/light-flow/flow/process_run.go:244.12,247.3 2 1
github.com/Bilibotter/light-flow/flow/process_run.go:249.17,250.26 1 1
github.com/Bilibotter/light-flow/flow/process_run.go:251.16,251.16 0 1
github.com/Bilibotter/light-flow/flow/process_run.go:254.40,255.21 1 1
github.com/Bilibotter/light-flow/flow/process_run.go:255.21,257.9 2 1
github.com/Bilibotter/light-flow/flow/process_run.go:260.26,262.3 1 1
github.com/Bilibotter/light-flow/flow/process_run.go:265.39,267.26 1 1
github.com/Bilibotter/light-flow/flow/process_run.go:271.2,273.31 3 1
github.com/Bilibotter/light-flow/flow/process_run.go:267.26,270.3 2 1
github.com/Bilibotter/light-flow/flow/process_run.go:276.59,277.30 1 1
github.com/Bilibotter/light-flow/flow/process_run.go:280.2,281.15 2 1
github.com/Bilibotter/light-flow/flow/process_run.go:289.2,290.43 2 1
github.com/Bilibotter/light-flow/flow/process_run.go:307.2,307.24 1 1
github.com/Bilibotter/light-flow/flow/process_run.go:277.30,279.3 1 1
github.com/Bilibotter/light-flow/flow/process_run.go:281.15,282.31 1 1
github.com/Bilibotter/light-flow/flow/process_run.go:282.31,287.4 4 1
github.com/Bilibotter/light-flow/flow/process_run.go:290.43,292.17 2 1
github.com/Bilibotter/light-flow/flow/process_run.go:300.3,300.17 1 1
github.com/Bilibotter/light-flow/flow/process_run.go:293.17,294.47 1 1
github.com/Bilibotter/light-flow/flow/process_run.go:295.17,296.47 1 1
github.com/Bilibotter/light-flow/flow/process_run.go:297.17,298.47 1 1
github.com/Bilibotter/light-flow/flow/process_run.go:300.17,305.4 4 1
github.com/Bilibotter/light-flow/flow/process_run.go:307.24,309.3 1 1
github.com/Bilibotter/light-flow/flow/process_run.go:312.50,313.30 1 1
github.com/Bilibotter/light-flow/flow/process_run.go:316.2,317.38 2 1
github.com/Bilibotter/light-flow/flow/process_run.go:324.2,324.48 1 1
github.com/Bilibotter/light-flow/flow/process_run.go:313.30,315.3 1 0
github.com/Bilibotter/light-flow/flow/process_run.go:317.38,323.3 1 1
github.com/Bilibotter/light-flow/flow/process_run.go:327.58,333.38 4 1
github.com/Bilibotter/light-flow/flow/process_run.go:350.2,351.17 2 1
github.com/Bilibotter/light-flow/flow/process_run.go:333.38,336.13 3 1
github.com/Bilibotter/light-flow/flow/process_run.go:339.3,339.11 1 1
github.com/Bilibotter/light-flow/flow/process_run.go:342.3,342.38 1 1
github.com/Bilibotter/light-flow/flow/process_run.go:345.3,345.18 1 1
github.com/Bilibotter/light-flow/flow/process_run.go:348.3,348.14 1 1
github.com/Bilibotter/light-flow/flow/process_run.go:336.13,338.4 1 1
github.com/Bilibotter/light-flow/flow/process_run.go:339.11,341.4 1 1
github.com/Bilibotter/light-flow/flow/process_run.go:342.38,343.12 1 1
github.com/Bilibotter/light-flow/flow/process_run.go:345.18,347.4 1 1
github.com/Bilibotter/light-flow/flow/process_run.go:351.17,353.3 1 1
github.com/Bilibotter/light-flow/flow/process_run.go:356.51,357.15 1 1
github.com/Bilibotter/light-flow/flow/process_run.go:359.2,360.15 2 1
github.com/Bilibotter/light-flow/flow/process_run.go:364.2,364.15 1 1
github.com/Bilibotter/light-flow/flow/process_run.go:372.2,372.26 1 1
github.com/Bilibotter/light-flow/flow/process_run.go:379.2,380.30 2 1
github.com/Bilibotter/light-flow/flow/process_run.go:393.2,394.41 2 1
github.com/Bilibotter/light-flow/flow/process_run.go:357.15,357.38 1 1
github.com/Bilibotter/light-flow/flow/process_run.go:360.15,362.3 1 0
github.com/Bilibotter/light-flow/flow/process_run.go:364.15,365.31 1 1
github.com/Bilibotter/light-flow/flow/process_run.go:365.31,369.4 3 1
github.com/Bilibotter/light-flow/flow/process_run.go:372.26,374.43 2 1
github.com/Bilibotter/light-flow/flow/process_run.go:374.43,376.4 1 1
github.com/Bilibotter/light-flow/flow/process_run.go:380.30,382.17 2 1
github.com/Bilibotter/light-flow/flow/process_run.go:386.3,386.20 1 1
github.com/Bilibotter/light-flow/flow/process_run.go:389.3,390.9 2 1
github.com/Bilibotter/light-flow/flow/process_run.go:382.17,384.12 2 1
github.com/Bilibotter/light-flow/flow/process_run.go:386.20,388.4 1 1
github.com/Bilibotter/light-flow/flow/process_run.go:397.69,398.63 1 1
github.com/Bilibotter/light-flow/flow/process_run.go:403.2,403.44 1 1
github.com/Bilibotter/light-flow/flow/process_run.go:406.2,406.37 1 1
github.com/Bilibotter/light-flow/flow/process_run.go:398.63,399.46 1 1
github.com/Bilibotter/light-flow/flow/process_run.go:399.46,401.4 1 1
github.com/Bilibotter/light-flow/flow/process_run.go:403.44,405.3 1 1
github.com/Bilibotter/light-flow/flow/process_run.go:406.37,408.3 1 1
github.com/Bilibotter/light-flow/flow/process_run.go:411.51,412.63 1 1
github.com/Bilibotter/light-flow/flow/process_run.go:417.2,417.47 1 1
github.com/Bilibotter/light-flow/flow/process_run.go:420.2,420.40 1 1
github.com/Bilibotter/light-flow/flow/process_run.go:412.63,413.49 1 1
github.com/Bilibotter/light-flow/flow/process_run.go:413.49,415.4 1 1
github.com/Bilibotter/light-flow/flow/process_run.go:417.47,419.3 1 1
github.com/Bilibotter/light-flow/flow/process_run.go:420.40,422.3 1 1
github.com/Bilibotter/light-flow/flow/process_run.go:425.90,426.15 1 1
github.com/Bilibotter/light-flow/flow/process_run.go:435.2,435.49 1 1
github.com/Bilibotter/light-flow/flow/process_run.go:438.2,439.12 2 1
github.com/Bilibotter/light-flow/flow/process_run.go:443.2,445.16 3 1
github.com/Bilibotter/light-flow/flow/process_run.go:452.2,454.49 2 1
github.com/Bilibotter/light-flow/flow/process_run.go:457.2,459.30 3 1
github.com/Bilibotter/light-flow/flow/process_run.go:462.2,463.17 2 1
github.com/Bilibotter/light-flow/flow/process_run.go:426.15,427.31 1 1
github.com/Bilibotter/light-flow/flow/process_run.go:427.31,433.4 5 1
github.com/Bilibotter/light-flow/flow/process_run.go:435.49,437.3 1 1
github.com/Bilibotter/light-flow/flow/process_run.go:439.12,442.3 2 1
github.com/Bilibotter/light-flow/flow/process_run.go:445.16,451.3 5 1
github.com/Bilibotter/light-flow/flow/process_run.go:454.49,456.3 1 0
github.com/Bilibotter/light-flow/flow/process_run.go:459.30,461.3 1 1
github.com/Bilibotter/light-flow/flow/process_run.go:466.79,469.30 3 1
github.com/Bilibotter/light-flow/flow/process_run.go:472.2,473.8 2 1
github.com/Bilibotter/light-flow/flow/process_run.go:469.30,471.3 1 1
github.com/Bilibotter/light-flow/flow/utils.go:29.48,32.2 2 1
github.com/Bilibotter/light-flow/flow/utils.go:36.21,43.20 5 1
github.com/Bilibotter/light-flow/flow/utils.go:71.2,71.20 1 1
github.com/Bilibotter/light-flow/flow/utils.go:43.20,45.10 2 1
github.com/Bilibotter/light-flow/flow/utils.go:49.3,49.36 1 1
github.com/Bilibotter/light-flow/flow/utils.go:53.3,54.23 2 1
github.com/Bilibotter/light-flow/flow/utils.go:62.3,63.24 2 1
github.com/Bilibotter/light-flow/flow/utils.go:66.3,67.28 2 1
github.com/Bilibotter/light-flow/flow/utils.go:45.10,46.9 1 1
github.com/Bilibotter/light-flow/flow/utils.go:49.36,50.12 1 1
github.com/Bilibotter/light-flow/flow/utils.go:54.23,56.18 2 1
github.com/Bilibotter/light-flow/flow/utils.go:59.4,60.19 2 1
github.com/Bilibotter/light-flow/flow/utils.go:56.18,57.13 1 0
github.com/Bilibotter/light-flow/flow/utils.go:63.24,64.12 1 0
github.com/Bilibotter/light-flow/flow/utils.go:67.28,68.9 1 0
github.com/Bilibotter/light-flow/flow/utils.go:74.34,76.15 2 1
github.com/Bilibotter/light-flow/flow/utils.go:79.2,81.65 2 1
github.com/Bilibotter/light-flow/flow/utils.go:84.2,84.53 1 1
github.com/Bilibotter/light-flow/flow/utils.go:87.2,88.13 2 1
github.com/Bilibotter/light-flow/flow/utils.go:76.15,78.3 1 0
github.com/Bilibotter/light-flow/flow/utils.go:81.65,83.3 1 1
github.com/Bilibotter/light-flow/flow/utils.go:84.53,86.3 1 1
github.com/Bilibotter/light-flow/flow/utils.go:92.43,94.30 2 1
github.com/Bilibotter/light-flow/flow/utils.go:97.2,97.34 1 1
github.com/Bilibotter/light-flow/flow/utils.go:94.30,96.3 1 0
github.com/Bilibotter/light-flow/flow/utils.go:100.59,103.25 3 1
github.com/Bilibotter/light-flow/flow/utils.go:106.2,106.10 1 1
github.com/Bilibotter/light-flow/flow/utils.go:103.25,105.3 1 1
github.com/Bilibotter/light-flow/flow/utils.go:109.85,111.26 2 1
github.com/Bilibotter/light-flow/flow/utils.go:114.2,114.15 1 1
github.com/Bilibotter/light-flow/flow/utils.go:111.26,113.3 1 1
github.com/Bilibotter/light-flow/flow/utils.go:117.30,119.26 2 0
github.com/Bilibotter/light-flow/flow/utils.go:122.2,122.15 1 0
github.com/Bilibotter/light-flow/flow/utils.go:119.26,121.3 1 0
github.com/Bilibotter/light-flow/flow/utils.go:125.30,127.2 1 1
github.com/Bilibotter/light-flow/flow/utils.go:129.49,132.2 2 1
github.com/Bilibotter/light-flow/flow/utils.go:134.33,136.2 1 1
github.com/Bilibotter/light-flow/flow/utils.go:138.29,140.2 1 1
github.com/Bilibotter/light-flow/flow/utils.go:142.36,143.48 1 1
github.com/Bilibotter/light-flow/flow/utils.go:146.2,146.35 1 1
github.com/Bilibotter/light-flow/flow/utils.go:143.48,145.3 1 1
github.com/Bilibotter/light-flow/flow/utils.go:151.40,155.37 3 1
github.com/Bilibotter/light-flow/flow/utils.go:159.2,160.28 2 1
github.com/Bilibotter/light-flow/flow/utils.go:163.2,163.41 1 1
github.com/Bilibotter/light-flow/flow/utils.go:168.2,170.11 3 1
github.com/Bilibotter/light-flow/flow/utils.go:173.2,173.21 1 1
github.com/Bilibotter/light-flow/flow/utils.go:155.37,156.30 1 0
github.com/Bilibotter/light-flow/flow/utils.go:160.28,161.74 1 0
github.com/Bilibotter/light-flow/flow/utils.go:163.41,166.3 2 1
github.com/Bilibotter/light-flow/flow/utils.go:170.11,171.83 1 1
github.com/Bilibotter/light-flow/flow/utils.go:177.55,179.2 1 1
github.com/Bilibotter/light-flow/flow/utils.go:181.52,183.2 1 1
github.com/Bilibotter/light-flow/flow/utils.go:185.62,189.70 3 1
github.com/Bilibotter/light-flow/flow/utils.go:193.2,196.42 4 1
github.com/Bilibotter/light-flow/flow/utils.go:189.70,190.45 1 0
github.com/Bilibotter/light-flow/flow/utils.go:196.42,198.61 2 1
github.com/Bilibotter/light-flow/flow/utils.go:208.3,209.31 2 1
github.com/Bilibotter/light-flow/flow/utils.go:212.3,212.110 1 1
github.com/Bilibotter/light-flow/flow/utils.go:198.61,201.46 3 1
github.com/Bilibotter/light-flow/flow/utils.go:204.4,204.12 1 1
github.com/Bilibotter/light-flow/flow/utils.go:201.46,203.5 1 1
github.com/Bilibotter/light-flow/flow/utils.go:204.12,205.13 1 1
github.com/Bilibotter/light-flow/flow/utils.go:209.31,211.4 1 1
github.com/Bilibotter/light-flow/flow/utils.go:212.110,213.26 1 1
github.com/Bilibotter/light-flow/flow/utils.go:216.4,216.42 1 1
github.com/Bilibotter/light-flow/flow/utils.go:219.4,219.26 1 1
github.com/Bilibotter/light-flow/flow/utils.go:213.26,215.5 1 1
github.com/Bilibotter/light-flow/flow/utils.go:216.42,217.13 1 1
github.com/Bilibotter/light-flow/flow/utils.go:219.26,221.5 1 1
github.com/Bilibotter/light-flow/flow/condition.go:46.27,48.2 1 1
github.com/Bilibotter/light-flow/flow/condition.go:50.41,53.28 3 1
github.com/Bilibotter/light-flow/flow/condition.go:53.28,55.3 1 1
github.com/Bilibotter/light-flow/flow/condition.go:58.41,61.28 3 1
github.com/Bilibotter/light-flow/flow/condition.go:61.28,63.3 1 1
github.com/Bilibotter/light-flow/flow/condition.go:66.57,68.36 2 1
github.com/Bilibotter/light-flow/flow/condition.go:68.36,70.13 2 1
github.com/Bilibotter/light-flow/flow/condition.go:73.3,73.16 1 1
github.com/Bilibotter/light-flow/flow/condition.go:78.3,78.19 1 1
github.com/Bilibotter/light-flow/flow/condition.go:70.13,72.4 1 1
github.com/Bilibotter/light-flow/flow/condition.go:73.16,74.32 1 1
github.com/Bilibotter/light-flow/flow/condition.go:74.32,76.5 1 1
github.com/Bilibotter/light-flow/flow/condition.go:82.40,83.34 1 1
github.com/Bilibotter/light-flow/flow/condition.go:83.34,84.31 1 1
github.com/Bilibotter/light-flow/flow/condition.go:114.3,114.15 1 0
github.com/Bilibotter/light-flow/flow/condition.go:85.17,86.31 1 1
github.com/Bilibotter/light-flow/flow/condition.go:87.18,88.43 1 1
github.com/Bilibotter/light-flow/flow/condition.go:91.19,92.44 1 1
github.com/Bilibotter/light-flow/flow/condition.go:95.16,96.39 1 1
github.com/Bilibotter/light-flow/flow/condition.go:99.16,100.39 1 1
github.com/Bilibotter/light-flow/flow/condition.go:103.39,104.38 1 1
github.com/Bilibotter/light-flow/flow/condition.go:107.44,108.40 1 1
github.com/Bilibotter/light-flow/flow/condition.go:111.11,112.24 1 1
github.com/Bilibotter/light-flow/flow/condition.go:88.43,90.5 1 1
github.com/Bilibotter/light-flow/flow/condition.go:92.44,94.5 1 1
github.com/Bilibotter/light-flow/flow/condition.go:96.39,98.5 1 1
github.com/Bilibotter/light-flow/flow/condition.go:100.39,102.5 1 1
github.com/Bilibotter/light-flow/flow/condition.go:104.38,106.5 1 1
github.com/Bilibotter/light-flow/flow/condition.go:108.40,110.5 1 1
github.com/Bilibotter/light-flow/flow/condition.go:118.40,120.34 2 1
github.com/Bilibotter/light-flow/flow/condition.go:120.34,122.3 1 1
github.com/Bilibotter/light-flow/flow/condition.go:125.40,126.34 1 1
github.com/Bilibotter/light-flow/flow/condition.go:126.34,127.31 1 1
github.com/Bilibotter/light-flow/flow/condition.go:153.3,153.9 1 1
github.com/Bilibotter/light-flow/flow/condition.go:128.19,129.30 1 1
github.com/Bilibotter/light-flow/flow/condition.go:130.18,131.43 1 1
github.com/Bilibotter/light-flow/flow/condition.go:134.19,135.44 1 1
github.com/Bilibotter/light-flow/flow/condition.go:138.39,139.38 1 1
github.com/Bilibotter/light-flow/flow/condition.go:142.44,143.40 1 1
github.com/Bilibotter/light-flow/flow/condition.go:146.25,147.42 1 1
github.com/Bilibotter/light-flow/flow/condition.go:150.11,151.15 1 1
github.com/Bilibotter/light-flow/flow/condition.go:131.43,133.5 1 1
github.com/Bilibotter/light-flow/flow/condition.go:135.44,137.5 1 1
github.com/Bilibotter/light-flow/flow/condition.go:139.38,141.5 1 1
github.com/Bilibotter/light-flow/flow/condition.go:143.40,145.5 1 1
github.com/Bilibotter/light-flow/flow/condition.go:147.42,149.5 1 1
github.com/Bilibotter/light-flow/flow/condition.go:157.58,159.36 2 1
github.com/Bilibotter/light-flow/flow/condition.go:163.2,163.36 1 1
github.com/Bilibotter/light-flow/flow/condition.go:170.2,170.10 1 1
github.com/Bilibotter/light-flow/flow/condition.go:174.2,174.27 1 1
github.com/Bilibotter/light-flow/flow/condition.go:177.2,178.36 2 1
github.com/Bilibotter/light-flow/flow/condition.go:181.2,181.36 1 1
github.com/Bilibotter/light-flow/flow/condition.go:186.2,186.8 1 1
github.com/Bilibotter/light-flow/flow/condition.go:159.36,161.3 1 1
github.com/Bilibotter/light-flow/flow/condition.go:163.36,164.12 1 1
github.com/Bilibotter/light-flow/flow/condition.go:167.3,167.29 1 1
github.com/Bilibotter/light-flow/flow/condition.go:164.12,165.9 1 1
github.com/Bilibotter/light-flow/flow/condition.go:170.10,172.3 1 1
github.com/Bilibotter/light-flow/flow/condition.go:174.27,176.3 1 1
github.com/Bilibotter/light-flow/flow/condition.go:178.36,180.3 1 1
github.com/Bilibotter/light-flow/flow/condition.go:181.36,182.40 1 1
github.com/Bilibotter/light-flow/flow/condition.go:182.40,184.4 1 0
github.com/Bilibotter/light-flow/flow/condition.go:189.53,190.24 1 1
github.com/Bilibotter/light-flow/flow/condition.go:193.2,193.33 1 1
github.com/Bilibotter/light-flow/flow/condition.go:205.2,205.8 1 1
github.com/Bilibotter/light-flow/flow/condition.go:190.24,192.3 1 1
github.com/Bilibotter/light-flow/flow/condition.go:193.33,195.30 2 1
github.com/Bilibotter/light-flow/flow/condition.go:201.3,201.11 1 1
github.com/Bilibotter/light-flow/flow/condition.go:195.30,196.19 1 1
github.com/Bilibotter/light-flow/flow/condition.go:196.19,198.10 2 1
github.com/Bilibotter/light-flow/flow/condition.go:201.11,203.4 1 1
github.com/Bilibotter/light-flow/flow/condition.go:208.69,209.36 1 1
github.com/Bilibotter/light-flow/flow/condition.go:209.36,211.13 2 1
github.com/Bilibotter/light-flow/flow/condition.go:214.3,214.16 1 1
github.com/Bilibotter/light-flow/flow/condition.go:219.3,219.18 1 1
github.com/Bilibotter/light-flow/flow/condition.go:211.13,213.4 1 1
github.com/Bilibotter/light-flow/flow/condition.go:214.16,215.32 1 1
github.com/Bilibotter/light-flow/flow/condition.go:215.32,217.5 1 1
github.com/Bilibotter/light-flow/flow/condition.go:223.71,226.35 3 1
github.com/Bilibotter/light-flow/flow/condition.go:236.2,236.10 1 1
github.com/Bilibotter/light-flow/flow/condition.go:226.35,227.35 1 1
github.com/Bilibotter/light-flow/flow/condition.go:228.15,229.41 1 1
github.com/Bilibotter/light-flow/flow/condition.go:230.36,231.54 1 0
github.com/Bilibotter/light-flow/flow/condition.go:232.11,233.83 1 0
github.com/Bilibotter/light-flow/flow/condition.go:239.64,241.2 1 1
github.com/Bilibotter/light-flow/flow/condition.go:243.65,245.2 1 1
github.com/Bilibotter/light-flow/flow/condition.go:247.64,249.2 1 1
github.com/Bilibotter/light-flow/flow/condition.go:251.65,253.2 1 1
github.com/Bilibotter/light-flow/flow/condition.go:255.64,257.2 1 1
github.com/Bilibotter/light-flow/flow/condition.go:259.65,261.2 1 1
github.com/Bilibotter/light-flow/flow/condition.go:263.69,264.24 1 1
github.com/Bilibotter/light-flow/flow/condition.go:267.2,267.36 1 1
github.com/Bilibotter/light-flow/flow/condition.go:275.2,276.10 2 1
github.com/Bilibotter/light-flow/flow/condition.go:264.24,266.3 1 1
github.com/Bilibotter/light-flow/flow/condition.go:267.36,268.16 1 1
github.com/Bilibotter/light-flow/flow/condition.go:273.3,273.17 1 1
github.com/Bilibotter/light-flow/flow/condition.go:268.16,269.32 1 1
github.com/Bilibotter/light-flow/flow/condition.go:269.32,271.5 1 1
github.com/Bilibotter/light-flow/flow/condition.go:279.40,280.63 1 1
github.com/Bilibotter/light-flow/flow/condition.go:283.2,284.10 2 1
github.com/Bilibotter/light-flow/flow/condition.go:280.63,281.97 1 1
github.com/Bilibotter/light-flow/flow/condition.go:287.90,288.24 1 1
github.com/Bilibotter/light-flow/flow/condition.go:292.2,292.44 1 1
github.com/Bilibotter/light-flow/flow/condition.go:298.2,298.23 1 1
github.com/Bilibotter/light-flow/flow/condition.go:306.2,306.18 1 1
github.com/Bilibotter/light-flow/flow/condition.go:322.2,322.10 1 1
github.com/Bilibotter/light-flow/flow/condition.go:288.24,290.3 1 1
github.com/Bilibotter/light-flow/flow/condition.go:292.44,294.3 1 1
github.com/Bilibotter/light-flow/flow/condition.go:294.8,296.3 1 1
github.com/Bilibotter/light-flow/flow/condition.go:299.24,300.43 1 1
github.com/Bilibotter/light-flow/flow/condition.go:301.38,302.41 1 1
github.com/Bilibotter/light-flow/flow/condition.go:303.43,304.42 1 1
github.com/Bilibotter/light-flow/flow/condition.go:307.12,308.90 1 1
github.com/Bilibotter/light-flow/flow/condition.go:309.13,310.84 1 1
github.com/Bilibotter/light-flow/flow/condition.go:311.12,312.90 1 1
github.com/Bilibotter/light-flow/flow/condition.go:313.13,314.91 1 1
github.com/Bilibotter/light-flow/flow/condition.go:315.12,316.90 1 1
github.com/Bilibotter/light-flow/flow/condition.go:317.13,318.91 1 1
github.com/Bilibotter/light-flow/flow/condition.go:319.10,320.79 1 0
github.com/Bilibotter/light-flow/flow/condition.go:325.49,328.2 2 1
