mode: set
github.com/Bilibotter/light-flow/flow/process_meta.go:43.56,44.17 1 1
github.com/Bilibotter/light-flow/flow/process_meta.go:48.2,49.11 2 1
github.com/Bilibotter/light-flow/flow/process_meta.go:44.17,47.3 2 1
github.com/Bilibotter/light-flow/flow/process_meta.go:52.58,53.32 1 1
github.com/Bilibotter/light-flow/flow/process_meta.go:53.32,55.3 1 1
github.com/Bilibotter/light-flow/flow/process_meta.go:58.56,60.2 1 1
github.com/Bilibotter/light-flow/flow/process_meta.go:62.71,63.92 1 1
github.com/Bilibotter/light-flow/flow/process_meta.go:66.2,66.33 1 1
github.com/Bilibotter/light-flow/flow/process_meta.go:71.2,71.20 1 1
github.com/Bilibotter/light-flow/flow/process_meta.go:63.92,65.3 1 1
github.com/Bilibotter/light-flow/flow/process_meta.go:66.33,67.37 1 1
github.com/Bilibotter/light-flow/flow/process_meta.go:67.37,69.4 1 1
github.com/Bilibotter/light-flow/flow/process_meta.go:74.61,77.29 3 1
github.com/Bilibotter/light-flow/flow/process_meta.go:84.2,84.11 1 1
github.com/Bilibotter/light-flow/flow/process_meta.go:77.29,79.10 2 1
github.com/Bilibotter/light-flow/flow/process_meta.go:82.3,82.24 1 1
github.com/Bilibotter/light-flow/flow/process_meta.go:79.10,80.86 1 0
github.com/Bilibotter/light-flow/flow/process_meta.go:87.41,89.32 2 1
github.com/Bilibotter/light-flow/flow/process_meta.go:92.2,92.15 1 1
github.com/Bilibotter/light-flow/flow/process_meta.go:89.32,91.3 1 1
github.com/Bilibotter/light-flow/flow/process_meta.go:95.38,97.2 1 1
github.com/Bilibotter/light-flow/flow/process_meta.go:99.41,101.2 1 1
github.com/Bilibotter/light-flow/flow/process_meta.go:103.35,105.10 2 1
github.com/Bilibotter/light-flow/flow/process_meta.go:105.10,106.57 1 0
github.com/Bilibotter/light-flow/flow/process_meta.go:110.37,111.20 1 1
github.com/Bilibotter/light-flow/flow/process_meta.go:111.20,115.33 4 1
github.com/Bilibotter/light-flow/flow/process_meta.go:115.33,116.22 1 1
github.com/Bilibotter/light-flow/flow/process_meta.go:119.4,119.36 1 1
github.com/Bilibotter/light-flow/flow/process_meta.go:116.22,118.5 1 1
github.com/Bilibotter/light-flow/flow/process_meta.go:119.36,121.5 1 1
github.com/Bilibotter/light-flow/flow/process_meta.go:126.43,127.40 1 1
github.com/Bilibotter/light-flow/flow/process_meta.go:127.40,128.39 1 1
github.com/Bilibotter/light-flow/flow/process_meta.go:128.39,130.4 1 1
github.com/Bilibotter/light-flow/flow/process_meta.go:136.43,138.11 2 1
github.com/Bilibotter/light-flow/flow/process_meta.go:141.2,142.53 2 1
github.com/Bilibotter/light-flow/flow/process_meta.go:164.2,164.44 1 1
github.com/Bilibotter/light-flow/flow/process_meta.go:138.11,139.66 1 0
github.com/Bilibotter/light-flow/flow/process_meta.go:142.53,143.52 1 1
github.com/Bilibotter/light-flow/flow/process_meta.go:150.3,151.41 2 1
github.com/Bilibotter/light-flow/flow/process_meta.go:154.3,158.25 5 1
github.com/Bilibotter/light-flow/flow/process_meta.go:143.52,145.26 2 1
github.com/Bilibotter/light-flow/flow/process_meta.go:148.4,148.12 1 1
github.com/Bilibotter/light-flow/flow/process_meta.go:145.26,147.5 1 1
github.com/Bilibotter/light-flow/flow/process_meta.go:151.41,153.4 1 1
github.com/Bilibotter/light-flow/flow/process_meta.go:158.25,160.4 1 1
github.com/Bilibotter/light-flow/flow/process_meta.go:164.44,169.3 4 1
github.com/Bilibotter/light-flow/flow/process_meta.go:172.51,175.35 2 1
github.com/Bilibotter/light-flow/flow/process_meta.go:183.2,184.31 1 1
github.com/Bilibotter/light-flow/flow/process_meta.go:186.2,187.37 2 1
github.com/Bilibotter/light-flow/flow/process_meta.go:191.2,191.44 1 1
github.com/Bilibotter/light-flow/flow/process_meta.go:195.2,195.33 1 1
github.com/Bilibotter/light-flow/flow/process_meta.go:211.2,213.27 3 1
github.com/Bilibotter/light-flow/flow/process_meta.go:175.35,176.44 1 0
github.com/Bilibotter/light-flow/flow/process_meta.go:179.3,179.25 1 0
github.com/Bilibotter/light-flow/flow/process_meta.go:176.44,177.12 1 0
github.com/Bilibotter/light-flow/flow/process_meta.go:184.31,184.51 1 1
github.com/Bilibotter/light-flow/flow/process_meta.go:187.37,189.3 1 1
github.com/Bilibotter/light-flow/flow/process_meta.go:191.44,193.3 1 1
github.com/Bilibotter/light-flow/flow/process_meta.go:195.33,196.29 1 1
github.com/Bilibotter/light-flow/flow/process_meta.go:199.3,200.64 2 1
github.com/Bilibotter/light-flow/flow/process_meta.go:204.3,204.36 1 1
github.com/Bilibotter/light-flow/flow/process_meta.go:208.3,208.50 1 1
github.com/Bilibotter/light-flow/flow/process_meta.go:196.29,197.12 1 1
github.com/Bilibotter/light-flow/flow/process_meta.go:200.64,202.31 1 1
github.com/Bilibotter/light-flow/flow/process_meta.go:204.36,207.4 2 1
github.com/Bilibotter/light-flow/flow/process_meta.go:216.59,217.39 1 1
github.com/Bilibotter/light-flow/flow/process_meta.go:217.39,218.35 1 1
github.com/Bilibotter/light-flow/flow/process_meta.go:218.35,221.4 2 1
github.com/Bilibotter/light-flow/flow/process_meta.go:228.80,229.21 1 1
github.com/Bilibotter/light-flow/flow/process_meta.go:232.2,235.34 4 1
github.com/Bilibotter/light-flow/flow/process_meta.go:239.2,244.14 2 1
github.com/Bilibotter/light-flow/flow/process_meta.go:229.21,230.52 1 1
github.com/Bilibotter/light-flow/flow/process_meta.go:235.34,238.3 2 1
github.com/Bilibotter/light-flow/flow/process_meta.go:250.82,251.21 1 1
github.com/Bilibotter/light-flow/flow/process_meta.go:254.2,255.29 2 1
github.com/Bilibotter/light-flow/flow/process_meta.go:258.2,262.14 2 1
github.com/Bilibotter/light-flow/flow/process_meta.go:251.21,252.71 1 1
github.com/Bilibotter/light-flow/flow/process_meta.go:255.29,257.3 1 1
github.com/Bilibotter/light-flow/flow/process_meta.go:265.89,267.35 2 1
github.com/Bilibotter/light-flow/flow/process_meta.go:272.2,272.46 1 1
github.com/Bilibotter/light-flow/flow/process_meta.go:267.35,268.30 1 1
github.com/Bilibotter/light-flow/flow/process_meta.go:268.30,270.4 1 1
github.com/Bilibotter/light-flow/flow/process_meta.go:275.107,276.30 1 1
github.com/Bilibotter/light-flow/flow/process_meta.go:279.2,283.35 3 1
github.com/Bilibotter/light-flow/flow/process_meta.go:291.2,291.41 1 1
github.com/Bilibotter/light-flow/flow/process_meta.go:301.2,310.13 8 1
github.com/Bilibotter/light-flow/flow/process_meta.go:276.30,277.21 1 0
github.com/Bilibotter/light-flow/flow/process_meta.go:283.35,285.13 2 1
github.com/Bilibotter/light-flow/flow/process_meta.go:288.3,288.46 1 1
github.com/Bilibotter/light-flow/flow/process_meta.go:285.13,286.78 1 0
github.com/Bilibotter/light-flow/flow/process_meta.go:291.41,292.33 1 1
github.com/Bilibotter/light-flow/flow/process_meta.go:296.3,298.13 3 1
github.com/Bilibotter/light-flow/flow/process_meta.go:292.33,294.39 1 0
github.com/Bilibotter/light-flow/flow/process_meta.go:313.59,316.33 3 1
github.com/Bilibotter/light-flow/flow/process_meta.go:331.2,331.14 1 1
github.com/Bilibotter/light-flow/flow/process_meta.go:316.33,318.42 2 1
github.com/Bilibotter/light-flow/flow/process_meta.go:323.3,323.35 1 1
github.com/Bilibotter/light-flow/flow/process_meta.go:318.42,320.4 1 1
github.com/Bilibotter/light-flow/flow/process_meta.go:320.9,322.4 1 1
github.com/Bilibotter/light-flow/flow/process_meta.go:323.35,324.28 1 1
github.com/Bilibotter/light-flow/flow/process_meta.go:327.4,328.19 2 1
github.com/Bilibotter/light-flow/flow/process_meta.go:324.28,325.13 1 1
github.com/Bilibotter/light-flow/flow/process_meta.go:334.54,335.22 1 1
github.com/Bilibotter/light-flow/flow/process_meta.go:338.2,346.36 4 1
github.com/Bilibotter/light-flow/flow/process_meta.go:335.22,336.89 1 0
github.com/Bilibotter/light-flow/flow/process_meta.go:349.50,351.32 2 1
github.com/Bilibotter/light-flow/flow/process_meta.go:354.2,354.46 1 1
github.com/Bilibotter/light-flow/flow/process_meta.go:357.2,357.14 1 1
github.com/Bilibotter/light-flow/flow/process_meta.go:351.32,353.3 1 1
github.com/Bilibotter/light-flow/flow/process_meta.go:354.46,356.3 1 1
github.com/Bilibotter/light-flow/flow/utils.go:29.48,32.2 2 1
github.com/Bilibotter/light-flow/flow/utils.go:36.21,43.20 5 1
github.com/Bilibotter/light-flow/flow/utils.go:71.2,71.20 1 1
github.com/Bilibotter/light-flow/flow/utils.go:43.20,45.10 2 1
github.com/Bilibotter/light-flow/flow/utils.go:49.3,49.36 1 1
github.com/Bilibotter/light-flow/flow/utils.go:53.3,54.23 2 1
github.com/Bilibotter/light-flow/flow/utils.go:62.3,63.24 2 1
github.com/Bilibotter/light-flow/flow/utils.go:66.3,67.28 2 1
github.com/Bilibotter/light-flow/flow/utils.go:45.10,46.9 1 1
github.com/Bilibotter/light-flow/flow/utils.go:49.36,50.12 1 1
github.com/Bilibotter/light-flow/flow/utils.go:54.23,56.18 2 1
github.com/Bilibotter/light-flow/flow/utils.go:59.4,60.19 2 1
github.com/Bilibotter/light-flow/flow/utils.go:56.18,57.13 1 0
github.com/Bilibotter/light-flow/flow/utils.go:63.24,64.12 1 0
github.com/Bilibotter/light-flow/flow/utils.go:67.28,68.9 1 0
github.com/Bilibotter/light-flow/flow/utils.go:74.34,76.15 2 1
github.com/Bilibotter/light-flow/flow/utils.go:79.2,81.65 2 1
github.com/Bilibotter/light-flow/flow/utils.go:84.2,84.53 1 1
github.com/Bilibotter/light-flow/flow/utils.go:87.2,88.13 2 1
github.com/Bilibotter/light-flow/flow/utils.go:76.15,78.3 1 0
github.com/Bilibotter/light-flow/flow/utils.go:81.65,83.3 1 1
github.com/Bilibotter/light-flow/flow/utils.go:84.53,86.3 1 1
github.com/Bilibotter/light-flow/flow/utils.go:92.43,94.30 2 1
github.com/Bilibotter/light-flow/flow/utils.go:97.2,97.34 1 1
github.com/Bilibotter/light-flow/flow/utils.go:94.30,96.3 1 0
github.com/Bilibotter/light-flow/flow/utils.go:100.59,103.25 3 1
github.com/Bilibotter/light-flow/flow/utils.go:106.2,106.10 1 1
github.com/Bilibotter/light-flow/flow/utils.go:103.25,105.3 1 1
github.com/Bilibotter/light-flow/flow/utils.go:109.85,111.26 2 1
github.com/Bilibotter/light-flow/flow/utils.go:114.2,114.15 1 1
github.com/Bilibotter/light-flow/flow/utils.go:111.26,113.3 1 1
github.com/Bilibotter/light-flow/flow/utils.go:117.30,119.2 1 1
github.com/Bilibotter/light-flow/flow/utils.go:121.49,124.2 2 1
github.com/Bilibotter/light-flow/flow/utils.go:126.33,128.2 1 1
github.com/Bilibotter/light-flow/flow/utils.go:130.29,132.2 1 1
github.com/Bilibotter/light-flow/flow/utils.go:134.36,135.48 1 1
github.com/Bilibotter/light-flow/flow/utils.go:138.2,138.35 1 1
github.com/Bilibotter/light-flow/flow/utils.go:135.48,137.3 1 1
github.com/Bilibotter/light-flow/flow/utils.go:143.40,147.37 3 1
github.com/Bilibotter/light-flow/flow/utils.go:151.2,152.28 2 1
github.com/Bilibotter/light-flow/flow/utils.go:155.2,155.41 1 1
github.com/Bilibotter/light-flow/flow/utils.go:160.2,162.11 3 1
github.com/Bilibotter/light-flow/flow/utils.go:165.2,165.21 1 1
github.com/Bilibotter/light-flow/flow/utils.go:147.37,148.30 1 0
github.com/Bilibotter/light-flow/flow/utils.go:152.28,153.74 1 0
github.com/Bilibotter/light-flow/flow/utils.go:155.41,158.3 2 1
github.com/Bilibotter/light-flow/flow/utils.go:162.11,163.83 1 1
github.com/Bilibotter/light-flow/flow/utils.go:169.55,171.2 1 1
github.com/Bilibotter/light-flow/flow/utils.go:173.52,175.2 1 1
github.com/Bilibotter/light-flow/flow/utils.go:177.62,181.70 3 1
github.com/Bilibotter/light-flow/flow/utils.go:185.2,188.42 4 1
github.com/Bilibotter/light-flow/flow/utils.go:181.70,182.45 1 0
github.com/Bilibotter/light-flow/flow/utils.go:188.42,190.61 2 1
github.com/Bilibotter/light-flow/flow/utils.go:200.3,201.31 2 1
github.com/Bilibotter/light-flow/flow/utils.go:204.3,204.110 1 1
github.com/Bilibotter/light-flow/flow/utils.go:190.61,193.46 3 1
github.com/Bilibotter/light-flow/flow/utils.go:196.4,196.12 1 1
github.com/Bilibotter/light-flow/flow/utils.go:193.46,195.5 1 1
github.com/Bilibotter/light-flow/flow/utils.go:196.12,197.13 1 1
github.com/Bilibotter/light-flow/flow/utils.go:201.31,203.4 1 1
github.com/Bilibotter/light-flow/flow/utils.go:204.110,205.26 1 1
github.com/Bilibotter/light-flow/flow/utils.go:208.4,208.42 1 1
github.com/Bilibotter/light-flow/flow/utils.go:211.4,211.26 1 1
github.com/Bilibotter/light-flow/flow/utils.go:205.26,207.5 1 1
github.com/Bilibotter/light-flow/flow/utils.go:208.42,209.13 1 1
github.com/Bilibotter/light-flow/flow/utils.go:211.26,213.5 1 1
github.com/Bilibotter/light-flow/flow/workflow.go:39.13,40.29 1 1
github.com/Bilibotter/light-flow/flow/workflow.go:40.29,42.3 1 1
github.com/Bilibotter/light-flow/flow/workflow.go:45.43,47.2 1 0
github.com/Bilibotter/light-flow/flow/workflow.go:49.33,51.2 1 1
github.com/Bilibotter/light-flow/flow/workflow.go:53.42,54.30 1 1
github.com/Bilibotter/light-flow/flow/workflow.go:57.2,63.14 3 1
github.com/Bilibotter/light-flow/flow/workflow.go:54.30,55.21 1 0
github.com/Bilibotter/light-flow/flow/workflow.go:66.48,67.30 1 1
github.com/Bilibotter/light-flow/flow/workflow.go:70.2,76.27 3 1
github.com/Bilibotter/light-flow/flow/workflow.go:67.30,68.21 1 0
github.com/Bilibotter/light-flow/flow/workflow.go:79.66,81.9 2 1
github.com/Bilibotter/light-flow/flow/workflow.go:84.2,86.13 3 1
github.com/Bilibotter/light-flow/flow/workflow.go:81.9,82.51 1 0
github.com/Bilibotter/light-flow/flow/workflow.go:89.67,91.9 2 1
github.com/Bilibotter/light-flow/flow/workflow.go:94.2,95.20 2 1
github.com/Bilibotter/light-flow/flow/workflow.go:91.9,92.51 1 0
github.com/Bilibotter/light-flow/flow/workflow.go:98.42,99.23 1 1
github.com/Bilibotter/light-flow/flow/workflow.go:103.2,104.10 2 1
github.com/Bilibotter/light-flow/flow/workflow.go:108.2,108.11 1 1
github.com/Bilibotter/light-flow/flow/workflow.go:99.23,100.47 1 0
github.com/Bilibotter/light-flow/flow/workflow.go:104.10,105.59 1 0
github.com/Bilibotter/light-flow/flow/workflow.go:111.35,113.2 1 1
github.com/Bilibotter/light-flow/flow/workflow.go:115.65,130.26 3 1
github.com/Bilibotter/light-flow/flow/workflow.go:134.2,134.43 1 1
github.com/Bilibotter/light-flow/flow/workflow.go:139.2,139.12 1 1
github.com/Bilibotter/light-flow/flow/workflow.go:130.26,132.3 1 1
github.com/Bilibotter/light-flow/flow/workflow.go:134.43,137.3 2 1
github.com/Bilibotter/light-flow/flow/workflow.go:142.55,143.30 1 1
github.com/Bilibotter/light-flow/flow/workflow.go:146.2,161.12 4 1
github.com/Bilibotter/light-flow/flow/workflow.go:143.30,144.21 1 0
github.com/Bilibotter/light-flow/flow/workflow.go:164.53,165.39 1 1
github.com/Bilibotter/light-flow/flow/workflow.go:170.2,170.24 1 1
github.com/Bilibotter/light-flow/flow/workflow.go:165.39,166.27 1 1
github.com/Bilibotter/light-flow/flow/workflow.go:166.27,168.4 1 1
github.com/Bilibotter/light-flow/flow/workflow.go:173.50,175.42 2 1
github.com/Bilibotter/light-flow/flow/workflow.go:178.2,178.12 1 1
github.com/Bilibotter/light-flow/flow/workflow.go:175.42,177.3 1 1
github.com/Bilibotter/light-flow/flow/workflow.go:181.64,183.8 2 1
github.com/Bilibotter/light-flow/flow/workflow.go:186.2,186.19 1 0
github.com/Bilibotter/light-flow/flow/workflow.go:183.8,185.3 1 1
github.com/Bilibotter/light-flow/flow/workflow.go:189.51,191.42 2 1
github.com/Bilibotter/light-flow/flow/workflow.go:196.2,196.12 1 1
github.com/Bilibotter/light-flow/flow/workflow.go:191.42,192.30 1 1
github.com/Bilibotter/light-flow/flow/workflow.go:192.30,194.4 1 1
github.com/Bilibotter/light-flow/flow/workflow.go:199.56,200.21 1 1
github.com/Bilibotter/light-flow/flow/workflow.go:203.2,203.27 1 1
github.com/Bilibotter/light-flow/flow/workflow.go:200.21,202.3 1 1
github.com/Bilibotter/light-flow/flow/workflow.go:206.32,208.2 1 1
github.com/Bilibotter/light-flow/flow/workflow.go:210.43,212.2 1 1
github.com/Bilibotter/light-flow/flow/workflow.go:214.41,216.2 1 1
github.com/Bilibotter/light-flow/flow/workflow.go:218.45,219.21 1 0
github.com/Bilibotter/light-flow/flow/workflow.go:222.2,222.29 1 0
github.com/Bilibotter/light-flow/flow/workflow.go:219.21,221.3 1 0
github.com/Bilibotter/light-flow/flow/workflow.go:225.67,244.38 3 1
github.com/Bilibotter/light-flow/flow/workflow.go:248.2,250.17 2 1
github.com/Bilibotter/light-flow/flow/workflow.go:244.38,247.3 2 1
github.com/Bilibotter/light-flow/flow/workflow.go:254.44,255.28 1 1
github.com/Bilibotter/light-flow/flow/workflow.go:260.2,263.28 3 1
github.com/Bilibotter/light-flow/flow/workflow.go:266.2,271.26 6 1
github.com/Bilibotter/light-flow/flow/workflow.go:275.2,277.42 3 1
github.com/Bilibotter/light-flow/flow/workflow.go:280.2,281.42 2 1
github.com/Bilibotter/light-flow/flow/workflow.go:287.2,287.21 1 1
github.com/Bilibotter/light-flow/flow/workflow.go:290.2,292.11 3 1
github.com/Bilibotter/light-flow/flow/workflow.go:255.28,257.3 1 1
github.com/Bilibotter/light-flow/flow/workflow.go:263.28,265.3 1 1
github.com/Bilibotter/light-flow/flow/workflow.go:271.26,274.3 2 1
github.com/Bilibotter/light-flow/flow/workflow.go:277.42,279.3 1 1
github.com/Bilibotter/light-flow/flow/workflow.go:281.42,282.24 1 1
github.com/Bilibotter/light-flow/flow/workflow.go:282.24,284.9 2 1
github.com/Bilibotter/light-flow/flow/workflow.go:287.21,289.3 1 1
github.com/Bilibotter/light-flow/flow/workflow.go:295.33,296.20 1 1
github.com/Bilibotter/light-flow/flow/workflow.go:296.20,299.3 2 1
github.com/Bilibotter/light-flow/flow/workflow.go:302.43,303.24 1 1
github.com/Bilibotter/light-flow/flow/workflow.go:308.2,308.25 1 1
github.com/Bilibotter/light-flow/flow/workflow.go:303.24,304.44 1 1
github.com/Bilibotter/light-flow/flow/workflow.go:304.44,306.4 1 1
github.com/Bilibotter/light-flow/flow/workflow.go:311.31,312.40 1 1
github.com/Bilibotter/light-flow/flow/workflow.go:315.2,315.26 1 1
github.com/Bilibotter/light-flow/flow/workflow.go:312.40,314.3 1 1
github.com/Bilibotter/light-flow/flow/workflow.go:318.43,320.42 2 1
github.com/Bilibotter/light-flow/flow/workflow.go:323.2,323.11 1 1
github.com/Bilibotter/light-flow/flow/workflow.go:320.42,322.3 1 1
github.com/Bilibotter/light-flow/flow/workflow.go:327.44,328.42 1 1
github.com/Bilibotter/light-flow/flow/workflow.go:331.2,331.11 1 1
github.com/Bilibotter/light-flow/flow/workflow.go:328.42,330.3 1 1
github.com/Bilibotter/light-flow/flow/workflow.go:335.42,336.42 1 1
github.com/Bilibotter/light-flow/flow/workflow.go:339.2,339.11 1 1
github.com/Bilibotter/light-flow/flow/workflow.go:336.42,338.3 1 1
github.com/Bilibotter/light-flow/flow/callback.go:106.37,108.2 1 1
github.com/Bilibotter/light-flow/flow/callback.go:110.29,112.2 1 1
github.com/Bilibotter/light-flow/flow/callback.go:114.82,122.2 2 1
github.com/Bilibotter/light-flow/flow/callback.go:124.51,135.2 10 1
github.com/Bilibotter/light-flow/flow/callback.go:137.51,154.2 16 1
github.com/Bilibotter/light-flow/flow/callback.go:156.49,157.40 1 1
github.com/Bilibotter/light-flow/flow/callback.go:160.2,160.25 1 1
github.com/Bilibotter/light-flow/flow/callback.go:157.40,158.49 1 0
github.com/Bilibotter/light-flow/flow/callback.go:163.117,165.2 1 1
github.com/Bilibotter/light-flow/flow/callback.go:167.116,169.2 1 1
github.com/Bilibotter/light-flow/flow/callback.go:171.81,172.14 1 1
github.com/Bilibotter/light-flow/flow/callback.go:178.2,178.8 1 0
github.com/Bilibotter/light-flow/flow/callback.go:173.15,174.38 1 1
github.com/Bilibotter/light-flow/flow/callback.go:175.14,176.37 1 1
github.com/Bilibotter/light-flow/flow/callback.go:181.118,183.2 1 1
github.com/Bilibotter/light-flow/flow/callback.go:185.117,187.2 1 1
github.com/Bilibotter/light-flow/flow/callback.go:189.49,191.2 1 1
github.com/Bilibotter/light-flow/flow/callback.go:193.80,194.14 1 1
github.com/Bilibotter/light-flow/flow/callback.go:200.2,200.8 1 0
github.com/Bilibotter/light-flow/flow/callback.go:195.15,196.38 1 1
github.com/Bilibotter/light-flow/flow/callback.go:197.14,198.37 1 1
github.com/Bilibotter/light-flow/flow/callback.go:203.109,205.2 1 1
github.com/Bilibotter/light-flow/flow/callback.go:207.108,209.2 1 1
github.com/Bilibotter/light-flow/flow/callback.go:211.77,212.14 1 1
github.com/Bilibotter/light-flow/flow/callback.go:218.2,218.8 1 0
github.com/Bilibotter/light-flow/flow/callback.go:213.15,214.38 1 1
github.com/Bilibotter/light-flow/flow/callback.go:215.14,216.37 1 1
github.com/Bilibotter/light-flow/flow/callback.go:221.100,222.45 1 1
github.com/Bilibotter/light-flow/flow/callback.go:225.2,226.10 2 1
github.com/Bilibotter/light-flow/flow/callback.go:229.2,229.40 1 1
github.com/Bilibotter/light-flow/flow/callback.go:222.45,223.69 1 1
github.com/Bilibotter/light-flow/flow/callback.go:226.10,228.3 1 1
github.com/Bilibotter/light-flow/flow/callback.go:232.61,234.27 2 1
github.com/Bilibotter/light-flow/flow/callback.go:237.2,238.29 2 1
github.com/Bilibotter/light-flow/flow/callback.go:251.2,251.15 1 1
github.com/Bilibotter/light-flow/flow/callback.go:289.2,289.55 1 1
github.com/Bilibotter/light-flow/flow/callback.go:308.2,308.8 1 1
github.com/Bilibotter/light-flow/flow/callback.go:234.27,236.3 1 1
github.com/Bilibotter/light-flow/flow/callback.go:238.29,240.16 2 1
github.com/Bilibotter/light-flow/flow/callback.go:247.3,247.78 1 1
github.com/Bilibotter/light-flow/flow/callback.go:240.16,241.31 1 1
github.com/Bilibotter/light-flow/flow/callback.go:244.4,244.20 1 1
github.com/Bilibotter/light-flow/flow/callback.go:241.31,243.5 1 1
github.com/Bilibotter/light-flow/flow/callback.go:247.78,249.4 1 1
github.com/Bilibotter/light-flow/flow/callback.go:251.15,253.15 2 1
github.com/Bilibotter/light-flow/flow/callback.go:266.3,266.14 1 1
github.com/Bilibotter/light-flow/flow/callback.go:269.3,270.19 2 1
github.com/Bilibotter/light-flow/flow/callback.go:273.3,273.31 1 1
github.com/Bilibotter/light-flow/flow/callback.go:276.3,278.65 2 1
github.com/Bilibotter/light-flow/flow/callback.go:281.3,286.39 2 1
github.com/Bilibotter/light-flow/flow/callback.go:253.15,258.28 4 1
github.com/Bilibotter/light-flow/flow/callback.go:261.4,262.54 2 1
github.com/Bilibotter/light-flow/flow/callback.go:258.28,260.5 1 1
github.com/Bilibotter/light-flow/flow/callback.go:262.54,264.5 1 1
github.com/Bilibotter/light-flow/flow/callback.go:266.14,268.4 1 1
github.com/Bilibotter/light-flow/flow/callback.go:270.19,272.4 1 1
github.com/Bilibotter/light-flow/flow/callback.go:273.31,275.4 1 1
github.com/Bilibotter/light-flow/flow/callback.go:278.65,280.4 1 1
github.com/Bilibotter/light-flow/flow/callback.go:289.55,292.27 2 1
github.com/Bilibotter/light-flow/flow/callback.go:295.3,295.17 1 1
github.com/Bilibotter/light-flow/flow/callback.go:306.3,306.8 1 1
github.com/Bilibotter/light-flow/flow/callback.go:292.27,293.12 1 1
github.com/Bilibotter/light-flow/flow/callback.go:295.17,299.27 4 1
github.com/Bilibotter/light-flow/flow/callback.go:299.27,301.55 2 1
github.com/Bilibotter/light-flow/flow/callback.go:301.55,303.6 1 1
github.com/Bilibotter/light-flow/flow/callback.go:311.74,313.47 2 1
github.com/Bilibotter/light-flow/flow/callback.go:320.2,320.17 1 1
github.com/Bilibotter/light-flow/flow/callback.go:323.2,323.8 1 1
github.com/Bilibotter/light-flow/flow/callback.go:313.47,315.3 1 1
github.com/Bilibotter/light-flow/flow/callback.go:315.8,315.54 1 1
github.com/Bilibotter/light-flow/flow/callback.go:315.54,317.3 1 1
github.com/Bilibotter/light-flow/flow/callback.go:317.8,317.54 1 1
github.com/Bilibotter/light-flow/flow/callback.go:317.54,319.3 1 1
github.com/Bilibotter/light-flow/flow/callback.go:320.17,322.3 1 1
github.com/Bilibotter/light-flow/flow/callback.go:326.73,328.65 1 1
github.com/Bilibotter/light-flow/flow/callback.go:332.2,332.47 1 1
github.com/Bilibotter/light-flow/flow/callback.go:328.65,331.3 2 1
github.com/Bilibotter/light-flow/flow/callback.go:332.47,334.3 1 1
github.com/Bilibotter/light-flow/flow/callback.go:334.8,334.54 1 1
github.com/Bilibotter/light-flow/flow/callback.go:334.54,336.3 1 1
github.com/Bilibotter/light-flow/flow/callback.go:336.8,336.54 1 1
github.com/Bilibotter/light-flow/flow/callback.go:336.54,338.3 1 1
github.com/Bilibotter/light-flow/flow/callback.go:341.56,342.25 1 1
github.com/Bilibotter/light-flow/flow/callback.go:345.2,345.17 1 1
github.com/Bilibotter/light-flow/flow/callback.go:342.25,344.3 1 1
github.com/Bilibotter/light-flow/flow/callback.go:348.42,350.21 2 1
github.com/Bilibotter/light-flow/flow/callback.go:360.2,360.18 1 1
github.com/Bilibotter/light-flow/flow/callback.go:351.20,352.31 1 1
github.com/Bilibotter/light-flow/flow/callback.go:353.17,354.28 1 1
github.com/Bilibotter/light-flow/flow/callback.go:355.17,356.28 1 1
github.com/Bilibotter/light-flow/flow/callback.go:357.10,358.54 1 0
github.com/Bilibotter/light-flow/flow/callback.go:360.18,362.3 1 1
github.com/Bilibotter/light-flow/flow/callback.go:362.8,364.3 1 1
github.com/Bilibotter/light-flow/flow/callback.go:367.63,369.37 2 1
github.com/Bilibotter/light-flow/flow/callback.go:375.2,376.12 2 1
github.com/Bilibotter/light-flow/flow/callback.go:369.37,370.19 1 1
github.com/Bilibotter/light-flow/flow/callback.go:373.3,373.22 1 1
github.com/Bilibotter/light-flow/flow/callback.go:370.19,372.4 1 1
github.com/Bilibotter/light-flow/flow/callback.go:379.60,380.60 1 1
github.com/Bilibotter/light-flow/flow/callback.go:381.2,382.37 2 1
github.com/Bilibotter/light-flow/flow/callback.go:389.2,390.12 2 1
github.com/Bilibotter/light-flow/flow/callback.go:380.60,380.76 1 1
github.com/Bilibotter/light-flow/flow/callback.go:382.37,383.33 1 1
github.com/Bilibotter/light-flow/flow/callback.go:386.3,386.22 1 1
github.com/Bilibotter/light-flow/flow/callback.go:383.33,385.4 1 1
github.com/Bilibotter/light-flow/flow/callback.go:393.61,394.60 1 1
github.com/Bilibotter/light-flow/flow/callback.go:395.2,396.37 2 1
github.com/Bilibotter/light-flow/flow/callback.go:403.2,404.12 2 1
github.com/Bilibotter/light-flow/flow/callback.go:394.60,394.76 1 1
github.com/Bilibotter/light-flow/flow/callback.go:396.37,397.34 1 1
github.com/Bilibotter/light-flow/flow/callback.go:400.3,400.22 1 1
github.com/Bilibotter/light-flow/flow/callback.go:397.34,399.4 1 1
github.com/Bilibotter/light-flow/flow/callback.go:407.65,409.37 2 1
github.com/Bilibotter/light-flow/flow/callback.go:417.2,418.12 2 1
github.com/Bilibotter/light-flow/flow/callback.go:409.37,410.32 1 1
github.com/Bilibotter/light-flow/flow/callback.go:415.3,415.19 1 1
github.com/Bilibotter/light-flow/flow/callback.go:410.32,411.26 1 1
github.com/Bilibotter/light-flow/flow/callback.go:411.26,413.5 1 1
github.com/Bilibotter/light-flow/flow/callback.go:421.68,423.37 2 1
github.com/Bilibotter/light-flow/flow/callback.go:431.2,432.12 2 1
github.com/Bilibotter/light-flow/flow/callback.go:423.37,424.32 1 1
github.com/Bilibotter/light-flow/flow/callback.go:429.3,429.22 1 1
github.com/Bilibotter/light-flow/flow/callback.go:424.32,425.26 1 1
github.com/Bilibotter/light-flow/flow/callback.go:425.26,427.5 1 1
github.com/Bilibotter/light-flow/flow/process_run.go:24.61,25.40 1 1
github.com/Bilibotter/light-flow/flow/process_run.go:30.2,30.29 1 1
github.com/Bilibotter/light-flow/flow/process_run.go:25.40,26.24 1 1
github.com/Bilibotter/light-flow/flow/process_run.go:26.24,28.4 1 1
github.com/Bilibotter/light-flow/flow/process_run.go:33.40,35.2 1 1
github.com/Bilibotter/light-flow/flow/process_run.go:37.51,39.2 1 1
github.com/Bilibotter/light-flow/flow/process_run.go:41.49,43.2 1 1
github.com/Bilibotter/light-flow/flow/process_run.go:45.53,46.26 1 0
github.com/Bilibotter/light-flow/flow/process_run.go:49.2,49.39 1 0
github.com/Bilibotter/light-flow/flow/process_run.go:46.26,48.3 1 0
github.com/Bilibotter/light-flow/flow/process_run.go:52.49,54.2 1 1
github.com/Bilibotter/light-flow/flow/process_run.go:56.66,74.2 3 1
github.com/Bilibotter/light-flow/flow/process_run.go:76.63,79.39 3 1
github.com/Bilibotter/light-flow/flow/process_run.go:79.39,81.3 1 1
github.com/Bilibotter/light-flow/flow/process_run.go:84.69,85.44 1 0
github.com/Bilibotter/light-flow/flow/process_run.go:88.2,88.19 1 0
github.com/Bilibotter/light-flow/flow/process_run.go:85.44,87.3 1 0
github.com/Bilibotter/light-flow/flow/process_run.go:91.51,93.40 2 1
github.com/Bilibotter/light-flow/flow/process_run.go:96.2,96.12 1 1
github.com/Bilibotter/light-flow/flow/process_run.go:93.40,95.3 1 1
github.com/Bilibotter/light-flow/flow/process_run.go:99.56,101.40 2 1
github.com/Bilibotter/light-flow/flow/process_run.go:106.2,106.17 1 1
github.com/Bilibotter/light-flow/flow/process_run.go:101.40,102.21 1 1
github.com/Bilibotter/light-flow/flow/process_run.go:102.21,104.4 1 1
github.com/Bilibotter/light-flow/flow/process_run.go:109.44,111.2 1 1
github.com/Bilibotter/light-flow/flow/process_run.go:113.46,115.2 1 1
github.com/Bilibotter/light-flow/flow/process_run.go:117.52,118.26 1 1
github.com/Bilibotter/light-flow/flow/process_run.go:121.2,121.16 1 1
github.com/Bilibotter/light-flow/flow/process_run.go:118.26,120.3 1 1
github.com/Bilibotter/light-flow/flow/process_run.go:124.51,125.27 1 1
github.com/Bilibotter/light-flow/flow/process_run.go:128.2,128.16 1 1
github.com/Bilibotter/light-flow/flow/process_run.go:125.27,127.3 1 1
github.com/Bilibotter/light-flow/flow/process_run.go:131.50,134.2 2 1
github.com/Bilibotter/light-flow/flow/process_run.go:136.39,139.27 3 1
github.com/Bilibotter/light-flow/flow/process_run.go:142.2,143.29 2 1
github.com/Bilibotter/light-flow/flow/process_run.go:146.2,148.31 3 1
github.com/Bilibotter/light-flow/flow/process_run.go:152.2,152.40 1 1
github.com/Bilibotter/light-flow/flow/process_run.go:157.2,160.8 4 1
github.com/Bilibotter/light-flow/flow/process_run.go:139.27,141.3 1 1
github.com/Bilibotter/light-flow/flow/process_run.go:143.29,145.3 1 1
github.com/Bilibotter/light-flow/flow/process_run.go:148.31,151.3 2 1
github.com/Bilibotter/light-flow/flow/process_run.go:152.40,153.22 1 1
github.com/Bilibotter/light-flow/flow/process_run.go:153.22,155.4 1 1
github.com/Bilibotter/light-flow/flow/process_run.go:163.53,166.24 2 1
github.com/Bilibotter/light-flow/flow/process_run.go:172.2,172.22 1 1
github.com/Bilibotter/light-flow/flow/process_run.go:177.2,177.23 1 1
github.com/Bilibotter/light-flow/flow/process_run.go:182.2,182.23 1 1
github.com/Bilibotter/light-flow/flow/process_run.go:190.2,190.56 1 1
github.com/Bilibotter/light-flow/flow/process_run.go:194.2,194.25 1 1
github.com/Bilibotter/light-flow/flow/process_run.go:198.2,199.18 2 1
github.com/Bilibotter/light-flow/flow/process_run.go:205.2,211.28 6 1
github.com/Bilibotter/light-flow/flow/process_run.go:215.2,216.9 2 1
github.com/Bilibotter/light-flow/flow/process_run.go:222.2,222.44 1 1
github.com/Bilibotter/light-flow/flow/process_run.go:230.2,231.36 2 1
github.com/Bilibotter/light-flow/flow/process_run.go:166.24,168.3 1 1
github.com/Bilibotter/light-flow/flow/process_run.go:172.22,174.3 1 1
github.com/Bilibotter/light-flow/flow/process_run.go:177.23,180.3 2 0
github.com/Bilibotter/light-flow/flow/process_run.go:182.23,183.81 1 1
github.com/Bilibotter/light-flow/flow/process_run.go:183.81,185.4 1 1
github.com/Bilibotter/light-flow/flow/process_run.go:190.56,192.3 1 1
github.com/Bilibotter/light-flow/flow/process_run.go:194.25,196.3 1 1
github.com/Bilibotter/light-flow/flow/process_run.go:199.18,201.3 1 1
github.com/Bilibotter/light-flow/flow/process_run.go:201.8,201.24 1 1
github.com/Bilibotter/light-flow/flow/process_run.go:201.24,203.3 1 0
github.com/Bilibotter/light-flow/flow/process_run.go:211.28,214.3 2 1
github.com/Bilibotter/light-flow/flow/process_run.go:217.17,219.62 2 1
github.com/Bilibotter/light-flow/flow/process_run.go:220.21,220.21 0 1
github.com/Bilibotter/light-flow/flow/process_run.go:222.44,229.3 2 1
github.com/Bilibotter/light-flow/flow/process_run.go:234.41,236.18 2 1
github.com/Bilibotter/light-flow/flow/process_run.go:242.2,244.12 3 1
github.com/Bilibotter/light-flow/flow/process_run.go:248.2,248.9 1 1
github.com/Bilibotter/light-flow/flow/process_run.go:254.2,254.40 1 1
github.com/Bilibotter/light-flow/flow/process_run.go:260.2,260.26 1 1
github.com/Bilibotter/light-flow/flow/process_run.go:236.18,238.3 1 0
github.com/Bilibotter/light-flow/flow/process_run.go:238.8,238.24 1 1
github.com/Bilibotter/light-flow/flow/process_run.go:238.24,240.3 1 0
github.com/Bilibotter/light-flow/flow/process_run.go:244.12,247.3 2 1
github.com/Bilibotter/light-flow/flow/process_run.go:249.17,250.26 1 1
github.com/Bilibotter/light-flow/flow/process_run.go:251.16,251.16 0 1
github.com/Bilibotter/light-flow/flow/process_run.go:254.40,255.21 1 1
github.com/Bilibotter/light-flow/flow/process_run.go:255.21,257.9 2 1
github.com/Bilibotter/light-flow/flow/process_run.go:260.26,262.3 1 1
github.com/Bilibotter/light-flow/flow/process_run.go:265.39,267.26 1 1
github.com/Bilibotter/light-flow/flow/process_run.go:271.2,273.31 3 1
github.com/Bilibotter/light-flow/flow/process_run.go:267.26,270.3 2 1
github.com/Bilibotter/light-flow/flow/process_run.go:276.59,277.30 1 1
github.com/Bilibotter/light-flow/flow/process_run.go:280.2,281.15 2 1
github.com/Bilibotter/light-flow/flow/process_run.go:289.2,290.43 2 1
github.com/Bilibotter/light-flow/flow/process_run.go:307.2,307.24 1 1
github.com/Bilibotter/light-flow/flow/process_run.go:277.30,279.3 1 1
github.com/Bilibotter/light-flow/flow/process_run.go:281.15,282.31 1 1
github.com/Bilibotter/light-flow/flow/process_run.go:282.31,287.4 4 1
github.com/Bilibotter/light-flow/flow/process_run.go:290.43,292.17 2 1
github.com/Bilibotter/light-flow/flow/process_run.go:300.3,300.17 1 1
github.com/Bilibotter/light-flow/flow/process_run.go:293.17,294.47 1 1
github.com/Bilibotter/light-flow/flow/process_run.go:295.17,296.47 1 1
github.com/Bilibotter/light-flow/flow/process_run.go:297.17,298.47 1 1
github.com/Bilibotter/light-flow/flow/process_run.go:300.17,305.4 4 1
github.com/Bilibotter/light-flow/flow/process_run.go:307.24,309.3 1 1
github.com/Bilibotter/light-flow/flow/process_run.go:312.50,313.30 1 1
github.com/Bilibotter/light-flow/flow/process_run.go:316.2,317.38 2 1
github.com/Bilibotter/light-flow/flow/process_run.go:324.2,324.48 1 1
github.com/Bilibotter/light-flow/flow/process_run.go:313.30,315.3 1 0
github.com/Bilibotter/light-flow/flow/process_run.go:317.38,323.3 1 1
github.com/Bilibotter/light-flow/flow/process_run.go:327.58,333.38 4 1
github.com/Bilibotter/light-flow/flow/process_run.go:350.2,351.17 2 1
github.com/Bilibotter/light-flow/flow/process_run.go:333.38,336.13 3 1
github.com/Bilibotter/light-flow/flow/process_run.go:339.3,339.11 1 1
github.com/Bilibotter/light-flow/flow/process_run.go:342.3,342.38 1 1
github.com/Bilibotter/light-flow/flow/process_run.go:345.3,345.18 1 1
github.com/Bilibotter/light-flow/flow/process_run.go:348.3,348.14 1 1
github.com/Bilibotter/light-flow/flow/process_run.go:336.13,338.4 1 1
github.com/Bilibotter/light-flow/flow/process_run.go:339.11,341.4 1 1
github.com/Bilibotter/light-flow/flow/process_run.go:342.38,343.12 1 1
github.com/Bilibotter/light-flow/flow/process_run.go:345.18,347.4 1 1
github.com/Bilibotter/light-flow/flow/process_run.go:351.17,353.3 1 1
github.com/Bilibotter/light-flow/flow/process_run.go:356.51,357.15 1 1
github.com/Bilibotter/light-flow/flow/process_run.go:359.2,360.15 2 1
github.com/Bilibotter/light-flow/flow/process_run.go:364.2,364.15 1 1
github.com/Bilibotter/light-flow/flow/process_run.go:372.2,372.26 1 1
github.com/Bilibotter/light-flow/flow/process_run.go:379.2,380.30 2 1
github.com/Bilibotter/light-flow/flow/process_run.go:393.2,394.41 2 1
github.com/Bilibotter/light-flow/flow/process_run.go:357.15,357.38 1 1
github.com/Bilibotter/light-flow/flow/process_run.go:360.15,362.3 1 0
github.com/Bilibotter/light-flow/flow/process_run.go:364.15,365.31 1 1
github.com/Bilibotter/light-flow/flow/process_run.go:365.31,369.4 3 1
github.com/Bilibotter/light-flow/flow/process_run.go:372.26,374.43 2 1
github.com/Bilibotter/light-flow/flow/process_run.go:374.43,376.4 1 1
github.com/Bilibotter/light-flow/flow/process_run.go:380.30,382.17 2 1
github.com/Bilibotter/light-flow/flow/process_run.go:386.3,386.20 1 1
github.com/Bilibotter/light-flow/flow/process_run.go:389.3,390.9 2 1
github.com/Bilibotter/light-flow/flow/process_run.go:382.17,384.12 2 1
github.com/Bilibotter/light-flow/flow/process_run.go:386.20,388.4 1 1
github.com/Bilibotter/light-flow/flow/process_run.go:397.69,398.63 1 1
github.com/Bilibotter/light-flow/flow/process_run.go:403.2,403.44 1 1
github.com/Bilibotter/light-flow/flow/process_run.go:406.2,406.37 1 1
github.com/Bilibotter/light-flow/flow/process_run.go:398.63,399.46 1 1
github.com/Bilibotter/light-flow/flow/process_run.go:399.46,401.4 1 1
github.com/Bilibotter/light-flow/flow/process_run.go:403.44,405.3 1 1
github.com/Bilibotter/light-flow/flow/process_run.go:406.37,408.3 1 1
github.com/Bilibotter/light-flow/flow/process_run.go:411.51,412.63 1 1
github.com/Bilibotter/light-flow/flow/process_run.go:417.2,417.47 1 1
github.com/Bilibotter/light-flow/flow/process_run.go:420.2,420.40 1 1
github.com/Bilibotter/light-flow/flow/process_run.go:412.63,413.49 1 1
github.com/Bilibotter/light-flow/flow/process_run.go:413.49,415.4 1 1
github.com/Bilibotter/light-flow/flow/process_run.go:417.47,419.3 1 1
github.com/Bilibotter/light-flow/flow/process_run.go:420.40,422.3 1 1
github.com/Bilibotter/light-flow/flow/process_run.go:425.90,426.15 1 1
github.com/Bilibotter/light-flow/flow/process_run.go:435.2,435.49 1 1
github.com/Bilibotter/light-flow/flow/process_run.go:438.2,439.12 2 1
github.com/Bilibotter/light-flow/flow/process_run.go:443.2,445.16 3 1
github.com/Bilibotter/light-flow/flow/process_run.go:452.2,455.30 4 1
github.com/Bilibotter/light-flow/flow/process_run.go:459.2,459.51 1 1
github.com/Bilibotter/light-flow/flow/process_run.go:462.2,463.17 2 1
github.com/Bilibotter/light-flow/flow/process_run.go:426.15,427.31 1 1
github.com/Bilibotter/light-flow/flow/process_run.go:427.31,433.4 5 1
github.com/Bilibotter/light-flow/flow/process_run.go:435.49,437.3 1 1
github.com/Bilibotter/light-flow/flow/process_run.go:439.12,442.3 2 1
github.com/Bilibotter/light-flow/flow/process_run.go:445.16,451.3 5 1
github.com/Bilibotter/light-flow/flow/process_run.go:455.30,457.3 1 1
github.com/Bilibotter/light-flow/flow/process_run.go:459.51,461.3 1 0
github.com/Bilibotter/light-flow/flow/process_run.go:466.79,469.30 3 1
github.com/Bilibotter/light-flow/flow/process_run.go:472.2,473.8 2 1
github.com/Bilibotter/light-flow/flow/process_run.go:469.30,471.3 1 1
github.com/Bilibotter/light-flow/flow/resources.go:65.47,66.30 1 1
github.com/Bilibotter/light-flow/flow/resources.go:69.2,71.47 3 1
github.com/Bilibotter/light-flow/flow/resources.go:74.2,82.12 3 1
github.com/Bilibotter/light-flow/flow/resources.go:66.30,67.21 1 0
github.com/Bilibotter/light-flow/flow/resources.go:71.47,72.56 1 0
github.com/Bilibotter/light-flow/flow/resources.go:85.37,87.2 1 1
github.com/Bilibotter/light-flow/flow/resources.go:89.65,91.2 1 1
github.com/Bilibotter/light-flow/flow/resources.go:93.124,96.2 2 1
github.com/Bilibotter/light-flow/flow/resources.go:98.84,101.2 2 1
github.com/Bilibotter/light-flow/flow/resources.go:103.84,106.2 2 1
github.com/Bilibotter/light-flow/flow/resources.go:108.84,111.2 2 1
github.com/Bilibotter/light-flow/flow/resources.go:113.34,115.2 1 1
github.com/Bilibotter/light-flow/flow/resources.go:117.41,119.2 1 1
github.com/Bilibotter/light-flow/flow/resources.go:121.39,123.2 1 0
github.com/Bilibotter/light-flow/flow/resources.go:125.33,127.2 1 1
github.com/Bilibotter/light-flow/flow/resources.go:129.51,132.18 3 1
github.com/Bilibotter/light-flow/flow/resources.go:135.2,136.14 2 1
github.com/Bilibotter/light-flow/flow/resources.go:132.18,134.3 1 1
github.com/Bilibotter/light-flow/flow/resources.go:139.62,144.2 4 1
github.com/Bilibotter/light-flow/flow/resources.go:146.43,151.2 4 1
github.com/Bilibotter/light-flow/flow/resources.go:153.32,160.2 6 1
github.com/Bilibotter/light-flow/flow/save.go:53.73,56.2 2 1
github.com/Bilibotter/light-flow/flow/save.go:58.73,61.2 2 1
github.com/Bilibotter/light-flow/flow/save.go:63.76,66.2 2 1
github.com/Bilibotter/light-flow/flow/save.go:68.76,71.2 2 1
github.com/Bilibotter/light-flow/flow/save.go:73.77,76.2 2 1
github.com/Bilibotter/light-flow/flow/save.go:78.77,81.2 2 1
github.com/Bilibotter/light-flow/flow/save.go:83.36,85.2 1 1
github.com/Bilibotter/light-flow/flow/save.go:87.36,89.2 1 1
github.com/Bilibotter/light-flow/flow/save.go:91.36,93.2 1 1
github.com/Bilibotter/light-flow/flow/save.go:95.67,96.21 1 1
github.com/Bilibotter/light-flow/flow/save.go:96.21,97.16 1 1
github.com/Bilibotter/light-flow/flow/save.go:104.3,104.25 1 1
github.com/Bilibotter/light-flow/flow/save.go:111.3,112.17 2 1
github.com/Bilibotter/light-flow/flow/save.go:97.16,98.32 1 1
github.com/Bilibotter/light-flow/flow/save.go:98.32,102.5 3 1
github.com/Bilibotter/light-flow/flow/save.go:104.25,107.27 2 1
github.com/Bilibotter/light-flow/flow/save.go:107.27,109.5 1 1
github.com/Bilibotter/light-flow/flow/save.go:112.17,116.4 3 1
github.com/Bilibotter/light-flow/flow/save.go:120.29,120.30 0 1
github.com/Bilibotter/light-flow/flow/save.go:122.32,122.33 0 1
github.com/Bilibotter/light-flow/flow/save.go:124.33,124.34 0 1
github.com/Bilibotter/light-flow/flow/context.go:252.27,254.2 1 1
github.com/Bilibotter/light-flow/flow/context.go:256.35,259.2 2 1
github.com/Bilibotter/light-flow/flow/context.go:261.35,262.32 1 1
github.com/Bilibotter/light-flow/flow/context.go:263.35,264.28 1 1
github.com/Bilibotter/light-flow/flow/context.go:265.14,266.16 1 1
github.com/Bilibotter/light-flow/flow/context.go:267.10,268.67 1 0
github.com/Bilibotter/light-flow/flow/context.go:273.32,275.2 1 1
github.com/Bilibotter/light-flow/flow/context.go:278.31,280.2 1 1
github.com/Bilibotter/light-flow/flow/context.go:282.47,284.25 2 1
github.com/Bilibotter/light-flow/flow/context.go:288.2,288.30 1 1
github.com/Bilibotter/light-flow/flow/context.go:284.25,286.3 1 1
github.com/Bilibotter/light-flow/flow/context.go:292.39,293.16 1 0
github.com/Bilibotter/light-flow/flow/context.go:296.2,296.26 1 0
github.com/Bilibotter/light-flow/flow/context.go:293.16,295.3 1 0
github.com/Bilibotter/light-flow/flow/context.go:305.42,308.32 2 1
github.com/Bilibotter/light-flow/flow/context.go:313.2,313.23 1 1
github.com/Bilibotter/light-flow/flow/context.go:317.2,317.20 1 1
github.com/Bilibotter/light-flow/flow/context.go:321.2,321.30 1 1
github.com/Bilibotter/light-flow/flow/context.go:327.2,327.17 1 1
github.com/Bilibotter/light-flow/flow/context.go:308.32,309.18 1 1
github.com/Bilibotter/light-flow/flow/context.go:309.18,311.4 1 1
github.com/Bilibotter/light-flow/flow/context.go:313.23,315.3 1 1
github.com/Bilibotter/light-flow/flow/context.go:317.20,319.3 1 1
github.com/Bilibotter/light-flow/flow/context.go:321.30,322.18 1 1
github.com/Bilibotter/light-flow/flow/context.go:322.18,324.4 1 1
github.com/Bilibotter/light-flow/flow/context.go:334.46,335.51 1 1
github.com/Bilibotter/light-flow/flow/context.go:340.2,340.14 1 0
github.com/Bilibotter/light-flow/flow/context.go:335.51,336.40 1 1
github.com/Bilibotter/light-flow/flow/context.go:336.40,338.4 1 1
github.com/Bilibotter/light-flow/flow/context.go:343.57,345.2 1 1
github.com/Bilibotter/light-flow/flow/context.go:347.48,348.75 1 1
github.com/Bilibotter/light-flow/flow/context.go:353.2,353.8 1 1
github.com/Bilibotter/light-flow/flow/context.go:348.75,349.35 1 1
github.com/Bilibotter/light-flow/flow/context.go:349.35,351.4 1 1
github.com/Bilibotter/light-flow/flow/context.go:356.30,358.2 1 1
github.com/Bilibotter/light-flow/flow/context.go:360.42,362.2 1 1
github.com/Bilibotter/light-flow/flow/context.go:364.38,366.2 1 1
github.com/Bilibotter/light-flow/flow/context.go:368.66,371.2 2 1
github.com/Bilibotter/light-flow/flow/context.go:373.53,375.2 1 1
github.com/Bilibotter/light-flow/flow/context.go:377.61,381.2 3 1
github.com/Bilibotter/light-flow/flow/context.go:383.74,388.2 4 1
github.com/Bilibotter/light-flow/flow/context.go:390.70,391.45 1 1
github.com/Bilibotter/light-flow/flow/context.go:394.2,394.54 1 1
github.com/Bilibotter/light-flow/flow/context.go:397.2,397.21 1 1
github.com/Bilibotter/light-flow/flow/context.go:400.2,400.19 1 0
github.com/Bilibotter/light-flow/flow/context.go:391.45,393.3 1 1
github.com/Bilibotter/light-flow/flow/context.go:394.54,396.3 1 1
github.com/Bilibotter/light-flow/flow/context.go:397.21,399.3 1 1
github.com/Bilibotter/light-flow/flow/context.go:403.57,405.2 1 1
github.com/Bilibotter/light-flow/flow/context.go:407.78,409.2 1 1
github.com/Bilibotter/light-flow/flow/context.go:411.65,413.2 1 1
github.com/Bilibotter/light-flow/flow/context.go:415.67,419.11 4 1
github.com/Bilibotter/light-flow/flow/context.go:422.2,424.21 3 1
github.com/Bilibotter/light-flow/flow/context.go:435.2,435.10 1 1
github.com/Bilibotter/light-flow/flow/context.go:419.11,421.3 1 0
github.com/Bilibotter/light-flow/flow/context.go:424.21,425.80 1 1
github.com/Bilibotter/light-flow/flow/context.go:429.3,433.25 5 1
github.com/Bilibotter/light-flow/flow/context.go:425.80,427.12 2 1
github.com/Bilibotter/light-flow/flow/context.go:438.73,440.12 2 1
github.com/Bilibotter/light-flow/flow/context.go:443.2,444.35 2 1
github.com/Bilibotter/light-flow/flow/context.go:447.2,449.11 3 1
github.com/Bilibotter/light-flow/flow/context.go:452.2,452.25 1 1
github.com/Bilibotter/light-flow/flow/context.go:440.12,442.3 1 0
github.com/Bilibotter/light-flow/flow/context.go:444.35,446.3 1 1
github.com/Bilibotter/light-flow/flow/context.go:449.11,451.3 1 0
github.com/Bilibotter/light-flow/flow/context.go:455.63,459.2 3 1
github.com/Bilibotter/light-flow/flow/context.go:461.71,466.9 3 1
github.com/Bilibotter/light-flow/flow/context.go:469.2,470.9 2 1
github.com/Bilibotter/light-flow/flow/context.go:473.2,473.30 1 1
github.com/Bilibotter/light-flow/flow/context.go:466.9,468.3 1 0
github.com/Bilibotter/light-flow/flow/context.go:470.9,472.3 1 0
github.com/Bilibotter/light-flow/flow/context.go:476.70,478.42 2 1
github.com/Bilibotter/light-flow/flow/context.go:485.2,492.12 4 1
github.com/Bilibotter/light-flow/flow/context.go:478.42,480.9 2 1
github.com/Bilibotter/light-flow/flow/context.go:480.9,483.4 2 0
github.com/Bilibotter/light-flow/flow/context.go:495.90,499.9 4 1
github.com/Bilibotter/light-flow/flow/context.go:502.2,502.37 1 1
github.com/Bilibotter/light-flow/flow/context.go:499.9,500.56 1 0
github.com/Bilibotter/light-flow/flow/context.go:508.64,511.40 3 1
github.com/Bilibotter/light-flow/flow/context.go:516.2,516.19 1 1
github.com/Bilibotter/light-flow/flow/context.go:511.40,512.45 1 1
github.com/Bilibotter/light-flow/flow/context.go:512.45,514.4 1 1
github.com/Bilibotter/light-flow/flow/context.go:520.63,529.2 4 1
github.com/Bilibotter/light-flow/flow/context.go:531.74,535.12 4 1
github.com/Bilibotter/light-flow/flow/context.go:538.2,538.40 1 1
github.com/Bilibotter/light-flow/flow/context.go:535.12,537.3 1 1
github.com/Bilibotter/light-flow/flow/context.go:543.59,546.47 1 1
github.com/Bilibotter/light-flow/flow/context.go:549.2,549.19 1 1
github.com/Bilibotter/light-flow/flow/context.go:552.2,552.39 1 1
github.com/Bilibotter/light-flow/flow/context.go:546.47,548.3 1 1
github.com/Bilibotter/light-flow/flow/context.go:549.19,551.3 1 1
github.com/Bilibotter/light-flow/flow/context.go:555.48,556.27 1 1
github.com/Bilibotter/light-flow/flow/context.go:559.2,559.19 1 1
github.com/Bilibotter/light-flow/flow/context.go:562.2,562.28 1 1
github.com/Bilibotter/light-flow/flow/context.go:556.27,558.3 1 1
github.com/Bilibotter/light-flow/flow/context.go:559.19,561.3 1 1
github.com/Bilibotter/light-flow/flow/context.go:565.62,566.49 1 1
github.com/Bilibotter/light-flow/flow/context.go:566.49,568.3 1 1
github.com/Bilibotter/light-flow/flow/context.go:568.8,570.3 1 1
github.com/Bilibotter/light-flow/flow/context.go:573.44,574.35 1 1
github.com/Bilibotter/light-flow/flow/context.go:577.2,577.24 1 1
github.com/Bilibotter/light-flow/flow/context.go:574.35,576.3 1 1
github.com/Bilibotter/light-flow/flow/context.go:580.43,582.2 1 1
github.com/Bilibotter/light-flow/flow/context.go:584.76,587.2 2 1
github.com/Bilibotter/light-flow/flow/context.go:589.56,591.2 1 1
github.com/Bilibotter/light-flow/flow/logs.go:55.27,57.2 1 0
github.com/Bilibotter/light-flow/flow/logs.go:59.54,60.31 1 1
github.com/Bilibotter/light-flow/flow/logs.go:60.31,62.32 2 1
github.com/Bilibotter/light-flow/flow/logs.go:70.3,70.34 1 1
github.com/Bilibotter/light-flow/flow/logs.go:74.3,74.34 1 1
github.com/Bilibotter/light-flow/flow/logs.go:62.32,63.30 1 1
github.com/Bilibotter/light-flow/flow/logs.go:63.30,64.33 1 1
github.com/Bilibotter/light-flow/flow/logs.go:67.5,67.70 1 1
github.com/Bilibotter/light-flow/flow/logs.go:64.33,65.14 1 0
github.com/Bilibotter/light-flow/flow/logs.go:70.34,73.4 2 1
github.com/Bilibotter/light-flow/flow/logs.go:74.34,76.4 1 1
github.com/Bilibotter/light-flow/flow/logs.go:80.40,84.2 1 1
github.com/Bilibotter/light-flow/flow/logs.go:86.49,87.19 1 0
github.com/Bilibotter/light-flow/flow/logs.go:90.48,91.19 1 0
github.com/Bilibotter/light-flow/flow/logs.go:94.48,95.19 1 0
github.com/Bilibotter/light-flow/flow/logs.go:98.49,99.19 1 0
github.com/Bilibotter/light-flow/flow/logs.go:102.65,104.2 1 0
github.com/Bilibotter/light-flow/flow/logs.go:106.64,108.2 1 0
github.com/Bilibotter/light-flow/flow/logs.go:110.64,112.2 1 0
github.com/Bilibotter/light-flow/flow/logs.go:114.65,116.2 1 1
github.com/Bilibotter/light-flow/flow/recover.go:146.13,158.2 7 1
github.com/Bilibotter/light-flow/flow/recover.go:160.56,162.2 1 1
github.com/Bilibotter/light-flow/flow/recover.go:164.56,166.2 1 1
github.com/Bilibotter/light-flow/flow/recover.go:168.23,170.2 1 1
github.com/Bilibotter/light-flow/flow/recover.go:172.82,174.2 1 1
github.com/Bilibotter/light-flow/flow/recover.go:176.49,179.2 2 1
github.com/Bilibotter/light-flow/flow/recover.go:181.35,183.2 1 1
github.com/Bilibotter/light-flow/flow/recover.go:185.28,188.29 3 1
github.com/Bilibotter/light-flow/flow/recover.go:191.2,191.17 1 1
github.com/Bilibotter/light-flow/flow/recover.go:188.29,189.61 1 0
github.com/Bilibotter/light-flow/flow/recover.go:194.67,197.15 3 1
github.com/Bilibotter/light-flow/flow/recover.go:212.2,213.23 2 1
github.com/Bilibotter/light-flow/flow/recover.go:217.2,218.23 2 1
github.com/Bilibotter/light-flow/flow/recover.go:222.2,223.9 2 1
github.com/Bilibotter/light-flow/flow/recover.go:228.2,230.58 3 1
github.com/Bilibotter/light-flow/flow/recover.go:233.2,233.53 1 1
github.com/Bilibotter/light-flow/flow/recover.go:236.2,237.23 2 1
github.com/Bilibotter/light-flow/flow/recover.go:241.2,243.20 3 1
github.com/Bilibotter/light-flow/flow/recover.go:247.2,248.139 2 1
github.com/Bilibotter/light-flow/flow/recover.go:254.2,254.8 1 1
github.com/Bilibotter/light-flow/flow/recover.go:197.15,198.31 1 1
github.com/Bilibotter/light-flow/flow/recover.go:204.3,204.24 1 1
github.com/Bilibotter/light-flow/flow/recover.go:208.3,208.19 1 1
github.com/Bilibotter/light-flow/flow/recover.go:198.31,203.4 4 1
github.com/Bilibotter/light-flow/flow/recover.go:204.24,207.4 2 1
github.com/Bilibotter/light-flow/flow/recover.go:208.19,210.4 1 1
github.com/Bilibotter/light-flow/flow/recover.go:213.23,216.3 2 1
github.com/Bilibotter/light-flow/flow/recover.go:218.23,221.3 2 1
github.com/Bilibotter/light-flow/flow/recover.go:223.9,227.3 3 0
github.com/Bilibotter/light-flow/flow/recover.go:230.58,232.3 1 1
github.com/Bilibotter/light-flow/flow/recover.go:233.53,235.3 1 0
github.com/Bilibotter/light-flow/flow/recover.go:237.23,240.3 2 1
github.com/Bilibotter/light-flow/flow/recover.go:243.20,246.3 2 1
github.com/Bilibotter/light-flow/flow/recover.go:248.139,249.17 1 0
github.com/Bilibotter/light-flow/flow/recover.go:252.3,252.50 1 0
github.com/Bilibotter/light-flow/flow/recover.go:249.17,251.4 1 0
github.com/Bilibotter/light-flow/flow/recover.go:257.36,259.2 1 1
github.com/Bilibotter/light-flow/flow/recover.go:261.74,264.43 2 1
github.com/Bilibotter/light-flow/flow/recover.go:267.2,267.45 1 1
github.com/Bilibotter/light-flow/flow/recover.go:273.2,274.41 2 1
github.com/Bilibotter/light-flow/flow/recover.go:289.2,289.41 1 1
github.com/Bilibotter/light-flow/flow/recover.go:313.2,313.12 1 1
github.com/Bilibotter/light-flow/flow/recover.go:264.43,266.3 1 1
github.com/Bilibotter/light-flow/flow/recover.go:267.45,269.38 2 1
github.com/Bilibotter/light-flow/flow/recover.go:269.38,271.4 1 1
github.com/Bilibotter/light-flow/flow/recover.go:274.41,275.44 1 1
github.com/Bilibotter/light-flow/flow/recover.go:278.3,282.44 5 1
github.com/Bilibotter/light-flow/flow/recover.go:287.3,287.38 1 1
github.com/Bilibotter/light-flow/flow/recover.go:275.44,276.12 1 1
github.com/Bilibotter/light-flow/flow/recover.go:282.44,283.62 1 1
github.com/Bilibotter/light-flow/flow/recover.go:283.62,285.5 1 1
github.com/Bilibotter/light-flow/flow/recover.go:289.41,290.41 1 1
github.com/Bilibotter/light-flow/flow/recover.go:293.3,296.10 3 1
github.com/Bilibotter/light-flow/flow/recover.go:303.3,304.12 2 1
github.com/Bilibotter/light-flow/flow/recover.go:310.3,311.35 2 1
github.com/Bilibotter/light-flow/flow/recover.go:290.41,291.12 1 1
github.com/Bilibotter/light-flow/flow/recover.go:296.10,301.4 4 0
github.com/Bilibotter/light-flow/flow/recover.go:304.12,309.4 4 0
github.com/Bilibotter/light-flow/flow/recover.go:316.79,318.41 2 1
github.com/Bilibotter/light-flow/flow/recover.go:323.2,323.15 1 1
github.com/Bilibotter/light-flow/flow/recover.go:329.2,329.41 1 1
github.com/Bilibotter/light-flow/flow/recover.go:347.2,347.8 1 1
github.com/Bilibotter/light-flow/flow/recover.go:318.41,319.44 1 1
github.com/Bilibotter/light-flow/flow/recover.go:319.44,321.4 1 1
github.com/Bilibotter/light-flow/flow/recover.go:323.15,324.31 1 1
github.com/Bilibotter/light-flow/flow/recover.go:324.31,327.4 2 0
github.com/Bilibotter/light-flow/flow/recover.go:329.41,330.32 1 1
github.com/Bilibotter/light-flow/flow/recover.go:343.3,343.17 1 1
github.com/Bilibotter/light-flow/flow/recover.go:331.18,332.45 1 1
github.com/Bilibotter/light-flow/flow/recover.go:333.21,335.41 2 1
github.com/Bilibotter/light-flow/flow/recover.go:336.18,339.41 3 1
github.com/Bilibotter/light-flow/flow/recover.go:340.11,341.63 1 0
github.com/Bilibotter/light-flow/flow/recover.go:343.17,345.4 1 1
github.com/Bilibotter/light-flow/flow/recover.go:350.27,351.26 1 1
github.com/Bilibotter/light-flow/flow/recover.go:352.25,353.17 1 1
github.com/Bilibotter/light-flow/flow/recover.go:354.24,355.22 1 1
github.com/Bilibotter/light-flow/flow/recover.go:356.10,357.9 1 1
github.com/Bilibotter/light-flow/flow/recover.go:361.39,362.19 1 1
github.com/Bilibotter/light-flow/flow/recover.go:362.19,363.23 1 1
github.com/Bilibotter/light-flow/flow/recover.go:363.23,364.28 1 1
github.com/Bilibotter/light-flow/flow/recover.go:367.4,368.31 2 1
github.com/Bilibotter/light-flow/flow/recover.go:364.28,365.13 1 1
github.com/Bilibotter/light-flow/flow/recover.go:368.31,370.5 1 1
github.com/Bilibotter/light-flow/flow/recover.go:375.49,376.25 1 1
github.com/Bilibotter/light-flow/flow/recover.go:376.25,377.29 1 1
github.com/Bilibotter/light-flow/flow/recover.go:377.29,379.31 2 1
github.com/Bilibotter/light-flow/flow/recover.go:379.31,381.5 1 1
github.com/Bilibotter/light-flow/flow/recover.go:387.29,388.26 1 1
github.com/Bilibotter/light-flow/flow/recover.go:389.25,390.19 1 1
github.com/Bilibotter/light-flow/flow/recover.go:391.24,392.24 1 1
github.com/Bilibotter/light-flow/flow/recover.go:393.10,394.9 1 1
github.com/Bilibotter/light-flow/flow/recover.go:398.41,399.19 1 1
github.com/Bilibotter/light-flow/flow/recover.go:399.19,400.23 1 1
github.com/Bilibotter/light-flow/flow/recover.go:400.23,401.28 1 1
github.com/Bilibotter/light-flow/flow/recover.go:404.4,404.56 1 1
github.com/Bilibotter/light-flow/flow/recover.go:401.28,402.13 1 1
github.com/Bilibotter/light-flow/flow/recover.go:404.56,408.5 3 1
github.com/Bilibotter/light-flow/flow/recover.go:413.51,414.25 1 1
github.com/Bilibotter/light-flow/flow/recover.go:414.25,415.29 1 1
github.com/Bilibotter/light-flow/flow/recover.go:415.29,417.11 2 1
github.com/Bilibotter/light-flow/flow/recover.go:420.4,422.39 3 1
github.com/Bilibotter/light-flow/flow/recover.go:417.11,418.13 1 1
github.com/Bilibotter/light-flow/flow/recover.go:427.48,432.42 5 1
github.com/Bilibotter/light-flow/flow/recover.go:435.2,435.39 1 1
github.com/Bilibotter/light-flow/flow/recover.go:438.2,438.25 1 1
github.com/Bilibotter/light-flow/flow/recover.go:441.2,441.25 1 1
github.com/Bilibotter/light-flow/flow/recover.go:432.42,434.3 1 1
github.com/Bilibotter/light-flow/flow/recover.go:435.39,437.3 1 0
github.com/Bilibotter/light-flow/flow/recover.go:438.25,440.3 1 0
github.com/Bilibotter/light-flow/flow/recover.go:444.60,445.25 1 1
github.com/Bilibotter/light-flow/flow/recover.go:450.2,452.16 3 1
github.com/Bilibotter/light-flow/flow/recover.go:455.2,457.43 3 1
github.com/Bilibotter/light-flow/flow/recover.go:460.2,461.20 2 1
github.com/Bilibotter/light-flow/flow/recover.go:445.25,448.3 2 0
github.com/Bilibotter/light-flow/flow/recover.go:452.16,454.3 1 1
github.com/Bilibotter/light-flow/flow/recover.go:457.43,459.3 1 0
github.com/Bilibotter/light-flow/flow/recover.go:464.56,465.20 1 1
github.com/Bilibotter/light-flow/flow/recover.go:468.2,468.36 1 1
github.com/Bilibotter/light-flow/flow/recover.go:471.2,471.41 1 1
github.com/Bilibotter/light-flow/flow/recover.go:474.2,474.19 1 1
github.com/Bilibotter/light-flow/flow/recover.go:465.20,467.3 1 1
github.com/Bilibotter/light-flow/flow/recover.go:468.36,470.3 1 1
github.com/Bilibotter/light-flow/flow/recover.go:471.41,473.3 1 1
github.com/Bilibotter/light-flow/flow/recover.go:477.56,478.20 1 1
github.com/Bilibotter/light-flow/flow/recover.go:481.2,482.36 2 1
github.com/Bilibotter/light-flow/flow/recover.go:485.2,485.42 1 1
github.com/Bilibotter/light-flow/flow/recover.go:488.2,488.19 1 0
github.com/Bilibotter/light-flow/flow/recover.go:478.20,480.3 1 1
github.com/Bilibotter/light-flow/flow/recover.go:482.36,484.3 1 1
github.com/Bilibotter/light-flow/flow/recover.go:485.42,487.3 1 1
github.com/Bilibotter/light-flow/flow/recover.go:491.45,493.2 1 1
github.com/Bilibotter/light-flow/flow/recover.go:495.47,497.2 1 1
github.com/Bilibotter/light-flow/flow/recover.go:499.43,501.2 1 1
github.com/Bilibotter/light-flow/flow/recover.go:503.42,505.2 1 1
github.com/Bilibotter/light-flow/flow/recover.go:507.56,509.2 1 1
github.com/Bilibotter/light-flow/flow/recover.go:511.46,513.2 1 1
github.com/Bilibotter/light-flow/flow/recover.go:515.84,519.16 4 1
github.com/Bilibotter/light-flow/flow/recover.go:523.2,525.55 3 1
github.com/Bilibotter/light-flow/flow/recover.go:529.2,532.59 3 1
github.com/Bilibotter/light-flow/flow/recover.go:519.16,521.3 1 0
github.com/Bilibotter/light-flow/flow/recover.go:525.55,527.3 1 0
github.com/Bilibotter/light-flow/flow/recover.go:535.85,537.16 2 1
github.com/Bilibotter/light-flow/flow/recover.go:540.2,542.16 3 1
github.com/Bilibotter/light-flow/flow/recover.go:546.2,546.42 1 1
github.com/Bilibotter/light-flow/flow/recover.go:550.2,556.37 5 1
github.com/Bilibotter/light-flow/flow/recover.go:537.16,539.3 1 0
github.com/Bilibotter/light-flow/flow/recover.go:542.16,544.3 1 0
github.com/Bilibotter/light-flow/flow/recover.go:546.42,548.3 1 0
github.com/Bilibotter/light-flow/flow/recover.go:559.45,561.2 1 1
github.com/Bilibotter/light-flow/flow/recover.go:563.47,565.2 1 1
github.com/Bilibotter/light-flow/flow/recover.go:567.46,569.2 1 1
github.com/Bilibotter/light-flow/flow/recover.go:571.52,573.2 1 1
github.com/Bilibotter/light-flow/flow/recover.go:575.50,577.2 1 1
github.com/Bilibotter/light-flow/flow/recover.go:579.47,581.2 1 1
github.com/Bilibotter/light-flow/flow/recover.go:583.52,585.2 1 1
github.com/Bilibotter/light-flow/flow/recover.go:587.47,589.2 1 1
github.com/Bilibotter/light-flow/flow/recover.go:591.54,593.2 1 1
github.com/Bilibotter/light-flow/flow/recover.go:595.58,597.32 2 1
github.com/Bilibotter/light-flow/flow/recover.go:607.2,607.32 1 1
github.com/Bilibotter/light-flow/flow/recover.go:614.2,615.16 2 1
github.com/Bilibotter/light-flow/flow/recover.go:620.2,620.8 1 1
github.com/Bilibotter/light-flow/flow/recover.go:597.32,600.17 2 1
github.com/Bilibotter/light-flow/flow/recover.go:600.17,605.4 4 1
github.com/Bilibotter/light-flow/flow/recover.go:607.32,608.52 1 1
github.com/Bilibotter/light-flow/flow/recover.go:608.52,609.15 1 1
github.com/Bilibotter/light-flow/flow/recover.go:609.15,611.5 1 1
github.com/Bilibotter/light-flow/flow/recover.go:615.16,619.3 3 1
github.com/Bilibotter/light-flow/flow/recover.go:623.51,625.2 1 1
github.com/Bilibotter/light-flow/flow/recover.go:627.45,629.2 1 1
github.com/Bilibotter/light-flow/flow/recover.go:631.47,633.2 1 1
github.com/Bilibotter/light-flow/flow/recover.go:635.46,637.2 1 1
github.com/Bilibotter/light-flow/flow/recover.go:639.52,641.2 1 1
github.com/Bilibotter/light-flow/flow/recover.go:643.50,645.2 1 1
github.com/Bilibotter/light-flow/flow/recover.go:647.47,649.2 1 1
github.com/Bilibotter/light-flow/flow/recover.go:651.52,653.2 1 1
github.com/Bilibotter/light-flow/flow/recover.go:655.47,657.2 1 1
github.com/Bilibotter/light-flow/flow/recover.go:659.54,661.2 1 1
github.com/Bilibotter/light-flow/flow/recover.go:663.58,665.29 2 1
github.com/Bilibotter/light-flow/flow/recover.go:683.2,684.16 2 1
github.com/Bilibotter/light-flow/flow/recover.go:689.2,689.8 1 1
github.com/Bilibotter/light-flow/flow/recover.go:665.29,666.61 1 1
github.com/Bilibotter/light-flow/flow/recover.go:666.61,668.46 1 1
github.com/Bilibotter/light-flow/flow/recover.go:673.4,674.18 2 1
github.com/Bilibotter/light-flow/flow/recover.go:680.4,680.44 1 1
github.com/Bilibotter/light-flow/flow/recover.go:668.46,669.16 1 1
github.com/Bilibotter/light-flow/flow/recover.go:669.16,670.14 1 1
github.com/Bilibotter/light-flow/flow/recover.go:674.18,679.5 4 1
github.com/Bilibotter/light-flow/flow/recover.go:684.16,688.3 3 1
github.com/Bilibotter/light-flow/flow/recover.go:692.51,694.2 1 1
github.com/Bilibotter/light-flow/flow/recover.go:696.45,698.2 1 1
github.com/Bilibotter/light-flow/flow/recover.go:700.47,702.2 1 1
github.com/Bilibotter/light-flow/flow/recover.go:704.46,706.2 1 1
github.com/Bilibotter/light-flow/flow/recover.go:708.52,710.2 1 1
github.com/Bilibotter/light-flow/flow/recover.go:712.50,714.2 1 1
github.com/Bilibotter/light-flow/flow/recover.go:716.47,718.2 1 1
github.com/Bilibotter/light-flow/flow/recover.go:720.52,722.2 1 1
github.com/Bilibotter/light-flow/flow/recover.go:724.47,726.2 1 1
github.com/Bilibotter/light-flow/flow/recover.go:728.54,730.2 1 1
github.com/Bilibotter/light-flow/flow/recover.go:732.58,734.2 1 1
github.com/Bilibotter/light-flow/flow/recover.go:736.51,738.2 1 1
github.com/Bilibotter/light-flow/flow/recover.go:740.64,742.16 2 1
github.com/Bilibotter/light-flow/flow/recover.go:748.2,749.26 2 1
github.com/Bilibotter/light-flow/flow/recover.go:759.2,759.31 1 1
github.com/Bilibotter/light-flow/flow/recover.go:764.2,767.12 4 1
github.com/Bilibotter/light-flow/flow/recover.go:742.16,747.3 4 1
github.com/Bilibotter/light-flow/flow/recover.go:749.26,752.17 3 1
github.com/Bilibotter/light-flow/flow/recover.go:752.17,757.4 4 0
github.com/Bilibotter/light-flow/flow/recover.go:759.31,760.39 1 1
github.com/Bilibotter/light-flow/flow/recover.go:760.39,762.4 1 1
github.com/Bilibotter/light-flow/flow/recover.go:770.38,771.15 1 1
github.com/Bilibotter/light-flow/flow/recover.go:777.2,780.39 4 1
github.com/Bilibotter/light-flow/flow/recover.go:791.2,791.41 1 1
github.com/Bilibotter/light-flow/flow/recover.go:798.2,804.79 2 1
github.com/Bilibotter/light-flow/flow/recover.go:771.15,772.31 1 1
github.com/Bilibotter/light-flow/flow/recover.go:772.31,775.4 2 1
github.com/Bilibotter/light-flow/flow/recover.go:780.39,781.20 1 1
github.com/Bilibotter/light-flow/flow/recover.go:784.3,784.38 1 1
github.com/Bilibotter/light-flow/flow/recover.go:789.3,789.71 1 1
github.com/Bilibotter/light-flow/flow/recover.go:781.20,782.12 1 1
github.com/Bilibotter/light-flow/flow/recover.go:784.38,785.26 1 1
github.com/Bilibotter/light-flow/flow/recover.go:785.26,787.5 1 1
github.com/Bilibotter/light-flow/flow/recover.go:791.41,794.72 3 1
github.com/Bilibotter/light-flow/flow/recover.go:794.72,796.4 1 1
github.com/Bilibotter/light-flow/flow/recover.go:804.79,809.3 4 1
github.com/Bilibotter/light-flow/flow/recover.go:812.72,815.16 3 1
github.com/Bilibotter/light-flow/flow/recover.go:821.2,821.54 1 1
github.com/Bilibotter/light-flow/flow/recover.go:824.2,824.26 1 1
github.com/Bilibotter/light-flow/flow/recover.go:849.2,849.12 1 1
github.com/Bilibotter/light-flow/flow/recover.go:815.16,820.3 4 0
github.com/Bilibotter/light-flow/flow/recover.go:821.54,823.3 1 0
github.com/Bilibotter/light-flow/flow/recover.go:824.26,827.43 3 1
github.com/Bilibotter/light-flow/flow/recover.go:847.3,847.26 1 1
github.com/Bilibotter/light-flow/flow/recover.go:827.43,832.56 2 1
github.com/Bilibotter/light-flow/flow/recover.go:835.4,836.18 2 1
github.com/Bilibotter/light-flow/flow/recover.go:842.4,843.22 2 1
github.com/Bilibotter/light-flow/flow/recover.go:832.56,834.5 1 1
github.com/Bilibotter/light-flow/flow/recover.go:836.18,841.5 4 0
github.com/Bilibotter/light-flow/flow/recover.go:843.22,845.5 1 1
github.com/Bilibotter/light-flow/flow/recover.go:852.66,855.2 2 1
github.com/Bilibotter/light-flow/flow/recover.go:857.75,859.18 2 1
github.com/Bilibotter/light-flow/flow/recover.go:862.2,863.31 2 1
github.com/Bilibotter/light-flow/flow/recover.go:866.2,867.9 2 1
github.com/Bilibotter/light-flow/flow/recover.go:870.2,871.26 2 1
github.com/Bilibotter/light-flow/flow/recover.go:879.2,880.21 2 1
github.com/Bilibotter/light-flow/flow/recover.go:883.2,883.12 1 1
github.com/Bilibotter/light-flow/flow/recover.go:859.18,861.3 1 1
github.com/Bilibotter/light-flow/flow/recover.go:863.31,865.3 1 0
github.com/Bilibotter/light-flow/flow/recover.go:867.9,869.3 1 0
github.com/Bilibotter/light-flow/flow/recover.go:871.26,878.3 1 1
github.com/Bilibotter/light-flow/flow/recover.go:880.21,882.3 1 1
github.com/Bilibotter/light-flow/flow/step.go:48.47,51.2 2 1
github.com/Bilibotter/light-flow/flow/step.go:53.37,55.2 1 1
github.com/Bilibotter/light-flow/flow/step.go:57.84,59.2 1 1
github.com/Bilibotter/light-flow/flow/step.go:61.84,63.41 2 1
github.com/Bilibotter/light-flow/flow/step.go:66.2,66.54 1 1
github.com/Bilibotter/light-flow/flow/step.go:63.41,65.3 1 1
github.com/Bilibotter/light-flow/flow/step.go:69.57,70.26 1 1
github.com/Bilibotter/light-flow/flow/step.go:73.2,73.38 1 1
github.com/Bilibotter/light-flow/flow/step.go:80.2,80.22 1 1
github.com/Bilibotter/light-flow/flow/step.go:70.26,72.3 1 1
github.com/Bilibotter/light-flow/flow/step.go:73.38,75.13 2 1
github.com/Bilibotter/light-flow/flow/step.go:78.3,78.33 1 1
github.com/Bilibotter/light-flow/flow/step.go:75.13,76.68 1 0
github.com/Bilibotter/light-flow/flow/step.go:83.37,84.26 1 1
github.com/Bilibotter/light-flow/flow/step.go:88.2,88.38 1 1
github.com/Bilibotter/light-flow/flow/step.go:103.2,103.28 1 1
github.com/Bilibotter/light-flow/flow/step.go:107.2,107.28 1 1
github.com/Bilibotter/light-flow/flow/step.go:84.26,86.3 1 1
github.com/Bilibotter/light-flow/flow/step.go:88.38,89.79 1 1
github.com/Bilibotter/light-flow/flow/step.go:90.3,90.32 1 1
github.com/Bilibotter/light-flow/flow/step.go:93.3,94.32 2 1
github.com/Bilibotter/light-flow/flow/step.go:98.3,98.34 1 1
github.com/Bilibotter/light-flow/flow/step.go:89.79,89.101 1 1
github.com/Bilibotter/light-flow/flow/step.go:90.32,91.12 1 1
github.com/Bilibotter/light-flow/flow/step.go:94.32,97.4 2 1
github.com/Bilibotter/light-flow/flow/step.go:98.34,100.4 1 1
github.com/Bilibotter/light-flow/flow/step.go:103.28,105.3 1 1
github.com/Bilibotter/light-flow/flow/step.go:112.39,113.37 1 1
github.com/Bilibotter/light-flow/flow/step.go:113.37,114.28 1 1
github.com/Bilibotter/light-flow/flow/step.go:117.3,117.84 1 1
github.com/Bilibotter/light-flow/flow/step.go:114.28,115.12 1 1
github.com/Bilibotter/light-flow/flow/step.go:121.59,122.38 1 1
github.com/Bilibotter/light-flow/flow/step.go:131.2,131.14 1 1
github.com/Bilibotter/light-flow/flow/step.go:122.38,123.30 1 1
github.com/Bilibotter/light-flow/flow/step.go:126.3,126.37 1 1
github.com/Bilibotter/light-flow/flow/step.go:123.30,125.4 1 1
github.com/Bilibotter/light-flow/flow/step.go:126.37,128.4 1 1
github.com/Bilibotter/light-flow/flow/step.go:134.56,135.38 1 1
github.com/Bilibotter/light-flow/flow/step.go:144.2,144.14 1 1
github.com/Bilibotter/light-flow/flow/step.go:135.38,136.30 1 1
github.com/Bilibotter/light-flow/flow/step.go:139.3,139.34 1 1
github.com/Bilibotter/light-flow/flow/step.go:136.30,138.4 1 1
github.com/Bilibotter/light-flow/flow/step.go:139.34,141.4 1 1
github.com/Bilibotter/light-flow/flow/step.go:147.34,149.2 1 1
github.com/Bilibotter/light-flow/flow/step.go:151.34,153.2 1 1
github.com/Bilibotter/light-flow/flow/step.go:155.38,157.2 1 1
github.com/Bilibotter/light-flow/flow/step.go:159.40,161.2 1 1
github.com/Bilibotter/light-flow/flow/step.go:163.56,165.38 2 1
github.com/Bilibotter/light-flow/flow/step.go:168.2,168.10 1 1
github.com/Bilibotter/light-flow/flow/step.go:165.38,167.3 1 1
github.com/Bilibotter/light-flow/flow/step.go:171.41,173.2 1 1
github.com/Bilibotter/light-flow/flow/step.go:175.43,177.2 1 1
github.com/Bilibotter/light-flow/flow/step.go:179.45,181.2 1 1
github.com/Bilibotter/light-flow/flow/step.go:183.43,185.2 1 1
github.com/Bilibotter/light-flow/flow/step.go:187.47,188.23 1 0
github.com/Bilibotter/light-flow/flow/step.go:191.2,191.33 1 0
github.com/Bilibotter/light-flow/flow/step.go:188.23,190.3 1 0
github.com/Bilibotter/light-flow/flow/step.go:194.86,196.2 1 1
github.com/Bilibotter/light-flow/flow/step.go:198.73,200.2 1 1
github.com/Bilibotter/light-flow/flow/step.go:202.43,204.2 1 1
github.com/Bilibotter/light-flow/flow/step.go:206.41,208.2 1 1
github.com/Bilibotter/light-flow/flow/step.go:210.33,212.23 2 1
github.com/Bilibotter/light-flow/flow/step.go:212.23,215.3 2 1
github.com/Bilibotter/light-flow/flow/step.go:218.60,219.27 1 1
github.com/Bilibotter/light-flow/flow/step.go:223.2,223.118 1 1
github.com/Bilibotter/light-flow/flow/step.go:219.27,222.3 2 1
github.com/Bilibotter/light-flow/flow/event.go:107.37,109.2 1 1
github.com/Bilibotter/light-flow/flow/event.go:111.77,116.2 4 1
github.com/Bilibotter/light-flow/flow/event.go:118.92,124.2 5 1
github.com/Bilibotter/light-flow/flow/event.go:126.64,134.29 2 1
github.com/Bilibotter/light-flow/flow/event.go:142.2,142.14 1 1
github.com/Bilibotter/light-flow/flow/event.go:135.16,136.31 1 1
github.com/Bilibotter/light-flow/flow/event.go:137.19,138.31 1 1
github.com/Bilibotter/light-flow/flow/event.go:139.16,140.31 1 1
github.com/Bilibotter/light-flow/flow/event.go:145.42,159.2 1 1
github.com/Bilibotter/light-flow/flow/event.go:161.50,163.9 2 1
github.com/Bilibotter/light-flow/flow/event.go:171.2,171.26 1 1
github.com/Bilibotter/light-flow/flow/event.go:174.2,174.35 1 1
github.com/Bilibotter/light-flow/flow/event.go:164.28,165.65 1 1
github.com/Bilibotter/light-flow/flow/event.go:168.3,168.9 1 1
github.com/Bilibotter/light-flow/flow/event.go:169.10,169.10 0 1
github.com/Bilibotter/light-flow/flow/event.go:165.65,167.4 1 1
github.com/Bilibotter/light-flow/flow/event.go:171.26,173.3 1 1
github.com/Bilibotter/light-flow/flow/event.go:177.36,181.2 3 1
github.com/Bilibotter/light-flow/flow/event.go:183.43,195.2 6 1
github.com/Bilibotter/light-flow/flow/event.go:197.35,199.2 1 1
github.com/Bilibotter/light-flow/flow/event.go:201.61,203.20 2 1
github.com/Bilibotter/light-flow/flow/event.go:209.2,209.14 1 1
github.com/Bilibotter/light-flow/flow/event.go:203.20,208.3 4 1
github.com/Bilibotter/light-flow/flow/event.go:212.60,213.56 1 1
github.com/Bilibotter/light-flow/flow/event.go:230.2,230.43 1 1
github.com/Bilibotter/light-flow/flow/event.go:238.2,240.38 3 1
github.com/Bilibotter/light-flow/flow/event.go:247.2,247.12 1 0
github.com/Bilibotter/light-flow/flow/event.go:213.56,219.41 5 1
github.com/Bilibotter/light-flow/flow/event.go:227.3,228.13 2 1
github.com/Bilibotter/light-flow/flow/event.go:219.41,221.119 2 1
github.com/Bilibotter/light-flow/flow/event.go:221.119,225.5 3 1
github.com/Bilibotter/light-flow/flow/event.go:230.43,237.3 6 1
github.com/Bilibotter/light-flow/flow/event.go:240.38,242.70 1 1
github.com/Bilibotter/light-flow/flow/event.go:242.70,245.4 2 1
github.com/Bilibotter/light-flow/flow/event.go:250.50,251.17 1 1
github.com/Bilibotter/light-flow/flow/event.go:254.2,255.6 2 1
github.com/Bilibotter/light-flow/flow/event.go:251.17,253.3 1 1
github.com/Bilibotter/light-flow/flow/event.go:255.6,256.10 1 1
github.com/Bilibotter/light-flow/flow/event.go:268.3,268.44 1 1
github.com/Bilibotter/light-flow/flow/event.go:271.3,271.69 1 1
github.com/Bilibotter/light-flow/flow/event.go:257.31,258.33 1 1
github.com/Bilibotter/light-flow/flow/event.go:259.18,261.10 2 1
github.com/Bilibotter/light-flow/flow/event.go:262.11,263.26 1 1
github.com/Bilibotter/light-flow/flow/event.go:263.26,265.5 1 1
github.com/Bilibotter/light-flow/flow/event.go:268.44,270.4 1 0
github.com/Bilibotter/light-flow/flow/event.go:275.50,277.65 1 1
github.com/Bilibotter/light-flow/flow/event.go:280.2,281.9 2 1
github.com/Bilibotter/light-flow/flow/event.go:291.2,293.50 2 1
github.com/Bilibotter/light-flow/flow/event.go:306.2,307.14 2 0
github.com/Bilibotter/light-flow/flow/event.go:277.65,279.3 1 1
github.com/Bilibotter/light-flow/flow/event.go:282.30,285.15 3 1
github.com/Bilibotter/light-flow/flow/event.go:286.17,288.14 2 1
github.com/Bilibotter/light-flow/flow/event.go:289.17,289.17 0 1
github.com/Bilibotter/light-flow/flow/event.go:293.50,294.80 1 1
github.com/Bilibotter/light-flow/flow/event.go:294.80,297.20 3 1
github.com/Bilibotter/light-flow/flow/event.go:301.4,303.16 3 1
github.com/Bilibotter/light-flow/flow/event.go:297.20,299.5 1 1
github.com/Bilibotter/light-flow/flow/event.go:310.117,311.24 1 1
github.com/Bilibotter/light-flow/flow/event.go:314.2,315.10 2 1
github.com/Bilibotter/light-flow/flow/event.go:311.24,312.31 1 0
github.com/Bilibotter/light-flow/flow/event.go:318.118,319.24 1 1
github.com/Bilibotter/light-flow/flow/event.go:322.2,323.10 2 1
github.com/Bilibotter/light-flow/flow/event.go:319.24,320.31 1 0
github.com/Bilibotter/light-flow/flow/event.go:326.76,327.31 1 1
github.com/Bilibotter/light-flow/flow/event.go:330.2,330.10 1 1
github.com/Bilibotter/light-flow/flow/event.go:327.31,329.3 1 1
github.com/Bilibotter/light-flow/flow/event.go:333.66,334.19 1 1
github.com/Bilibotter/light-flow/flow/event.go:337.2,338.10 2 1
github.com/Bilibotter/light-flow/flow/event.go:334.19,335.47 1 0
github.com/Bilibotter/light-flow/flow/event.go:341.63,344.2 2 1
github.com/Bilibotter/light-flow/flow/event.go:346.68,349.2 2 1
github.com/Bilibotter/light-flow/flow/event.go:351.35,355.2 3 1
github.com/Bilibotter/light-flow/flow/event.go:357.51,358.15 1 1
github.com/Bilibotter/light-flow/flow/event.go:363.2,363.29 1 1
github.com/Bilibotter/light-flow/flow/event.go:366.2,366.52 1 1
github.com/Bilibotter/light-flow/flow/event.go:358.15,359.31 1 1
github.com/Bilibotter/light-flow/flow/event.go:359.31,361.4 1 1
github.com/Bilibotter/light-flow/flow/event.go:363.29,365.3 1 1
github.com/Bilibotter/light-flow/flow/event.go:366.52,367.22 1 1
github.com/Bilibotter/light-flow/flow/event.go:367.22,369.4 1 0
github.com/Bilibotter/light-flow/flow/event.go:373.52,374.15 1 1
github.com/Bilibotter/light-flow/flow/event.go:379.2,379.52 1 1
github.com/Bilibotter/light-flow/flow/event.go:374.15,375.31 1 1
github.com/Bilibotter/light-flow/flow/event.go:375.31,377.4 1 1
github.com/Bilibotter/light-flow/flow/event.go:379.52,380.22 1 1
github.com/Bilibotter/light-flow/flow/event.go:380.22,382.4 1 0
github.com/Bilibotter/light-flow/flow/event.go:386.36,387.20 1 1
github.com/Bilibotter/light-flow/flow/event.go:390.2,390.11 1 0
github.com/Bilibotter/light-flow/flow/event.go:387.20,389.3 1 1
github.com/Bilibotter/light-flow/flow/event.go:393.33,395.2 1 1
github.com/Bilibotter/light-flow/flow/event.go:397.41,399.2 1 1
github.com/Bilibotter/light-flow/flow/event.go:401.38,403.2 1 1
github.com/Bilibotter/light-flow/flow/event.go:405.40,407.2 1 1
github.com/Bilibotter/light-flow/flow/event.go:409.40,411.2 1 1
github.com/Bilibotter/light-flow/flow/event.go:413.40,415.2 1 1
github.com/Bilibotter/light-flow/flow/event.go:417.43,419.2 1 1
github.com/Bilibotter/light-flow/flow/event.go:421.52,423.2 1 1
github.com/Bilibotter/light-flow/flow/event.go:425.48,427.2 1 1
github.com/Bilibotter/light-flow/flow/event.go:429.37,430.24 1 1
github.com/Bilibotter/light-flow/flow/event.go:431.16,432.33 1 0
github.com/Bilibotter/light-flow/flow/event.go:433.19,434.40 1 0
github.com/Bilibotter/light-flow/flow/event.go:435.16,436.37 1 1
github.com/Bilibotter/light-flow/flow/event.go:437.10,438.12 1 0
github.com/Bilibotter/light-flow/flow/event.go:442.39,443.24 1 1
github.com/Bilibotter/light-flow/flow/event.go:444.16,445.35 1 0
github.com/Bilibotter/light-flow/flow/event.go:446.19,447.42 1 1
github.com/Bilibotter/light-flow/flow/event.go:448.16,449.39 1 1
github.com/Bilibotter/light-flow/flow/event.go:450.10,451.12 1 0
github.com/Bilibotter/light-flow/flow/event.go:455.40,456.24 1 1
github.com/Bilibotter/light-flow/flow/event.go:457.19,458.38 1 1
github.com/Bilibotter/light-flow/flow/event.go:459.16,460.42 1 1
github.com/Bilibotter/light-flow/flow/event.go:461.10,462.12 1 0
github.com/Bilibotter/light-flow/flow/event.go:466.42,467.24 1 1
github.com/Bilibotter/light-flow/flow/event.go:468.19,469.36 1 1
github.com/Bilibotter/light-flow/flow/event.go:470.16,471.40 1 1
github.com/Bilibotter/light-flow/flow/event.go:472.10,473.12 1 0
github.com/Bilibotter/light-flow/flow/event.go:477.49,478.24 1 0
github.com/Bilibotter/light-flow/flow/event.go:479.19,480.40 1 0
github.com/Bilibotter/light-flow/flow/event.go:481.16,482.37 1 0
github.com/Bilibotter/light-flow/flow/event.go:483.10,484.20 1 0
github.com/Bilibotter/light-flow/flow/event.go:488.46,489.22 1 1
github.com/Bilibotter/light-flow/flow/event.go:492.2,492.24 1 1
github.com/Bilibotter/light-flow/flow/event.go:489.22,491.3 1 1
github.com/Bilibotter/light-flow/flow/config.go:44.40,51.2 1 1
github.com/Bilibotter/light-flow/flow/config.go:53.33,55.2 1 1
github.com/Bilibotter/light-flow/flow/config.go:57.31,59.2 1 1
github.com/Bilibotter/light-flow/flow/config.go:61.49,62.22 1 1
github.com/Bilibotter/light-flow/flow/config.go:65.2,66.10 2 1
github.com/Bilibotter/light-flow/flow/config.go:62.22,63.109 1 0
github.com/Bilibotter/light-flow/flow/config.go:69.50,72.2 2 1
github.com/Bilibotter/light-flow/flow/config.go:74.43,75.29 1 1
github.com/Bilibotter/light-flow/flow/config.go:78.2,78.42 1 0
github.com/Bilibotter/light-flow/flow/config.go:75.29,77.3 1 1
github.com/Bilibotter/light-flow/flow/config.go:81.79,84.2 2 1
github.com/Bilibotter/light-flow/flow/config.go:86.69,90.2 3 1
github.com/Bilibotter/light-flow/flow/config.go:92.50,96.2 3 1
github.com/Bilibotter/light-flow/flow/event_enum.go:43.37,44.11 1 1
github.com/Bilibotter/light-flow/flow/event_enum.go:45.17,46.16 1 1
github.com/Bilibotter/light-flow/flow/event_enum.go:47.17,48.19 1 1
github.com/Bilibotter/light-flow/flow/event_enum.go:49.17,50.16 1 1
github.com/Bilibotter/light-flow/flow/event_enum.go:51.10,52.19 1 0
github.com/Bilibotter/light-flow/flow/event_enum.go:56.37,57.11 1 1
github.com/Bilibotter/light-flow/flow/event_enum.go:58.18,59.20 1 1
github.com/Bilibotter/light-flow/flow/event_enum.go:60.17,61.19 1 1
github.com/Bilibotter/light-flow/flow/event_enum.go:62.17,63.19 1 1
github.com/Bilibotter/light-flow/flow/event_enum.go:64.17,65.19 1 1
github.com/Bilibotter/light-flow/flow/event_enum.go:66.18,67.20 1 1
github.com/Bilibotter/light-flow/flow/event_enum.go:68.10,69.19 1 0
github.com/Bilibotter/light-flow/flow/event_enum.go:73.37,74.11 1 1
github.com/Bilibotter/light-flow/flow/event_enum.go:75.17,76.16 1 0
github.com/Bilibotter/light-flow/flow/event_enum.go:77.17,78.16 1 0
github.com/Bilibotter/light-flow/flow/event_enum.go:79.17,80.19 1 0
github.com/Bilibotter/light-flow/flow/event_enum.go:81.18,82.17 1 1
github.com/Bilibotter/light-flow/flow/event_enum.go:83.18,84.17 1 0
github.com/Bilibotter/light-flow/flow/event_enum.go:85.10,86.19 1 0
github.com/Bilibotter/light-flow/flow/condition.go:46.27,48.2 1 1
github.com/Bilibotter/light-flow/flow/condition.go:50.41,53.28 3 1
github.com/Bilibotter/light-flow/flow/condition.go:53.28,55.3 1 1
github.com/Bilibotter/light-flow/flow/condition.go:58.41,61.28 3 1
github.com/Bilibotter/light-flow/flow/condition.go:61.28,63.3 1 1
github.com/Bilibotter/light-flow/flow/condition.go:66.57,68.36 2 1
github.com/Bilibotter/light-flow/flow/condition.go:68.36,70.13 2 1
github.com/Bilibotter/light-flow/flow/condition.go:73.3,73.16 1 1
github.com/Bilibotter/light-flow/flow/condition.go:78.3,78.19 1 1
github.com/Bilibotter/light-flow/flow/condition.go:70.13,72.4 1 1
github.com/Bilibotter/light-flow/flow/condition.go:73.16,74.32 1 1
github.com/Bilibotter/light-flow/flow/condition.go:74.32,76.5 1 1
github.com/Bilibotter/light-flow/flow/condition.go:82.40,83.34 1 1
github.com/Bilibotter/light-flow/flow/condition.go:83.34,84.31 1 1
github.com/Bilibotter/light-flow/flow/condition.go:114.3,114.15 1 0
github.com/Bilibotter/light-flow/flow/condition.go:85.17,86.31 1 1
github.com/Bilibotter/light-flow/flow/condition.go:87.18,88.43 1 1
github.com/Bilibotter/light-flow/flow/condition.go:91.19,92.44 1 1
github.com/Bilibotter/light-flow/flow/condition.go:95.16,96.39 1 1
github.com/Bilibotter/light-flow/flow/condition.go:99.16,100.39 1 1
github.com/Bilibotter/light-flow/flow/condition.go:103.39,104.38 1 1
github.com/Bilibotter/light-flow/flow/condition.go:107.44,108.40 1 1
github.com/Bilibotter/light-flow/flow/condition.go:111.11,112.24 1 1
github.com/Bilibotter/light-flow/flow/condition.go:88.43,90.5 1 1
github.com/Bilibotter/light-flow/flow/condition.go:92.44,94.5 1 1
github.com/Bilibotter/light-flow/flow/condition.go:96.39,98.5 1 1
github.com/Bilibotter/light-flow/flow/condition.go:100.39,102.5 1 1
github.com/Bilibotter/light-flow/flow/condition.go:104.38,106.5 1 1
github.com/Bilibotter/light-flow/flow/condition.go:108.40,110.5 1 1
github.com/Bilibotter/light-flow/flow/condition.go:118.40,120.34 2 1
github.com/Bilibotter/light-flow/flow/condition.go:120.34,122.3 1 1
github.com/Bilibotter/light-flow/flow/condition.go:125.40,126.34 1 1
github.com/Bilibotter/light-flow/flow/condition.go:126.34,127.31 1 1
github.com/Bilibotter/light-flow/flow/condition.go:153.3,153.9 1 1
github.com/Bilibotter/light-flow/flow/condition.go:128.19,129.30 1 1
github.com/Bilibotter/light-flow/flow/condition.go:130.18,131.43 1 1
github.com/Bilibotter/light-flow/flow/condition.go:134.19,135.44 1 1
github.com/Bilibotter/light-flow/flow/condition.go:138.39,139.38 1 1
github.com/Bilibotter/light-flow/flow/condition.go:142.44,143.40 1 1
github.com/Bilibotter/light-flow/flow/condition.go:146.25,147.42 1 1
github.com/Bilibotter/light-flow/flow/condition.go:150.11,151.15 1 1
github.com/Bilibotter/light-flow/flow/condition.go:131.43,133.5 1 1
github.com/Bilibotter/light-flow/flow/condition.go:135.44,137.5 1 1
github.com/Bilibotter/light-flow/flow/condition.go:139.38,141.5 1 1
github.com/Bilibotter/light-flow/flow/condition.go:143.40,145.5 1 1
github.com/Bilibotter/light-flow/flow/condition.go:147.42,149.5 1 1
github.com/Bilibotter/light-flow/flow/condition.go:157.58,159.36 2 1
github.com/Bilibotter/light-flow/flow/condition.go:163.2,163.36 1 1
github.com/Bilibotter/light-flow/flow/condition.go:170.2,170.10 1 1
github.com/Bilibotter/light-flow/flow/condition.go:174.2,174.27 1 1
github.com/Bilibotter/light-flow/flow/condition.go:177.2,178.36 2 1
github.com/Bilibotter/light-flow/flow/condition.go:181.2,181.36 1 1
github.com/Bilibotter/light-flow/flow/condition.go:186.2,186.8 1 1
github.com/Bilibotter/light-flow/flow/condition.go:159.36,161.3 1 1
github.com/Bilibotter/light-flow/flow/condition.go:163.36,164.12 1 1
github.com/Bilibotter/light-flow/flow/condition.go:167.3,167.29 1 1
github.com/Bilibotter/light-flow/flow/condition.go:164.12,165.9 1 1
github.com/Bilibotter/light-flow/flow/condition.go:170.10,172.3 1 1
github.com/Bilibotter/light-flow/flow/condition.go:174.27,176.3 1 1
github.com/Bilibotter/light-flow/flow/condition.go:178.36,180.3 1 1
github.com/Bilibotter/light-flow/flow/condition.go:181.36,182.40 1 1
github.com/Bilibotter/light-flow/flow/condition.go:182.40,184.4 1 0
github.com/Bilibotter/light-flow/flow/condition.go:189.53,190.24 1 1
github.com/Bilibotter/light-flow/flow/condition.go:193.2,193.33 1 1
github.com/Bilibotter/light-flow/flow/condition.go:205.2,205.8 1 1
github.com/Bilibotter/light-flow/flow/condition.go:190.24,192.3 1 1
github.com/Bilibotter/light-flow/flow/condition.go:193.33,195.30 2 1
github.com/Bilibotter/light-flow/flow/condition.go:201.3,201.11 1 1
github.com/Bilibotter/light-flow/flow/condition.go:195.30,196.19 1 1
github.com/Bilibotter/light-flow/flow/condition.go:196.19,198.10 2 1
github.com/Bilibotter/light-flow/flow/condition.go:201.11,203.4 1 1
github.com/Bilibotter/light-flow/flow/condition.go:208.69,209.36 1 1
github.com/Bilibotter/light-flow/flow/condition.go:209.36,211.13 2 1
github.com/Bilibotter/light-flow/flow/condition.go:214.3,214.16 1 1
github.com/Bilibotter/light-flow/flow/condition.go:219.3,219.18 1 1
github.com/Bilibotter/light-flow/flow/condition.go:211.13,213.4 1 1
github.com/Bilibotter/light-flow/flow/condition.go:214.16,215.32 1 1
github.com/Bilibotter/light-flow/flow/condition.go:215.32,217.5 1 1
github.com/Bilibotter/light-flow/flow/condition.go:223.71,226.35 3 1
github.com/Bilibotter/light-flow/flow/condition.go:236.2,236.10 1 1
github.com/Bilibotter/light-flow/flow/condition.go:226.35,227.35 1 1
github.com/Bilibotter/light-flow/flow/condition.go:228.15,229.41 1 1
github.com/Bilibotter/light-flow/flow/condition.go:230.36,231.54 1 0
github.com/Bilibotter/light-flow/flow/condition.go:232.11,233.83 1 0
github.com/Bilibotter/light-flow/flow/condition.go:239.64,241.2 1 1
github.com/Bilibotter/light-flow/flow/condition.go:243.65,245.2 1 1
github.com/Bilibotter/light-flow/flow/condition.go:247.64,249.2 1 1
github.com/Bilibotter/light-flow/flow/condition.go:251.65,253.2 1 1
github.com/Bilibotter/light-flow/flow/condition.go:255.64,257.2 1 1
github.com/Bilibotter/light-flow/flow/condition.go:259.65,261.2 1 1
github.com/Bilibotter/light-flow/flow/condition.go:263.69,264.24 1 1
github.com/Bilibotter/light-flow/flow/condition.go:267.2,267.36 1 1
github.com/Bilibotter/light-flow/flow/condition.go:275.2,276.10 2 1
github.com/Bilibotter/light-flow/flow/condition.go:264.24,266.3 1 1
github.com/Bilibotter/light-flow/flow/condition.go:267.36,268.16 1 1
github.com/Bilibotter/light-flow/flow/condition.go:273.3,273.17 1 1
github.com/Bilibotter/light-flow/flow/condition.go:268.16,269.32 1 1
github.com/Bilibotter/light-flow/flow/condition.go:269.32,271.5 1 1
github.com/Bilibotter/light-flow/flow/condition.go:279.40,280.63 1 1
github.com/Bilibotter/light-flow/flow/condition.go:283.2,284.10 2 1
github.com/Bilibotter/light-flow/flow/condition.go:280.63,281.97 1 1
github.com/Bilibotter/light-flow/flow/condition.go:287.90,288.24 1 1
github.com/Bilibotter/light-flow/flow/condition.go:292.2,292.44 1 1
github.com/Bilibotter/light-flow/flow/condition.go:298.2,298.23 1 1
github.com/Bilibotter/light-flow/flow/condition.go:306.2,306.18 1 1
github.com/Bilibotter/light-flow/flow/condition.go:322.2,322.10 1 1
github.com/Bilibotter/light-flow/flow/condition.go:288.24,290.3 1 1
github.com/Bilibotter/light-flow/flow/condition.go:292.44,294.3 1 1
github.com/Bilibotter/light-flow/flow/condition.go:294.8,296.3 1 1
github.com/Bilibotter/light-flow/flow/condition.go:299.24,300.43 1 1
github.com/Bilibotter/light-flow/flow/condition.go:301.38,302.41 1 1
github.com/Bilibotter/light-flow/flow/condition.go:303.43,304.42 1 1
github.com/Bilibotter/light-flow/flow/condition.go:307.12,308.90 1 1
github.com/Bilibotter/light-flow/flow/condition.go:309.13,310.84 1 1
github.com/Bilibotter/light-flow/flow/condition.go:311.12,312.90 1 1
github.com/Bilibotter/light-flow/flow/condition.go:313.13,314.91 1 1
github.com/Bilibotter/light-flow/flow/condition.go:315.12,316.90 1 1
github.com/Bilibotter/light-flow/flow/condition.go:317.13,318.91 1 1
github.com/Bilibotter/light-flow/flow/condition.go:319.10,320.79 1 0
github.com/Bilibotter/light-flow/flow/condition.go:325.49,328.2 2 1
